#
# A fatal error has been detected by the Java Runtime Environment:
#
#  SIGSEGV (0xb) at pc=0xb4addd2a, pid=6146, tid=3066665792
#
# JRE version: 6.0_26-b03
# Java VM: Java HotSpot(TM) Client VM (20.1-b02 mixed mode linux-x86 )
# Problematic frame:
# j  java.lang.String.getBytes()[B+0
#
# If you would like to submit a bug report, please visit:
#   http://java.sun.com/webapps/bugreport/crash.jsp
#

---------------  T H R E A D  ---------------

Current thread (0xb6b05800):  JavaThread "main" [_thread_in_Java, id=6147, stack(0xb6c49000,0xb6c9a000)]

siginfo:si_signo=SIGSEGV: si_errno=0, si_code=1 (SEGV_MAPERR), si_addr=0x6b616e53

Registers:
EAX=0x78000000, EBX=0x00000008, ECX=0x6b616e53, EDX=0x0000000c
ESP=0xb6c98588, EBP=0xb6c985a8, ESI=0xb0a4a861, EDI=0xb6c985b0
EIP=0xb4addd2a, EFLAGS=0x00010246, CR2=0x6b616e53

Top of Stack: (sp=0xb6c98588)
0xb6c98588:   b6c98588 b0a4a860 b6c985b0 b0ab5f90
0xb6c98598:   00000000 b0a4a878 00000000 b6c985b0
0xb6c985a8:   b6c985c8 b4ace366 6b616e53 01ffffff
0xb6c985b8:   00001f80 b71c7430 b6b05b10 00000001
0xb6c985c8:   b6c98678 b6f12c61 b6c98630 b6c98804
0xb6c985d8:   0000000a b0a4a878 b4ad7390 b6c98734
0xb6c985e8:   00000001 b6b05800 00000001 b6c98610
0xb6c985f8:   b6c98630 b6b05b0c b6c98804 01b05b14 

Instructions: (pc=0xb4addd2a)
0xb4addd0a:   0f 85 b0 05 ff ff 8b 75 e4 8b 7d e8 c3 0f b7 56
0xb4addd1a:   01 8b 4d ec c1 e2 02 8b 5c 91 1c 8b 44 91 20 59
0xb4addd2a:   3b 01 c1 e8 1c 83 e0 0f 0f 85 0a 00 00 00 0f be
0xb4addd3a:   04 19 50 e9 a1 00 00 00 83 f8 03 0f 85 09 00 00 

Register to memory mapping:

EAX=0x78000000 is an unknown value
EBX=0x00000008 is an unknown value
ECX=0x6b616e53 is an unknown value
EDX=0x0000000c is an unknown value
ESP=0xb6c98588 is pointing into the stack for thread: 0xb6b05800
EBP=0xb6c985a8 is pointing into the stack for thread: 0xb6b05800
ESI=0xb0a4a861 is an oop
{constMethod} 
 - klass: {other class}
 - method:       0xb0a4a878 {method} 'getBytes' '()[B' in 'java/lang/String'
 - exceptions:   0xb0a41188
bci_from(0xb0a4a861) = 1; print_codes():
EDI=0xb6c985b0 is pointing into the stack for thread: 0xb6b05800


Stack: [0xb6c49000,0xb6c9a000],  sp=0xb6c98588,  free space=317k
Native frames: (J=compiled Java code, j=interpreted, Vv=VM code, C=native code)
j  java.lang.String.getBytes()[B+0
v  ~StubRoutines::call_stub
V  [libjvm.so+0x24cc61]  AsyncGetCallTrace+0x6f441
V  [libjvm.so+0x38d288]  __int128+0x25b8
V  [libjvm.so+0x24ca8f]  AsyncGetCallTrace+0x6f26f
V  [libjvm.so+0x281227]  JNI_GetCreatedJavaVMs+0x817
V  [libjvm.so+0x260f4e]  AsyncGetCallTrace+0x8372e
C  [liblwjgl.so+0x31d50]  JNI_OnUnload+0x230
C  [liblwjgl.so+0x434c5]  Java_org_lwjgl_opengl_LinuxDisplay_nSetTitle+0x35
j  org.lwjgl.opengl.LinuxDisplay.nSetTitle(JJJI)V+0
j  org.lwjgl.opengl.LinuxDisplay.setTitle(Ljava/lang/String;)V+24
j  org.lwjgl.opengl.Display.setTitle(Ljava/lang/String;)V+29
j  org.lwjgl.opengl.Display.createWindow()V+101
j  org.lwjgl.opengl.Display.create(Lorg/lwjgl/opengl/PixelFormat;Lorg/lwjgl/opengl/Drawable;Lorg/lwjgl/opengl/ContextAttribs;)V+72
j  org.lwjgl.opengl.Display.create(Lorg/lwjgl/opengl/PixelFormat;)V+12
j  org.lwjgl.opengl.Display.create()V+7
j  net.scage.handlers.RendererLib$class.initgl(Lnet/scage/handlers/RendererLib;IILjava/lang/String;)V+45
j  net.scage.handlers.RendererLib$.initgl(IILjava/lang/String;)V+4
j  net.scage.ScreenApp.main([Ljava/lang/String;)V+34
j  su.msk.dunno.scage.tutorials.snake.Snake.main([Ljava/lang/String;)V+4
v  ~StubRoutines::call_stub
V  [libjvm.so+0x24cc61]  AsyncGetCallTrace+0x6f441
V  [libjvm.so+0x38d288]  __int128+0x25b8
V  [libjvm.so+0x24ca8f]  AsyncGetCallTrace+0x6f26f
V  [libjvm.so+0x3bccf5]  JVM_handle_linux_signal+0x2ccc5
V  [libjvm.so+0x3c00b7]  JVM_handle_linux_signal+0x30087
V  [libjvm.so+0x2cc69f]  JVM_InvokeMethod+0x1ff
C  [libjava.so+0x151f4]  Java_sun_reflect_NativeMethodAccessorImpl_invoke0+0x34
j  sun.reflect.NativeMethodAccessorImpl.invoke0(Ljava/lang/reflect/Method;Ljava/lang/Object;[Ljava/lang/Object;)Ljava/lang/Object;+0
j  sun.reflect.NativeMethodAccessorImpl.invoke(Ljava/lang/Object;[Ljava/lang/Object;)Ljava/lang/Object;+87
j  sun.reflect.DelegatingMethodAccessorImpl.invoke(Ljava/lang/Object;[Ljava/lang/Object;)Ljava/lang/Object;+6
j  java.lang.reflect.Method.invoke(Ljava/lang/Object;[Ljava/lang/Object;)Ljava/lang/Object;+161
j  com.intellij.rt.execution.application.AppMain.main([Ljava/lang/String;)V+140
v  ~StubRoutines::call_stub
V  [libjvm.so+0x24cc61]  AsyncGetCallTrace+0x6f441
V  [libjvm.so+0x38d288]  __int128+0x25b8
V  [libjvm.so+0x24ca8f]  AsyncGetCallTrace+0x6f26f
V  [libjvm.so+0x280fd4]  JNI_GetCreatedJavaVMs+0x5c4
V  [libjvm.so+0x2705fc]  AsyncGetCallTrace+0x92ddc
C  [java+0x1b98]  JavaMain+0x2c8
C  [libpthread.so.0+0x6ce8]  short+0xd8


---------------  P R O C E S S  ---------------

Java Threads: ( => current thread )
  0x9fb39000 JavaThread "AWT-XAWT" daemon [_thread_blocked, id=6158, stack(0x9f820000,0x9f871000)]
  0x9fd95400 JavaThread "Java2D Disposer" daemon [_thread_blocked, id=6157, stack(0x9f887000,0x9f8d8000)]
  0x9fd77800 JavaThread "Monitor Ctrl-Break" daemon [_thread_in_native, id=6155, stack(0x9fe29000,0x9fe7a000)]
  0xb6b64c00 JavaThread "Low Memory Detector" daemon [_thread_blocked, id=6153, stack(0xa042e000,0xa047f000)]
  0xb6b63000 JavaThread "C1 CompilerThread0" daemon [_thread_blocked, id=6152, stack(0xa047f000,0xa0500000)]
  0xb6b61800 JavaThread "Signal Dispatcher" daemon [_thread_blocked, id=6151, stack(0xa0609000,0xa065a000)]
  0xb6b53000 JavaThread "Finalizer" daemon [_thread_blocked, id=6150, stack(0xa065a000,0xa06ab000)]
  0xb6b51c00 JavaThread "Reference Handler" daemon [_thread_blocked, id=6149, stack(0xa06ab000,0xa06fc000)]
=>0xb6b05800 JavaThread "main" [_thread_in_Java, id=6147, stack(0xb6c49000,0xb6c9a000)]

Other Threads:
  0xb6b4e000 VMThread [stack: 0xa06fc000,0xa077d000] [id=6148]
  0xb6b67000 WatcherThread [stack: 0x9ff4e000,0x9ffcf000] [id=6154]

VM state:not at safepoint (normal execution)

VM Mutex/Monitor currently owned by a thread: None

Heap
 def new generation   total 4928K, used 2274K [0xa0a40000, 0xa0f90000, 0xa5f90000)
  eden space 4416K,  48% used [0xa0a40000, 0xa0c59f10, 0xa0e90000)
  from space 512K,  24% used [0xa0f10000, 0xa0f2eb98, 0xa0f90000)
  to   space 512K,   0% used [0xa0e90000, 0xa0e90000, 0xa0f10000)
 tenured generation   total 10944K, used 422K [0xa5f90000, 0xa6a40000, 0xb0a40000)
   the space 10944K,   3% used [0xa5f90000, 0xa5ff9b98, 0xa5ff9c00, 0xa6a40000)
 compacting perm gen  total 12288K, used 11952K [0xb0a40000, 0xb1640000, 0xb4a40000)
   the space 12288K,  97% used [0xb0a40000, 0xb15ec030, 0xb15ec200, 0xb1640000)
No shared spaces configured.

Code Cache  [0xb4ace000, 0xb4b8e000, 0xb6ace000)
 total_blobs=397 nmethods=175 adapters=158 free_code_cache=32777600 largest_free_block=0

Dynamic libraries:
08048000-08052000 r-xp 00000000 08:16 1123788    /opt/java/jre/bin/java
08052000-08053000 rwxp 00009000 08:16 1123788    /opt/java/jre/bin/java
098cf000-098f0000 rwxp 00000000 00:00 0          [heap]
9e4ea000-9e506000 r-xp 00000000 08:16 1000828    /usr/lib/libgcc_s.so.1
9e506000-9e507000 rwxp 0001b000 08:16 1000828    /usr/lib/libgcc_s.so.1
9e507000-9e5e3000 r-xp 00000000 08:16 66740      /usr/lib/libstdc++.so.6.0.17
9e5e3000-9e5e7000 r-xp 000dc000 08:16 66740      /usr/lib/libstdc++.so.6.0.17
9e5e7000-9e5e8000 rwxp 000e0000 08:16 66740      /usr/lib/libstdc++.so.6.0.17
9e5e8000-9e5ef000 rwxp 00000000 00:00 0 
9e5ef000-9e615000 r-xp 00000000 08:16 73699      /usr/lib/libexpat.so.1.6.0
9e615000-9e616000 ---p 00026000 08:16 73699      /usr/lib/libexpat.so.1.6.0
9e616000-9e618000 r-xp 00026000 08:16 73699      /usr/lib/libexpat.so.1.6.0
9e618000-9e619000 rwxp 00028000 08:16 73699      /usr/lib/libexpat.so.1.6.0
9e619000-9f495000 r-xp 00000000 08:16 352273     /usr/lib/xorg/modules/dri/r300_dri.so
9f495000-9f4de000 r-xp 00e7b000 08:16 352273     /usr/lib/xorg/modules/dri/r300_dri.so
9f4de000-9f4e4000 rwxp 00ec4000 08:16 352273     /usr/lib/xorg/modules/dri/r300_dri.so
9f4e4000-9f6c5000 rwxp 00000000 00:00 0 
9f6c5000-9f6d0000 r-xp 00000000 08:16 72855      /usr/lib/libdrm.so.2.4.0
9f6d0000-9f6d1000 r-xp 0000a000 08:16 72855      /usr/lib/libdrm.so.2.4.0
9f6d1000-9f6d2000 rwxp 0000b000 08:16 72855      /usr/lib/libdrm.so.2.4.0
9f6d2000-9f6d6000 r-xp 00000000 08:16 73412      /usr/lib/libXxf86vm.so.1.0.0
9f6d6000-9f6d7000 r-xp 00003000 08:16 73412      /usr/lib/libXxf86vm.so.1.0.0
9f6d7000-9f6d8000 rwxp 00004000 08:16 73412      /usr/lib/libXxf86vm.so.1.0.0
9f6d8000-9f6ef000 r-xp 00000000 08:16 72413      /usr/lib/libxcb-glx.so.0.0.0
9f6ef000-9f6f0000 r-xp 00017000 08:16 72413      /usr/lib/libxcb-glx.so.0.0.0
9f6f0000-9f6f1000 rwxp 00018000 08:16 72413      /usr/lib/libxcb-glx.so.0.0.0
9f6f1000-9f742000 r-xp 00000000 08:16 73631      /usr/lib/libGL.so.1.2
9f742000-9f744000 r-xp 00050000 08:16 73631      /usr/lib/libGL.so.1.2
9f744000-9f749000 rwxp 00052000 08:16 73631      /usr/lib/libGL.so.1.2
9f76e000-9f771000 ---p 00000000 00:00 0 
9f771000-9f7bf000 rwxp 00000000 00:00 0 
9f7bf000-9f81d000 r-xp 00000000 08:17 8390689    /home/andrey/java/workspace-scala/scage-projects/snake/target/native/linux/liblwjgl.so
9f81d000-9f81e000 ---p 0005e000 08:17 8390689    /home/andrey/java/workspace-scala/scage-projects/snake/target/native/linux/liblwjgl.so
9f81e000-9f81f000 r-xp 0005e000 08:17 8390689    /home/andrey/java/workspace-scala/scage-projects/snake/target/native/linux/liblwjgl.so
9f81f000-9f820000 rwxp 0005f000 08:17 8390689    /home/andrey/java/workspace-scala/scage-projects/snake/target/native/linux/liblwjgl.so
9f820000-9f823000 ---p 00000000 00:00 0 
9f823000-9f871000 rwxp 00000000 00:00 0          [stack:6158]
9f871000-9f87a000 r-xp 00000000 08:16 1016216    /usr/lib/libXrender.so.1.3.0
9f87a000-9f87b000 r-xp 00008000 08:16 1016216    /usr/lib/libXrender.so.1.3.0
9f87b000-9f87c000 rwxp 00009000 08:16 1016216    /usr/lib/libXrender.so.1.3.0
9f87c000-9f885000 r-xp 00000000 08:16 1016226    /usr/lib/libXcursor.so.1.0.2
9f885000-9f886000 r-xp 00008000 08:16 1016226    /usr/lib/libXcursor.so.1.0.2
9f886000-9f887000 rwxp 00009000 08:16 1016226    /usr/lib/libXcursor.so.1.0.2
9f887000-9f88a000 ---p 00000000 00:00 0 
9f88a000-9f8d8000 rwxp 00000000 00:00 0          [stack:6157]
9f8d8000-9f951000 r-xp 00000000 08:16 1123756    /opt/java/jre/lib/i386/libfontmanager.so
9f951000-9f95b000 rwxp 00078000 08:16 1123756    /opt/java/jre/lib/i386/libfontmanager.so
9f95b000-9f960000 rwxp 00000000 00:00 0 
9f960000-9f980000 r-xp 00000000 08:16 72455      /usr/lib/libxcb.so.1.1.0
9f980000-9f981000 r-xp 0001f000 08:16 72455      /usr/lib/libxcb.so.1.1.0
9f981000-9f982000 rwxp 00020000 08:16 72455      /usr/lib/libxcb.so.1.1.0
9f982000-9f990000 r-xp 00000000 08:16 1000506    /usr/lib/libXi.so.6.1.0
9f990000-9f991000 r-xp 0000d000 08:16 1000506    /usr/lib/libXi.so.6.1.0
9f991000-9f992000 rwxp 0000e000 08:16 1000506    /usr/lib/libXi.so.6.1.0
9f992000-9fac4000 r-xp 00000000 08:16 1000437    /usr/lib/libX11.so.6.3.0
9fac4000-9fac5000 r-xp 00131000 08:16 1000437    /usr/lib/libX11.so.6.3.0
9fac5000-9fac8000 rwxp 00132000 08:16 1000437    /usr/lib/libX11.so.6.3.0
9fac8000-9fad9000 r-xp 00000000 08:16 1001134    /usr/lib/libXext.so.6.4.0
9fad9000-9fada000 r-xp 00010000 08:16 1001134    /usr/lib/libXext.so.6.4.0
9fada000-9fadb000 rwxp 00011000 08:16 1001134    /usr/lib/libXext.so.6.4.0
9fae1000-9faf0000 r-xp 00000000 08:16 999580     /usr/lib/libglapi.so.0.0.0
9faf0000-9faf2000 r-xp 0000f000 08:16 999580     /usr/lib/libglapi.so.0.0.0
9faf2000-9faf7000 rwxp 00011000 08:16 999580     /usr/lib/libglapi.so.0.0.0
9faf7000-9fafe000 r-xp 00000000 08:16 1000666    /usr/lib/libXrandr.so.2.2.0
9fafe000-9faff000 r-xp 00006000 08:16 1000666    /usr/lib/libXrandr.so.2.2.0
9faff000-9fb00000 rwxp 00007000 08:16 1000666    /usr/lib/libXrandr.so.2.2.0
9fb00000-9fbc4000 rwxp 00000000 00:00 0 
9fbc4000-9fc00000 ---p 00000000 00:00 0 
9fc01000-9fc02000 r-xp 00000000 08:16 1000438    /usr/lib/libX11-xcb.so.1.0.0
9fc02000-9fc03000 r-xp 00000000 08:16 1000438    /usr/lib/libX11-xcb.so.1.0.0
9fc03000-9fc04000 rwxp 00001000 08:16 1000438    /usr/lib/libX11-xcb.so.1.0.0
9fc04000-9fc06000 r-xp 00000000 08:16 73419      /usr/lib/libXdamage.so.1.1.0
9fc06000-9fc07000 r-xp 00001000 08:16 73419      /usr/lib/libXdamage.so.1.1.0
9fc07000-9fc08000 rwxp 00002000 08:16 73419      /usr/lib/libXdamage.so.1.1.0
9fc08000-9fc09000 r-xp 00000000 08:16 1123762    /opt/java/jre/lib/i386/libjawt.so
9fc09000-9fc0a000 rwxp 00000000 08:16 1123762    /opt/java/jre/lib/i386/libjawt.so
9fc0a000-9fc4d000 r-xp 00000000 08:16 1123775    /opt/java/jre/lib/i386/xawt/libmawt.so
9fc4d000-9fc4f000 rwxp 00043000 08:16 1123775    /opt/java/jre/lib/i386/xawt/libmawt.so
9fc4f000-9fc50000 rwxp 00000000 00:00 0 
9fc50000-9fcd5000 r-xp 00000000 08:16 1123754    /opt/java/jre/lib/i386/libawt.so
9fcd5000-9fcdc000 rwxp 00085000 08:16 1123754    /opt/java/jre/lib/i386/libawt.so
9fcdc000-9fd00000 rwxp 00000000 00:00 0 
9fd00000-9fe00000 rwxp 00000000 00:00 0 
9fe00000-9fe04000 r-xp 00000000 08:16 73416      /usr/lib/libXfixes.so.3.1.0
9fe04000-9fe05000 r-xp 00003000 08:16 73416      /usr/lib/libXfixes.so.3.1.0
9fe05000-9fe06000 rwxp 00004000 08:16 73416      /usr/lib/libXfixes.so.3.1.0
9fe06000-9fe0b000 r-xp 00000000 08:16 72393      /usr/lib/libXdmcp.so.6.0.0
9fe0b000-9fe0c000 r-xp 00004000 08:16 72393      /usr/lib/libXdmcp.so.6.0.0
9fe0c000-9fe0d000 rwxp 00005000 08:16 72393      /usr/lib/libXdmcp.so.6.0.0
9fe0d000-9fe12000 r-xp 00000000 08:16 1002938    /usr/lib/libXtst.so.6.1.0
9fe12000-9fe13000 r-xp 00004000 08:16 1002938    /usr/lib/libXtst.so.6.1.0
9fe13000-9fe14000 rwxp 00005000 08:16 1002938    /usr/lib/libXtst.so.6.1.0
9fe14000-9fe28000 r-xp 00000000 08:16 1123743    /opt/java/jre/lib/i386/libnet.so
9fe28000-9fe29000 rwxp 00013000 08:16 1123743    /opt/java/jre/lib/i386/libnet.so
9fe29000-9fe2c000 ---p 00000000 00:00 0 
9fe2c000-9fe7a000 rwxp 00000000 00:00 0          [stack:6155]
9fe7a000-9fe7c000 r-xs 00013000 08:17 10223707   /home/andrey/java/idea-IC-117.418/lib/idea_rt.jar
9fe7c000-9fe7e000 r-xs 0000d000 08:17 5833258    /home/andrey/.m2/repository/jcraft/jorbis/0.0.15/jorbis-0.0.15.jar
9fe7e000-9fe7f000 r-xs 00002000 08:17 5833254    /home/andrey/.m2/repository/jcraft/jogg/0.0.7/jogg-0.0.7.jar
9fe7f000-9fe81000 r-xs 00008000 08:17 5833172    /home/andrey/.m2/repository/ibxm/ibxm/unknown/ibxm-unknown.jar
9fe81000-9fe82000 r-xs 00001000 08:17 6931942    /home/andrey/.m2/repository/javax/jnlp/jnlp/1.2/jnlp-1.2.jar
9fe82000-9fe83000 r-xs 00038000 08:17 5842785    /home/andrey/.m2/repository/org/lwjgl/lwjgl-native/2.1.0/lwjgl-native-2.1.0-win32.jar
9fe83000-9fe85000 r-xs 00019000 08:17 6931959    /home/andrey/.m2/repository/phys2d/phys2d/060408/phys2d-060408.jar
9fe85000-9fe90000 r-xs 00093000 08:17 5857808    /home/andrey/.m2/repository/slick/slick/274/slick-274.jar
9fe90000-9fe94000 r-xs 00027000 08:17 6022007    /home/andrey/.m2/repository/org/lwjgl/lwjgl-util/2.8.2/lwjgl-util-2.8.2.jar
9fe94000-9fe95000 r-xs 001ea000 08:17 6022005    /home/andrey/.m2/repository/org/lwjgl/lwjgl-native/2.8.2/lwjgl-native-2.8.2.jar
9fe95000-9fe9a000 r-xs 00030000 08:17 6022006    /home/andrey/.m2/repository/org/lwjgl/lwjgl-jinput/2.8.2/lwjgl-jinput-2.8.2.jar
9fe9a000-9fea7000 r-xs 000d5000 08:17 6022004    /home/andrey/.m2/repository/org/lwjgl/lwjgl/2.8.2/lwjgl-2.8.2.jar
9fea7000-9feb4000 r-xs 000cf000 08:17 8102776    /home/andrey/.m2/repository/org/scala-lang/scala-swing/2.9.1/scala-swing-2.9.1.jar
9feb4000-9feb6000 r-xs 00003000 08:17 6922525    /home/andrey/.m2/repository/com/weiglewilczek/slf4s/slf4s_2.9.1/1.0.7/slf4s_2.9.1-1.0.7.jar
9feb6000-9feb8000 r-xs 00005000 08:17 8119031    /home/andrey/.m2/repository/org/slf4j/slf4j-api/1.6.1/slf4j-api-1.6.1.jar
9feb8000-9fec0000 r-xs 00049000 08:17 8119493    /home/andrey/.m2/repository/ch/qos/logback/logback-core/1.0.0/logback-core-1.0.0.jar
9fec0000-9ff3d000 r-xs 007f2000 08:17 8118937    /home/andrey/.m2/repository/org/scala-lang/scala-library/2.9.1/scala-library-2.9.1.jar
9ff3d000-9ff4e000 r-xs 0034a000 08:16 1122627    /opt/java/jre/lib/deploy.jar
9ff4e000-9ff4f000 ---p 00000000 00:00 0 
9ff4f000-9ffcf000 rwxp 00000000 00:00 0          [stack:6154]
9ffcf000-a0100000 r-xp 001c4000 08:16 1008062    /usr/lib/locale/locale-archive
a0100000-a0300000 r-xp 00000000 08:16 1008062    /usr/lib/locale/locale-archive
a0300000-a0322000 rwxp 00000000 00:00 0 
a0322000-a0400000 ---p 00000000 00:00 0 
a0401000-a0403000 r-xp 00000000 08:16 72405      /usr/lib/libXau.so.6.0.0
a0403000-a0404000 r-xp 00001000 08:16 72405      /usr/lib/libXau.so.6.0.0
a0404000-a0405000 rwxp 00002000 08:16 72405      /usr/lib/libXau.so.6.0.0
a0405000-a0414000 r-xs 00667000 08:16 1122624    /opt/java/jre/lib/charsets.jar
a0414000-a041d000 r-xs 000d7000 08:16 1122626    /opt/java/jre/lib/javaws.jar
a041d000-a042e000 r-xs 001ad000 08:16 1122625    /opt/java/jre/lib/plugin.jar
a042e000-a0431000 ---p 00000000 00:00 0 
a0431000-a047f000 rwxp 00000000 00:00 0          [stack:6153]
a047f000-a0482000 ---p 00000000 00:00 0 
a0482000-a0500000 rwxp 00000000 00:00 0          [stack:6152]
a0500000-a05c5000 rwxp 00000000 00:00 0 
a05c5000-a0600000 ---p 00000000 00:00 0 
a0600000-a0601000 r-xp 00000000 08:17 10223991   /home/andrey/java/idea-IC-117.418/bin/libbreakgen.so
a0601000-a0602000 rwxp 00000000 08:17 10223991   /home/andrey/java/idea-IC-117.418/bin/libbreakgen.so
a0602000-a0609000 r-xs 00094000 08:16 1122623    /opt/java/jre/lib/jsse.jar
a0609000-a060c000 ---p 00000000 00:00 0 
a060c000-a065a000 rwxp 00000000 00:00 0          [stack:6151]
a065a000-a065d000 ---p 00000000 00:00 0 
a065d000-a06ab000 rwxp 00000000 00:00 0          [stack:6150]
a06ab000-a06ae000 ---p 00000000 00:00 0 
a06ae000-a06fc000 rwxp 00000000 00:00 0          [stack:6149]
a06fc000-a06fd000 ---p 00000000 00:00 0 
a06fd000-a07b1000 rwxp 00000000 00:00 0          [stack:6148]
a07b1000-a0949000 r-xs 03029000 08:16 1122622    /opt/java/jre/lib/rt.jar
a0949000-a094f000 rwxp 00000000 00:00 0 
a094f000-a099f000 rwxp 00000000 00:00 0 
a099f000-a09a2000 rwxp 00000000 00:00 0 
a09a2000-a09c9000 rwxp 00000000 00:00 0 
a09c9000-a09cf000 rwxp 00000000 00:00 0 
a09cf000-a0a1f000 rwxp 00000000 00:00 0 
a0a1f000-a0a25000 rwxp 00000000 00:00 0 
a0a25000-a0a3f000 rwxp 00000000 00:00 0 
a0a3f000-a0f90000 rwxp 00000000 00:00 0 
a0f90000-a5f90000 rwxp 00000000 00:00 0 
a5f90000-a6a40000 rwxp 00000000 00:00 0 
a6a40000-b0a40000 rwxp 00000000 00:00 0 
b0a40000-b1640000 rwxp 00000000 00:00 0 
b1640000-b4a40000 rwxp 00000000 00:00 0 
b4a40000-b4a46000 r-xs 00037000 08:17 8119495    /home/andrey/.m2/repository/ch/qos/logback/logback-classic/1.0.0/logback-classic-1.0.0.jar
b4a46000-b4a4e000 r-xs 00115000 08:16 1122588    /opt/java/jre/lib/resources.jar
b4a4e000-b4a51000 rwxp 00000000 00:00 0 
b4a51000-b4ace000 rwxp 00000000 00:00 0 
b4ace000-b4b8e000 rwxp 00000000 00:00 0 
b4b8e000-b6ace000 rwxp 00000000 00:00 0 
b6ace000-b6ad9000 r-xp 00000000 08:16 1311070    /lib/libnss_files-2.15.so
b6ad9000-b6ada000 r-xp 0000a000 08:16 1311070    /lib/libnss_files-2.15.so
b6ada000-b6adb000 rwxp 0000b000 08:16 1311070    /lib/libnss_files-2.15.so
b6adb000-b6adc000 r-xs 00000000 08:16 1122583    /opt/java/jre/lib/management-agent.jar
b6adc000-b6adf000 r-xs 00013000 08:16 1122571    /opt/java/jre/lib/jce.jar
b6adf000-b6ae6000 rwxp 00000000 00:00 0 
b6ae6000-b6bfa000 rwxp 00000000 00:00 0 
b6bfa000-b6c00000 ---p 00000000 00:00 0 
b6c00000-b6c0f000 r-xp 00000000 08:16 1123739    /opt/java/jre/lib/i386/libzip.so
b6c0f000-b6c11000 rwxp 0000e000 08:16 1123739    /opt/java/jre/lib/i386/libzip.so
b6c11000-b6c19000 rwxs 00000000 08:16 1305806    /tmp/hsperfdata_andrey/6146
b6c19000-b6c1a000 rwxp 00000000 00:00 0 
b6c1a000-b6c1b000 r-xp 00000000 00:00 0 
b6c1b000-b6c3e000 r-xp 00000000 08:16 1123738    /opt/java/jre/lib/i386/libjava.so
b6c3e000-b6c40000 rwxp 00023000 08:16 1123738    /opt/java/jre/lib/i386/libjava.so
b6c40000-b6c47000 r-xp 00000000 08:16 1310775    /lib/librt-2.15.so
b6c47000-b6c48000 r-xp 00006000 08:16 1310775    /lib/librt-2.15.so
b6c48000-b6c49000 rwxp 00007000 08:16 1310775    /lib/librt-2.15.so
b6c49000-b6c4c000 ---p 00000000 00:00 0 
b6c4c000-b6c9a000 rwxp 00000000 00:00 0          [stack:6147]
b6c9a000-b6cc4000 r-xp 00000000 08:16 1310864    /lib/libm-2.15.so
b6cc4000-b6cc5000 r-xp 00029000 08:16 1310864    /lib/libm-2.15.so
b6cc5000-b6cc6000 rwxp 0002a000 08:16 1310864    /lib/libm-2.15.so
b6cc6000-b71a7000 r-xp 00000000 08:16 1123781    /opt/java/jre/lib/i386/client/libjvm.so
b71a7000-b71ca000 rwxp 004e1000 08:16 1123781    /opt/java/jre/lib/i386/client/libjvm.so
b71ca000-b75e7000 rwxp 00000000 00:00 0 
b75e7000-b7782000 r-xp 00000000 08:16 1311055    /lib/libc-2.15.so
b7782000-b7784000 r-xp 0019b000 08:16 1311055    /lib/libc-2.15.so
b7784000-b7785000 rwxp 0019d000 08:16 1311055    /lib/libc-2.15.so
b7785000-b7789000 rwxp 00000000 00:00 0 
b7789000-b778c000 r-xp 00000000 08:16 1310837    /lib/libdl-2.15.so
b778c000-b778d000 r-xp 00002000 08:16 1310837    /lib/libdl-2.15.so
b778d000-b778e000 rwxp 00003000 08:16 1310837    /lib/libdl-2.15.so
b778e000-b7795000 r-xp 00000000 08:16 1123776    /opt/java/jre/lib/i386/jli/libjli.so
b7795000-b7797000 rwxp 00006000 08:16 1123776    /opt/java/jre/lib/i386/jli/libjli.so
b7797000-b77ae000 r-xp 00000000 08:16 1310762    /lib/libpthread-2.15.so
b77ae000-b77af000 r-xp 00016000 08:16 1310762    /lib/libpthread-2.15.so
b77af000-b77b0000 rwxp 00017000 08:16 1310762    /lib/libpthread-2.15.so
b77b0000-b77b2000 rwxp 00000000 00:00 0 
b77b2000-b77c7000 r-xp 00000000 08:16 1310871    /lib/libnsl-2.15.so
b77c7000-b77c8000 r-xp 00014000 08:16 1310871    /lib/libnsl-2.15.so
b77c8000-b77c9000 rwxp 00015000 08:16 1310871    /lib/libnsl-2.15.so
b77c9000-b77cb000 rwxp 00000000 00:00 0 
b77cb000-b77d6000 r-xp 00000000 08:16 1123737    /opt/java/jre/lib/i386/libverify.so
b77d6000-b77d7000 rwxp 0000b000 08:16 1123737    /opt/java/jre/lib/i386/libverify.so
b77d7000-b77d8000 rwxp 00000000 00:00 0 
b77d8000-b77d9000 r-xp 00000000 00:00 0          [vdso]
b77d9000-b77f9000 r-xp 00000000 08:16 1311075    /lib/ld-2.15.so
b77f9000-b77fa000 r-xp 0001f000 08:16 1311075    /lib/ld-2.15.so
b77fa000-b77fb000 rwxp 00020000 08:16 1311075    /lib/ld-2.15.so
bfd58000-bfd7a000 rwxp 00000000 00:00 0          [stack]

VM Arguments:
jvm_args: -Dscage.properties=snake.properties -Djava.library.path=target/native/linux -DLWJGL_DISABLE_XRANDR=true -Dfile.encoding=UTF-8 -Didea.launcher.port=7534 -Didea.launcher.bin.path=/home/andrey/java/idea-IC-117.418/bin 
java_command: com.intellij.rt.execution.application.AppMain su.msk.dunno.scage.tutorials.snake.Snake
Launcher Type: SUN_STANDARD

Environment Variables:
JAVA_HOME=/opt/java
CLASSPATH=../lib/bootstrap.jar:../lib/extensions.jar:../lib/util.jar:../lib/jdom.jar:../lib/log4j.jar:../lib/trove4j.jar:../lib/jna.jar:/opt/java/lib/tools.jar
PATH=/usr/lib/nx/bin:/usr/local/bin:/usr/bin:/bin:/usr/local/sbin:/usr/sbin:/sbin:/opt/android-sdk/platform-tools:/opt/android-sdk/tools:/opt/java/bin:/opt/java/db/bin:/opt/java/jre/bin:/usr/bin/vendor_perl:/usr/bin/core_perl
USERNAME=andrey
LD_LIBRARY_PATH=/opt/java/jre/lib/i386/client:/opt/java/jre/lib/i386:/opt/java/jre/../lib/i386:/home/andrey/java/idea-IC-117.418/bin:
SHELL=/bin/zsh
DISPLAY=:0.0

Signal Handlers:
SIGSEGV: [libjvm.so+0x469ec0], sa_mask[0]=0x7ffbfeff, sa_flags=0x10000004
SIGBUS: [libjvm.so+0x469ec0], sa_mask[0]=0x7ffbfeff, sa_flags=0x10000004
SIGFPE: [libjvm.so+0x38bf10], sa_mask[0]=0x7ffbfeff, sa_flags=0x10000004
SIGPIPE: [libjvm.so+0x38bf10], sa_mask[0]=0x7ffbfeff, sa_flags=0x10000004
SIGXFSZ: [libjvm.so+0x38bf10], sa_mask[0]=0x7ffbfeff, sa_flags=0x10000004
SIGILL: [libjvm.so+0x38bf10], sa_mask[0]=0x7ffbfeff, sa_flags=0x10000004
SIGUSR1: SIG_DFL, sa_mask[0]=0x00000000, sa_flags=0x00000000
SIGUSR2: [libjvm.so+0x38f150], sa_mask[0]=0x00000004, sa_flags=0x10000004
SIGHUP: [libjvm.so+0x38ed30], sa_mask[0]=0x7ffbfeff, sa_flags=0x10000004
SIGINT: [libjvm.so+0x38ed30], sa_mask[0]=0x7ffbfeff, sa_flags=0x10000004
SIGTERM: [libjvm.so+0x38ed30], sa_mask[0]=0x7ffbfeff, sa_flags=0x10000004
SIGQUIT: [libjvm.so+0x38ed30], sa_mask[0]=0x7ffbfeff, sa_flags=0x10000004


---------------  S Y S T E M  ---------------

OS:Linux
uname:Linux 3.4.2-2-ARCH #1 SMP PREEMPT Tue Jun 12 07:19:42 UTC 2012 i686
libc:glibc 2.15 NPTL 2.15 
rlimit: STACK 8192k, CORE 0k, NPROC 28305, NOFILE 4096, AS infinity
load average:1.51 1.82 2.00

/proc/meminfo:
MemTotal:        3626448 kB
MemFree:          817296 kB
Buffers:           25904 kB
Cached:           373004 kB
SwapCached:       150016 kB
Active:          1718532 kB
Inactive:         894976 kB
Active(anon):    1596308 kB
Inactive(anon):   631128 kB
Active(file):     122224 kB
Inactive(file):   263848 kB
Unevictable:         208 kB
Mlocked:             208 kB
HighTotal:       2760648 kB
HighFree:         344320 kB
LowTotal:         865800 kB
LowFree:          472976 kB
SwapTotal:       3963028 kB
SwapFree:        2649992 kB
Dirty:               812 kB
Writeback:             0 kB
AnonPages:       2128388 kB
Mapped:            99960 kB
Shmem:             12692 kB
Slab:              68804 kB
SReclaimable:      44508 kB
SUnreclaim:        24296 kB
KernelStack:        5504 kB
PageTables:        10596 kB
NFS_Unstable:          0 kB
Bounce:                0 kB
WritebackTmp:          0 kB
CommitLimit:     5776252 kB
Committed_AS:    8026040 kB
VmallocTotal:     122880 kB
VmallocUsed:       37264 kB
VmallocChunk:      25684 kB
HardwareCorrupted:     0 kB
AnonHugePages:   1564672 kB
HugePages_Total:       0
HugePages_Free:        0
HugePages_Rsvd:        0
HugePages_Surp:        0
Hugepagesize:       4096 kB
DirectMap4k:       12280 kB
DirectMap4M:      897024 kB


CPU:total 2 (2 cores per cpu, 1 threads per core) family 15 model 6 stepping 2, cmov, cx8, fxsr, mmx, sse, sse2, sse3

/proc/cpuinfo:
processor	: 0
vendor_id	: GenuineIntel
cpu family	: 15
model		: 6
model name	: Intel(R) Pentium(R) D CPU 3.00GHz
stepping	: 2
microcode	: 0xf
cpu MHz		: 3014.400
cache size	: 2048 KB
physical id	: 0
siblings	: 2
core id		: 0
cpu cores	: 2
apicid		: 0
initial apicid	: 0
fdiv_bug	: no
hlt_bug		: no
f00f_bug	: no
coma_bug	: no
fpu		: yes
fpu_exception	: yes
cpuid level	: 6
wp		: yes
flags		: fpu vme de pse tsc msr pae mce cx8 apic sep mtrr pge mca cmov pat pse36 clflush dts acpi mmx fxsr sse sse2 ss ht tm pbe nx lm constant_tsc pebs bts pni dtes64 monitor ds_cpl vmx cid cx16 xtpr pdcm lahf_lm tpr_shadow
bogomips	: 6031.00
clflush size	: 64
cache_alignment	: 128
address sizes	: 36 bits physical, 48 bits virtual
power management:

processor	: 1
vendor_id	: GenuineIntel
cpu family	: 15
model		: 6
model name	: Intel(R) Pentium(R) D CPU 3.00GHz
stepping	: 2
microcode	: 0xf
cpu MHz		: 3014.400
cache size	: 2048 KB
physical id	: 0
siblings	: 2
core id		: 1
cpu cores	: 2
apicid		: 1
initial apicid	: 1
fdiv_bug	: no
hlt_bug		: no
f00f_bug	: no
coma_bug	: no
fpu		: yes
fpu_exception	: yes
cpuid level	: 6
wp		: yes
flags		: fpu vme de pse tsc msr pae mce cx8 apic sep mtrr pge mca cmov pat pse36 clflush dts acpi mmx fxsr sse sse2 ss ht tm pbe nx lm constant_tsc pebs bts pni dtes64 monitor ds_cpl vmx cid cx16 xtpr pdcm lahf_lm tpr_shadow
bogomips	: 6031.00
clflush size	: 64
cache_alignment	: 128
address sizes	: 36 bits physical, 48 bits virtual
power management:



Memory: 4k page, physical 3626448k(817172k free), swap 3963028k(2649992k free)

vm_info: Java HotSpot(TM) Client VM (20.1-b02) for linux-x86 JRE (1.6.0_26-b03), built on May  4 2011 01:23:42 by "java_re" with gcc 3.2.1-7a (J2SE release)

time: Mon Jun 25 12:24:33 2012
elapsed time: 1 seconds

