#
# A fatal error has been detected by the Java Runtime Environment:
#
#  SIGSEGV (0xb) at pc=0xb4a0fd2a, pid=6081, tid=3066235712
#
# JRE version: 6.0_26-b03
# Java VM: Java HotSpot(TM) Client VM (20.1-b02 mixed mode linux-x86 )
# Problematic frame:
# j  java.lang.String.getBytes()[B+0
#
# If you would like to submit a bug report, please visit:
#   http://java.sun.com/webapps/bugreport/crash.jsp
#

---------------  T H R E A D  ---------------

Current thread (0xb6a05800):  JavaThread "main" [_thread_in_Java, id=6082, stack(0xb6be0000,0xb6c31000)]

siginfo:si_signo=SIGSEGV: si_errno=0, si_code=1 (SEGV_MAPERR), si_addr=0x6e6e7552

Registers:
EAX=0x78000000, EBX=0x00000008, ECX=0x6e6e7552, EDX=0x0000000c
ESP=0xb6c2f588, EBP=0xb6c2f5a8, ESI=0xb098a861, EDI=0xb6c2f5b0
EIP=0xb4a0fd2a, EFLAGS=0x00010246, CR2=0x6e6e7552

Top of Stack: (sp=0xb6c2f588)
0xb6c2f588:   b6c2f588 b098a860 b6c2f5b0 b09f5f90
0xb6c2f598:   00000000 b098a878 00000000 b6c2f5b0
0xb6c2f5a8:   b6c2f5c8 b4a00366 6e6e7552 01ffffff
0xb6c2f5b8:   00001f80 b715e430 b6a05b18 00000001
0xb6c2f5c8:   b6c2f678 b6ea9c61 b6c2f630 b6c2f804
0xb6c2f5d8:   0000000a b098a878 b4a09390 b6c2f734
0xb6c2f5e8:   00000001 b6a05800 00000001 b6c2f610
0xb6c2f5f8:   b6c2f630 b6a05b14 b6c2f804 01a05b1c 

Instructions: (pc=0xb4a0fd2a)
0xb4a0fd0a:   0f 85 b0 05 ff ff 8b 75 e4 8b 7d e8 c3 0f b7 56
0xb4a0fd1a:   01 8b 4d ec c1 e2 02 8b 5c 91 1c 8b 44 91 20 59
0xb4a0fd2a:   3b 01 c1 e8 1c 83 e0 0f 0f 85 0a 00 00 00 0f be
0xb4a0fd3a:   04 19 50 e9 a1 00 00 00 83 f8 03 0f 85 09 00 00 

Register to memory mapping:

EAX=0x78000000 is an unknown value
EBX=0x00000008 is an unknown value
ECX=0x6e6e7552 is an unknown value
EDX=0x0000000c is an unknown value
ESP=0xb6c2f588 is pointing into the stack for thread: 0xb6a05800
EBP=0xb6c2f5a8 is pointing into the stack for thread: 0xb6a05800
ESI=0xb098a861 is an oop
{constMethod} 
 - klass: {other class}
 - method:       0xb098a878 {method} 'getBytes' '()[B' in 'java/lang/String'
 - exceptions:   0xb0981188
bci_from(0xb098a861) = 1; print_codes():
EDI=0xb6c2f5b0 is pointing into the stack for thread: 0xb6a05800


Stack: [0xb6be0000,0xb6c31000],  sp=0xb6c2f588,  free space=317k
Native frames: (J=compiled Java code, j=interpreted, Vv=VM code, C=native code)
j  java.lang.String.getBytes()[B+0
v  ~StubRoutines::call_stub
V  [libjvm.so+0x24cc61]  AsyncGetCallTrace+0x6f441
V  [libjvm.so+0x38d288]  __int128+0x25b8
V  [libjvm.so+0x24ca8f]  AsyncGetCallTrace+0x6f26f
V  [libjvm.so+0x281227]  JNI_GetCreatedJavaVMs+0x817
V  [libjvm.so+0x260f4e]  AsyncGetCallTrace+0x8372e
C  [liblwjgl.so+0x31d50]  JNI_OnUnload+0x230
C  [liblwjgl.so+0x434c5]  Java_org_lwjgl_opengl_LinuxDisplay_nSetTitle+0x35
j  org.lwjgl.opengl.LinuxDisplay.nSetTitle(JJJI)V+0
j  org.lwjgl.opengl.LinuxDisplay.setTitle(Ljava/lang/String;)V+24
j  org.lwjgl.opengl.Display.setTitle(Ljava/lang/String;)V+29
j  org.lwjgl.opengl.Display.createWindow()V+101
j  org.lwjgl.opengl.Display.create(Lorg/lwjgl/opengl/PixelFormat;Lorg/lwjgl/opengl/Drawable;Lorg/lwjgl/opengl/ContextAttribs;)V+72
j  org.lwjgl.opengl.Display.create(Lorg/lwjgl/opengl/PixelFormat;)V+12
j  org.lwjgl.opengl.Display.create()V+7
j  net.scage.handlers.RendererLib$class.initgl(Lnet/scage/handlers/RendererLib;IILjava/lang/String;)V+45
j  net.scage.handlers.RendererLib$.initgl(IILjava/lang/String;)V+4
j  net.scage.ScreenApp.main([Ljava/lang/String;)V+34
j  su.msk.dunno.runnegun.Runnegun.main([Ljava/lang/String;)V+4
v  ~StubRoutines::call_stub
V  [libjvm.so+0x24cc61]  AsyncGetCallTrace+0x6f441
V  [libjvm.so+0x38d288]  __int128+0x25b8
V  [libjvm.so+0x24ca8f]  AsyncGetCallTrace+0x6f26f
V  [libjvm.so+0x3bccf5]  JVM_handle_linux_signal+0x2ccc5
V  [libjvm.so+0x3c00b7]  JVM_handle_linux_signal+0x30087
V  [libjvm.so+0x2cc69f]  JVM_InvokeMethod+0x1ff
C  [libjava.so+0x151f4]  Java_sun_reflect_NativeMethodAccessorImpl_invoke0+0x34
j  sun.reflect.NativeMethodAccessorImpl.invoke0(Ljava/lang/reflect/Method;Ljava/lang/Object;[Ljava/lang/Object;)Ljava/lang/Object;+0
j  sun.reflect.NativeMethodAccessorImpl.invoke(Ljava/lang/Object;[Ljava/lang/Object;)Ljava/lang/Object;+87
j  sun.reflect.DelegatingMethodAccessorImpl.invoke(Ljava/lang/Object;[Ljava/lang/Object;)Ljava/lang/Object;+6
j  java.lang.reflect.Method.invoke(Ljava/lang/Object;[Ljava/lang/Object;)Ljava/lang/Object;+161
j  com.intellij.rt.execution.application.AppMain.main([Ljava/lang/String;)V+140
v  ~StubRoutines::call_stub
V  [libjvm.so+0x24cc61]  AsyncGetCallTrace+0x6f441
V  [libjvm.so+0x38d288]  __int128+0x25b8
V  [libjvm.so+0x24ca8f]  AsyncGetCallTrace+0x6f26f
V  [libjvm.so+0x280fd4]  JNI_GetCreatedJavaVMs+0x5c4
V  [libjvm.so+0x2705fc]  AsyncGetCallTrace+0x92ddc
C  [java+0x1b98]  JavaMain+0x2c8
C  [libpthread.so.0+0x6ce8]  short+0xd8


---------------  P R O C E S S  ---------------

Java Threads: ( => current thread )
  0x9fdecc00 JavaThread "AWT-XAWT" daemon [_thread_in_native, id=6100, stack(0x9f7bd000,0x9f80e000)]
  0x9fd6c400 JavaThread "Java2D Disposer" daemon [_thread_blocked, id=6099, stack(0x9f81f000,0x9f870000)]
  0x9fd4a800 JavaThread "Monitor Ctrl-Break" daemon [_thread_in_native, id=6090, stack(0x9fcaf000,0x9fd00000)]
  0xb6a64c00 JavaThread "Low Memory Detector" daemon [_thread_blocked, id=6088, stack(0xa040d000,0xa045e000)]
  0xb6a63000 JavaThread "C1 CompilerThread0" daemon [_thread_blocked, id=6087, stack(0x9ff4e000,0x9ffcf000)]
  0xb6a61800 JavaThread "Signal Dispatcher" daemon [_thread_blocked, id=6086, stack(0xa045e000,0xa04af000)]
  0xb6a53000 JavaThread "Finalizer" daemon [_thread_blocked, id=6085, stack(0xa04af000,0xa0500000)]
  0xb6a51c00 JavaThread "Reference Handler" daemon [_thread_blocked, id=6084, stack(0xa0641000,0xa0692000)]
=>0xb6a05800 JavaThread "main" [_thread_in_Java, id=6082, stack(0xb6be0000,0xb6c31000)]

Other Threads:
  0xb6a4e000 VMThread [stack: 0xa0692000,0xa0713000] [id=6083]
  0xb6a67400 WatcherThread [stack: 0x9fecd000,0x9ff4e000] [id=6089]

VM state:not at safepoint (normal execution)

VM Mutex/Monitor currently owned by a thread: None

Heap
 def new generation   total 4928K, used 3716K [0xa0980000, 0xa0ed0000, 0xa5ed0000)
  eden space 4416K,  79% used [0xa0980000, 0xa0ced6a8, 0xa0dd0000)
  from space 512K,  40% used [0xa0e50000, 0xa0e83a20, 0xa0ed0000)
  to   space 512K,   0% used [0xa0dd0000, 0xa0dd0000, 0xa0e50000)
 tenured generation   total 10944K, used 381K [0xa5ed0000, 0xa6980000, 0xb0980000)
   the space 10944K,   3% used [0xa5ed0000, 0xa5f2f728, 0xa5f2f800, 0xa6980000)
 compacting perm gen  total 12544K, used 12343K [0xb0980000, 0xb15c0000, 0xb4980000)
   the space 12544K,  98% used [0xb0980000, 0xb158dde0, 0xb158de00, 0xb15c0000)
No shared spaces configured.

Code Cache  [0xb4a00000, 0xb4ac8000, 0xb6a00000)
 total_blobs=407 nmethods=179 adapters=164 free_code_cache=32757312 largest_free_block=0

Dynamic libraries:
08048000-08052000 r-xp 00000000 08:16 1123788    /opt/java/jre/bin/java
08052000-08053000 rwxp 00009000 08:16 1123788    /opt/java/jre/bin/java
09c17000-09c38000 rwxp 00000000 00:00 0          [heap]
9e374000-9e450000 r-xp 00000000 08:16 66740      /usr/lib/libstdc++.so.6.0.17
9e450000-9e454000 r-xp 000dc000 08:16 66740      /usr/lib/libstdc++.so.6.0.17
9e454000-9e455000 rwxp 000e0000 08:16 66740      /usr/lib/libstdc++.so.6.0.17
9e455000-9e45c000 rwxp 00000000 00:00 0 
9e45c000-9e482000 r-xp 00000000 08:16 73699      /usr/lib/libexpat.so.1.6.0
9e482000-9e483000 ---p 00026000 08:16 73699      /usr/lib/libexpat.so.1.6.0
9e483000-9e485000 r-xp 00026000 08:16 73699      /usr/lib/libexpat.so.1.6.0
9e485000-9e486000 rwxp 00028000 08:16 73699      /usr/lib/libexpat.so.1.6.0
9e4ab000-9f327000 r-xp 00000000 08:16 352273     /usr/lib/xorg/modules/dri/r300_dri.so
9f327000-9f370000 r-xp 00e7b000 08:16 352273     /usr/lib/xorg/modules/dri/r300_dri.so
9f370000-9f376000 rwxp 00ec4000 08:16 352273     /usr/lib/xorg/modules/dri/r300_dri.so
9f376000-9f557000 rwxp 00000000 00:00 0 
9f557000-9f562000 r-xp 00000000 08:16 72855      /usr/lib/libdrm.so.2.4.0
9f562000-9f563000 r-xp 0000a000 08:16 72855      /usr/lib/libdrm.so.2.4.0
9f563000-9f564000 rwxp 0000b000 08:16 72855      /usr/lib/libdrm.so.2.4.0
9f564000-9f568000 r-xp 00000000 08:16 73412      /usr/lib/libXxf86vm.so.1.0.0
9f568000-9f569000 r-xp 00003000 08:16 73412      /usr/lib/libXxf86vm.so.1.0.0
9f569000-9f56a000 rwxp 00004000 08:16 73412      /usr/lib/libXxf86vm.so.1.0.0
9f56a000-9f581000 r-xp 00000000 08:16 72413      /usr/lib/libxcb-glx.so.0.0.0
9f581000-9f582000 r-xp 00017000 08:16 72413      /usr/lib/libxcb-glx.so.0.0.0
9f582000-9f583000 rwxp 00018000 08:16 72413      /usr/lib/libxcb-glx.so.0.0.0
9f583000-9f5d4000 r-xp 00000000 08:16 73631      /usr/lib/libGL.so.1.2
9f5d4000-9f5d6000 r-xp 00050000 08:16 73631      /usr/lib/libGL.so.1.2
9f5d6000-9f5db000 rwxp 00052000 08:16 73631      /usr/lib/libGL.so.1.2
9f5e3000-9f5ff000 r-xp 00000000 08:16 1000828    /usr/lib/libgcc_s.so.1
9f5ff000-9f600000 rwxp 0001b000 08:16 1000828    /usr/lib/libgcc_s.so.1
9f600000-9f67c000 rwxp 00000000 00:00 0 
9f67c000-9f700000 ---p 00000000 00:00 0 
9f708000-9f709000 r-xp 00000000 08:16 1000438    /usr/lib/libX11-xcb.so.1.0.0
9f709000-9f70a000 r-xp 00000000 08:16 1000438    /usr/lib/libX11-xcb.so.1.0.0
9f70a000-9f70b000 rwxp 00001000 08:16 1000438    /usr/lib/libX11-xcb.so.1.0.0
9f70b000-9f70e000 ---p 00000000 00:00 0 
9f70e000-9f75c000 rwxp 00000000 00:00 0 
9f75c000-9f7ba000 r-xp 00000000 08:17 8397979    /home/andrey/java/workspace-scala/scage-projects/runnegun/target/native/linux/liblwjgl.so
9f7ba000-9f7bb000 ---p 0005e000 08:17 8397979    /home/andrey/java/workspace-scala/scage-projects/runnegun/target/native/linux/liblwjgl.so
9f7bb000-9f7bc000 r-xp 0005e000 08:17 8397979    /home/andrey/java/workspace-scala/scage-projects/runnegun/target/native/linux/liblwjgl.so
9f7bc000-9f7bd000 rwxp 0005f000 08:17 8397979    /home/andrey/java/workspace-scala/scage-projects/runnegun/target/native/linux/liblwjgl.so
9f7bd000-9f7c0000 ---p 00000000 00:00 0 
9f7c0000-9f80e000 rwxp 00000000 00:00 0          [stack:6100]
9f80e000-9f812000 r-xp 00000000 08:16 73416      /usr/lib/libXfixes.so.3.1.0
9f812000-9f813000 r-xp 00003000 08:16 73416      /usr/lib/libXfixes.so.3.1.0
9f813000-9f814000 rwxp 00004000 08:16 73416      /usr/lib/libXfixes.so.3.1.0
9f814000-9f81d000 r-xp 00000000 08:16 1016216    /usr/lib/libXrender.so.1.3.0
9f81d000-9f81e000 r-xp 00008000 08:16 1016216    /usr/lib/libXrender.so.1.3.0
9f81e000-9f81f000 rwxp 00009000 08:16 1016216    /usr/lib/libXrender.so.1.3.0
9f81f000-9f822000 ---p 00000000 00:00 0 
9f822000-9f870000 rwxp 00000000 00:00 0          [stack:6099]
9f870000-9f8e9000 r-xp 00000000 08:16 1123756    /opt/java/jre/lib/i386/libfontmanager.so
9f8e9000-9f8f3000 rwxp 00078000 08:16 1123756    /opt/java/jre/lib/i386/libfontmanager.so
9f8f3000-9f8f8000 rwxp 00000000 00:00 0 
9f8f8000-9f918000 r-xp 00000000 08:16 72455      /usr/lib/libxcb.so.1.1.0
9f918000-9f919000 r-xp 0001f000 08:16 72455      /usr/lib/libxcb.so.1.1.0
9f919000-9f91a000 rwxp 00020000 08:16 72455      /usr/lib/libxcb.so.1.1.0
9f91a000-9fa4c000 r-xp 00000000 08:16 1000437    /usr/lib/libX11.so.6.3.0
9fa4c000-9fa4d000 r-xp 00131000 08:16 1000437    /usr/lib/libX11.so.6.3.0
9fa4d000-9fa50000 rwxp 00132000 08:16 1000437    /usr/lib/libX11.so.6.3.0
9fa50000-9fad5000 r-xp 00000000 08:16 1123754    /opt/java/jre/lib/i386/libawt.so
9fad5000-9fadc000 rwxp 00085000 08:16 1123754    /opt/java/jre/lib/i386/libawt.so
9fadc000-9fb00000 rwxp 00000000 00:00 0 
9fb00000-9fb29000 rwxp 00000000 00:00 0 
9fb29000-9fc00000 ---p 00000000 00:00 0 
9fc01000-9fc0a000 r-xp 00000000 08:16 1016226    /usr/lib/libXcursor.so.1.0.2
9fc0a000-9fc0b000 r-xp 00008000 08:16 1016226    /usr/lib/libXcursor.so.1.0.2
9fc0b000-9fc0c000 rwxp 00009000 08:16 1016226    /usr/lib/libXcursor.so.1.0.2
9fc0c000-9fc1a000 r-xp 00000000 08:16 1000506    /usr/lib/libXi.so.6.1.0
9fc1a000-9fc1b000 r-xp 0000d000 08:16 1000506    /usr/lib/libXi.so.6.1.0
9fc1b000-9fc1c000 rwxp 0000e000 08:16 1000506    /usr/lib/libXi.so.6.1.0
9fc1c000-9fc2d000 r-xp 00000000 08:16 1001134    /usr/lib/libXext.so.6.4.0
9fc2d000-9fc2e000 r-xp 00010000 08:16 1001134    /usr/lib/libXext.so.6.4.0
9fc2e000-9fc2f000 rwxp 00011000 08:16 1001134    /usr/lib/libXext.so.6.4.0
9fc31000-9fc33000 r-xp 00000000 08:16 73419      /usr/lib/libXdamage.so.1.1.0
9fc33000-9fc34000 r-xp 00001000 08:16 73419      /usr/lib/libXdamage.so.1.1.0
9fc34000-9fc35000 rwxp 00002000 08:16 73419      /usr/lib/libXdamage.so.1.1.0
9fc35000-9fc44000 r-xp 00000000 08:16 999580     /usr/lib/libglapi.so.0.0.0
9fc44000-9fc46000 r-xp 0000f000 08:16 999580     /usr/lib/libglapi.so.0.0.0
9fc46000-9fc4b000 rwxp 00011000 08:16 999580     /usr/lib/libglapi.so.0.0.0
9fc4b000-9fc52000 r-xp 00000000 08:16 1000666    /usr/lib/libXrandr.so.2.2.0
9fc52000-9fc53000 r-xp 00006000 08:16 1000666    /usr/lib/libXrandr.so.2.2.0
9fc53000-9fc54000 rwxp 00007000 08:16 1000666    /usr/lib/libXrandr.so.2.2.0
9fc54000-9fc97000 r-xp 00000000 08:16 1123775    /opt/java/jre/lib/i386/xawt/libmawt.so
9fc97000-9fc99000 rwxp 00043000 08:16 1123775    /opt/java/jre/lib/i386/xawt/libmawt.so
9fc99000-9fc9a000 rwxp 00000000 00:00 0 
9fc9a000-9fcae000 r-xp 00000000 08:16 1123743    /opt/java/jre/lib/i386/libnet.so
9fcae000-9fcaf000 rwxp 00013000 08:16 1123743    /opt/java/jre/lib/i386/libnet.so
9fcaf000-9fcb2000 ---p 00000000 00:00 0 
9fcb2000-9fd00000 rwxp 00000000 00:00 0          [stack:6090]
9fd00000-9fdff000 rwxp 00000000 00:00 0 
9fdff000-9fe00000 ---p 00000000 00:00 0 
9fe00000-9fe01000 r-xp 00000000 08:16 1123762    /opt/java/jre/lib/i386/libjawt.so
9fe01000-9fe02000 rwxp 00000000 08:16 1123762    /opt/java/jre/lib/i386/libjawt.so
9fe02000-9fe07000 r-xp 00000000 08:16 72393      /usr/lib/libXdmcp.so.6.0.0
9fe07000-9fe08000 r-xp 00004000 08:16 72393      /usr/lib/libXdmcp.so.6.0.0
9fe08000-9fe09000 rwxp 00005000 08:16 72393      /usr/lib/libXdmcp.so.6.0.0
9fe09000-9fe0b000 r-xp 00000000 08:16 72405      /usr/lib/libXau.so.6.0.0
9fe0b000-9fe0c000 r-xp 00001000 08:16 72405      /usr/lib/libXau.so.6.0.0
9fe0c000-9fe0d000 rwxp 00002000 08:16 72405      /usr/lib/libXau.so.6.0.0
9fe0d000-9fe12000 r-xp 00000000 08:16 1002938    /usr/lib/libXtst.so.6.1.0
9fe12000-9fe13000 r-xp 00004000 08:16 1002938    /usr/lib/libXtst.so.6.1.0
9fe13000-9fe14000 rwxp 00005000 08:16 1002938    /usr/lib/libXtst.so.6.1.0
9fe14000-9fe16000 r-xs 00013000 08:17 10223707   /home/andrey/java/idea-IC-117.418/lib/idea_rt.jar
9fe16000-9fe18000 r-xs 0000d000 08:17 5833258    /home/andrey/.m2/repository/jcraft/jorbis/0.0.15/jorbis-0.0.15.jar
9fe18000-9fe19000 r-xs 00002000 08:17 5833254    /home/andrey/.m2/repository/jcraft/jogg/0.0.7/jogg-0.0.7.jar
9fe19000-9fe1b000 r-xs 00008000 08:17 5833172    /home/andrey/.m2/repository/ibxm/ibxm/unknown/ibxm-unknown.jar
9fe1b000-9fe1c000 r-xs 00001000 08:17 6931942    /home/andrey/.m2/repository/javax/jnlp/jnlp/1.2/jnlp-1.2.jar
9fe1c000-9fe1d000 r-xs 00038000 08:17 5842785    /home/andrey/.m2/repository/org/lwjgl/lwjgl-native/2.1.0/lwjgl-native-2.1.0-win32.jar
9fe1d000-9fe1f000 r-xs 00019000 08:17 6931959    /home/andrey/.m2/repository/phys2d/phys2d/060408/phys2d-060408.jar
9fe1f000-9fe2a000 r-xs 00093000 08:17 5857808    /home/andrey/.m2/repository/slick/slick/274/slick-274.jar
9fe2a000-9fe2e000 r-xs 00027000 08:17 6022007    /home/andrey/.m2/repository/org/lwjgl/lwjgl-util/2.8.2/lwjgl-util-2.8.2.jar
9fe2e000-9fe3b000 r-xs 000d5000 08:17 6022004    /home/andrey/.m2/repository/org/lwjgl/lwjgl/2.8.2/lwjgl-2.8.2.jar
9fe3b000-9fe48000 r-xs 000cf000 08:17 8102776    /home/andrey/.m2/repository/org/scala-lang/scala-swing/2.9.1/scala-swing-2.9.1.jar
9fe48000-9fe50000 r-xs 00049000 08:17 8119493    /home/andrey/.m2/repository/ch/qos/logback/logback-core/1.0.0/logback-core-1.0.0.jar
9fe50000-9fecd000 r-xs 007f2000 08:17 8118937    /home/andrey/.m2/repository/org/scala-lang/scala-library/2.9.1/scala-library-2.9.1.jar
9fecd000-9fece000 ---p 00000000 00:00 0 
9fece000-9ff4e000 rwxp 00000000 00:00 0          [stack:6089]
9ff4e000-9ff51000 ---p 00000000 00:00 0 
9ff51000-9ffcf000 rwxp 00000000 00:00 0          [stack:6087]
9ffcf000-a0100000 r-xp 001c4000 08:16 1008062    /usr/lib/locale/locale-archive
a0100000-a0300000 r-xp 00000000 08:16 1008062    /usr/lib/locale/locale-archive
a0300000-a0323000 rwxp 00000000 00:00 0 
a0323000-a0400000 ---p 00000000 00:00 0 
a0401000-a0402000 r-xs 001ea000 08:17 6022005    /home/andrey/.m2/repository/org/lwjgl/lwjgl-native/2.8.2/lwjgl-native-2.8.2.jar
a0402000-a0407000 r-xs 00030000 08:17 6022006    /home/andrey/.m2/repository/org/lwjgl/lwjgl-jinput/2.8.2/lwjgl-jinput-2.8.2.jar
a0407000-a040d000 r-xs 00037000 08:17 8119495    /home/andrey/.m2/repository/ch/qos/logback/logback-classic/1.0.0/logback-classic-1.0.0.jar
a040d000-a0410000 ---p 00000000 00:00 0 
a0410000-a045e000 rwxp 00000000 00:00 0          [stack:6088]
a045e000-a0461000 ---p 00000000 00:00 0 
a0461000-a04af000 rwxp 00000000 00:00 0          [stack:6086]
a04af000-a04b2000 ---p 00000000 00:00 0 
a04b2000-a0500000 rwxp 00000000 00:00 0          [stack:6085]
a0500000-a0600000 rwxp 00000000 00:00 0 
a0601000-a0602000 r-xp 00000000 08:17 10223991   /home/andrey/java/idea-IC-117.418/bin/libbreakgen.so
a0602000-a0603000 rwxp 00000000 08:17 10223991   /home/andrey/java/idea-IC-117.418/bin/libbreakgen.so
a0603000-a0614000 r-xs 0034a000 08:16 1122627    /opt/java/jre/lib/deploy.jar
a0614000-a0623000 r-xs 00667000 08:16 1122624    /opt/java/jre/lib/charsets.jar
a0623000-a0624000 r-xs 00000000 08:16 1122583    /opt/java/jre/lib/management-agent.jar
a0624000-a0627000 r-xs 00013000 08:16 1122571    /opt/java/jre/lib/jce.jar
a0627000-a0630000 r-xs 000d7000 08:16 1122626    /opt/java/jre/lib/javaws.jar
a0630000-a0641000 r-xs 001ad000 08:16 1122625    /opt/java/jre/lib/plugin.jar
a0641000-a0644000 ---p 00000000 00:00 0 
a0644000-a0692000 rwxp 00000000 00:00 0          [stack:6084]
a0692000-a0693000 ---p 00000000 00:00 0 
a0693000-a0747000 rwxp 00000000 00:00 0          [stack:6083]
a0747000-a08df000 r-xs 03029000 08:16 1122622    /opt/java/jre/lib/rt.jar
a08df000-a08e2000 rwxp 00000000 00:00 0 
a08e2000-a0909000 rwxp 00000000 00:00 0 
a0909000-a090f000 rwxp 00000000 00:00 0 
a090f000-a095f000 rwxp 00000000 00:00 0 
a095f000-a0966000 rwxp 00000000 00:00 0 
a0966000-a097f000 rwxp 00000000 00:00 0 
a097f000-a0ed0000 rwxp 00000000 00:00 0 
a0ed0000-a5ed0000 rwxp 00000000 00:00 0 
a5ed0000-a6980000 rwxp 00000000 00:00 0 
a6980000-b0980000 rwxp 00000000 00:00 0 
b0980000-b15c0000 rwxp 00000000 00:00 0 
b15c0000-b4980000 rwxp 00000000 00:00 0 
b4980000-b4984000 rwxp 00000000 00:00 0 
b4984000-b4a00000 rwxp 00000000 00:00 0 
b4a00000-b4ac8000 rwxp 00000000 00:00 0 
b4ac8000-b6aff000 rwxp 00000000 00:00 0 
b6aff000-b6b00000 ---p 00000000 00:00 0 
b6b00000-b6b07000 r-xs 00094000 08:16 1122623    /opt/java/jre/lib/jsse.jar
b6b07000-b6b0e000 rwxp 00000000 00:00 0 
b6b0e000-b6b28000 rwxp 00000000 00:00 0 
b6b28000-b6b2e000 rwxp 00000000 00:00 0 
b6b2e000-b6b7e000 rwxp 00000000 00:00 0 
b6b7e000-b6b89000 r-xp 00000000 08:16 1311070    /lib/libnss_files-2.15.so
b6b89000-b6b8a000 r-xp 0000a000 08:16 1311070    /lib/libnss_files-2.15.so
b6b8a000-b6b8b000 rwxp 0000b000 08:16 1311070    /lib/libnss_files-2.15.so
b6b8b000-b6b8d000 r-xs 00003000 08:17 6922525    /home/andrey/.m2/repository/com/weiglewilczek/slf4s/slf4s_2.9.1/1.0.7/slf4s_2.9.1-1.0.7.jar
b6b8d000-b6b8f000 r-xs 00005000 08:17 8119031    /home/andrey/.m2/repository/org/slf4j/slf4j-api/1.6.1/slf4j-api-1.6.1.jar
b6b8f000-b6b97000 r-xs 00115000 08:16 1122588    /opt/java/jre/lib/resources.jar
b6b97000-b6ba6000 r-xp 00000000 08:16 1123739    /opt/java/jre/lib/i386/libzip.so
b6ba6000-b6ba8000 rwxp 0000e000 08:16 1123739    /opt/java/jre/lib/i386/libzip.so
b6ba8000-b6bb0000 rwxs 00000000 08:16 1305806    /tmp/hsperfdata_andrey/6081
b6bb0000-b6bb1000 rwxp 00000000 00:00 0 
b6bb1000-b6bb2000 r-xp 00000000 00:00 0 
b6bb2000-b6bd5000 r-xp 00000000 08:16 1123738    /opt/java/jre/lib/i386/libjava.so
b6bd5000-b6bd7000 rwxp 00023000 08:16 1123738    /opt/java/jre/lib/i386/libjava.so
b6bd7000-b6bde000 r-xp 00000000 08:16 1310775    /lib/librt-2.15.so
b6bde000-b6bdf000 r-xp 00006000 08:16 1310775    /lib/librt-2.15.so
b6bdf000-b6be0000 rwxp 00007000 08:16 1310775    /lib/librt-2.15.so
b6be0000-b6be3000 ---p 00000000 00:00 0 
b6be3000-b6c31000 rwxp 00000000 00:00 0          [stack:6082]
b6c31000-b6c5b000 r-xp 00000000 08:16 1310864    /lib/libm-2.15.so
b6c5b000-b6c5c000 r-xp 00029000 08:16 1310864    /lib/libm-2.15.so
b6c5c000-b6c5d000 rwxp 0002a000 08:16 1310864    /lib/libm-2.15.so
b6c5d000-b713e000 r-xp 00000000 08:16 1123781    /opt/java/jre/lib/i386/client/libjvm.so
b713e000-b7161000 rwxp 004e1000 08:16 1123781    /opt/java/jre/lib/i386/client/libjvm.so
b7161000-b757e000 rwxp 00000000 00:00 0 
b757e000-b7719000 r-xp 00000000 08:16 1311055    /lib/libc-2.15.so
b7719000-b771b000 r-xp 0019b000 08:16 1311055    /lib/libc-2.15.so
b771b000-b771c000 rwxp 0019d000 08:16 1311055    /lib/libc-2.15.so
b771c000-b7720000 rwxp 00000000 00:00 0 
b7720000-b7723000 r-xp 00000000 08:16 1310837    /lib/libdl-2.15.so
b7723000-b7724000 r-xp 00002000 08:16 1310837    /lib/libdl-2.15.so
b7724000-b7725000 rwxp 00003000 08:16 1310837    /lib/libdl-2.15.so
b7725000-b772c000 r-xp 00000000 08:16 1123776    /opt/java/jre/lib/i386/jli/libjli.so
b772c000-b772e000 rwxp 00006000 08:16 1123776    /opt/java/jre/lib/i386/jli/libjli.so
b772e000-b7745000 r-xp 00000000 08:16 1310762    /lib/libpthread-2.15.so
b7745000-b7746000 r-xp 00016000 08:16 1310762    /lib/libpthread-2.15.so
b7746000-b7747000 rwxp 00017000 08:16 1310762    /lib/libpthread-2.15.so
b7747000-b7749000 rwxp 00000000 00:00 0 
b7749000-b775e000 r-xp 00000000 08:16 1310871    /lib/libnsl-2.15.so
b775e000-b775f000 r-xp 00014000 08:16 1310871    /lib/libnsl-2.15.so
b775f000-b7760000 rwxp 00015000 08:16 1310871    /lib/libnsl-2.15.so
b7760000-b7762000 rwxp 00000000 00:00 0 
b7762000-b776d000 r-xp 00000000 08:16 1123737    /opt/java/jre/lib/i386/libverify.so
b776d000-b776e000 rwxp 0000b000 08:16 1123737    /opt/java/jre/lib/i386/libverify.so
b776e000-b776f000 rwxp 00000000 00:00 0 
b776f000-b7770000 r-xp 00000000 00:00 0          [vdso]
b7770000-b7790000 r-xp 00000000 08:16 1311075    /lib/ld-2.15.so
b7790000-b7791000 r-xp 0001f000 08:16 1311075    /lib/ld-2.15.so
b7791000-b7792000 rwxp 00020000 08:16 1311075    /lib/ld-2.15.so
bffab000-bffcd000 rwxp 00000000 00:00 0          [stack]

VM Arguments:
jvm_args: -Dscage.properties=runnegun.properties -Djava.library.path=target/native/linux -DLWJGL_DISABLE_XRANDR=true -Dfile.encoding=UTF-8 -Didea.launcher.port=7532 -Didea.launcher.bin.path=/home/andrey/java/idea-IC-117.418/bin 
java_command: com.intellij.rt.execution.application.AppMain su.msk.dunno.runnegun.Runnegun
Launcher Type: SUN_STANDARD

Environment Variables:
JAVA_HOME=/opt/java
CLASSPATH=../lib/bootstrap.jar:../lib/extensions.jar:../lib/util.jar:../lib/jdom.jar:../lib/log4j.jar:../lib/trove4j.jar:../lib/jna.jar:/opt/java/lib/tools.jar
PATH=/usr/lib/nx/bin:/usr/local/bin:/usr/bin:/bin:/usr/local/sbin:/usr/sbin:/sbin:/opt/android-sdk/platform-tools:/opt/android-sdk/tools:/opt/java/bin:/opt/java/db/bin:/opt/java/jre/bin:/usr/bin/vendor_perl:/usr/bin/core_perl
USERNAME=andrey
LD_LIBRARY_PATH=/opt/java/jre/lib/i386/client:/opt/java/jre/lib/i386:/opt/java/jre/../lib/i386:/home/andrey/java/idea-IC-117.418/bin:
SHELL=/bin/zsh
DISPLAY=:0.0

Signal Handlers:
SIGSEGV: [libjvm.so+0x469ec0], sa_mask[0]=0x7ffbfeff, sa_flags=0x10000004
SIGBUS: [libjvm.so+0x469ec0], sa_mask[0]=0x7ffbfeff, sa_flags=0x10000004
SIGFPE: [libjvm.so+0x38bf10], sa_mask[0]=0x7ffbfeff, sa_flags=0x10000004
SIGPIPE: [libjvm.so+0x38bf10], sa_mask[0]=0x7ffbfeff, sa_flags=0x10000004
SIGXFSZ: [libjvm.so+0x38bf10], sa_mask[0]=0x7ffbfeff, sa_flags=0x10000004
SIGILL: [libjvm.so+0x38bf10], sa_mask[0]=0x7ffbfeff, sa_flags=0x10000004
SIGUSR1: SIG_DFL, sa_mask[0]=0x00000000, sa_flags=0x00000000
SIGUSR2: [libjvm.so+0x38f150], sa_mask[0]=0x00000004, sa_flags=0x10000004
SIGHUP: [libjvm.so+0x38ed30], sa_mask[0]=0x7ffbfeff, sa_flags=0x10000004
SIGINT: [libjvm.so+0x38ed30], sa_mask[0]=0x7ffbfeff, sa_flags=0x10000004
SIGTERM: [libjvm.so+0x38ed30], sa_mask[0]=0x7ffbfeff, sa_flags=0x10000004
SIGQUIT: [libjvm.so+0x38ed30], sa_mask[0]=0x7ffbfeff, sa_flags=0x10000004


---------------  S Y S T E M  ---------------

OS:Linux
uname:Linux 3.4.2-2-ARCH #1 SMP PREEMPT Tue Jun 12 07:19:42 UTC 2012 i686
libc:glibc 2.15 NPTL 2.15 
rlimit: STACK 8192k, CORE 0k, NPROC 28305, NOFILE 4096, AS infinity
load average:1.66 1.99 2.07

/proc/meminfo:
MemTotal:        3626448 kB
MemFree:          857868 kB
Buffers:           24468 kB
Cached:           350552 kB
SwapCached:       149040 kB
Active:          1698024 kB
Inactive:         874764 kB
Active(anon):    1578000 kB
Inactive(anon):   632524 kB
Active(file):     120024 kB
Inactive(file):   242240 kB
Unevictable:         208 kB
Mlocked:             208 kB
HighTotal:       2760648 kB
HighFree:         383172 kB
LowTotal:         865800 kB
LowFree:          474696 kB
SwapTotal:       3963028 kB
SwapFree:        2649000 kB
Dirty:               552 kB
Writeback:             0 kB
AnonPages:       2112492 kB
Mapped:            98324 kB
Shmem:             12692 kB
Slab:              68764 kB
SReclaimable:      44436 kB
SUnreclaim:        24328 kB
KernelStack:        5512 kB
PageTables:        10588 kB
NFS_Unstable:          0 kB
Bounce:                0 kB
WritebackTmp:          0 kB
CommitLimit:     5776252 kB
Committed_AS:    8025616 kB
VmallocTotal:     122880 kB
VmallocUsed:       37264 kB
VmallocChunk:      25684 kB
HardwareCorrupted:     0 kB
AnonHugePages:   1523712 kB
HugePages_Total:       0
HugePages_Free:        0
HugePages_Rsvd:        0
HugePages_Surp:        0
Hugepagesize:       4096 kB
DirectMap4k:       12280 kB
DirectMap4M:      897024 kB


CPU:total 2 (2 cores per cpu, 1 threads per core) family 15 model 6 stepping 2, cmov, cx8, fxsr, mmx, sse, sse2, sse3

/proc/cpuinfo:
processor	: 0
vendor_id	: GenuineIntel
cpu family	: 15
model		: 6
model name	: Intel(R) Pentium(R) D CPU 3.00GHz
stepping	: 2
microcode	: 0xf
cpu MHz		: 3014.400
cache size	: 2048 KB
physical id	: 0
siblings	: 2
core id		: 0
cpu cores	: 2
apicid		: 0
initial apicid	: 0
fdiv_bug	: no
hlt_bug		: no
f00f_bug	: no
coma_bug	: no
fpu		: yes
fpu_exception	: yes
cpuid level	: 6
wp		: yes
flags		: fpu vme de pse tsc msr pae mce cx8 apic sep mtrr pge mca cmov pat pse36 clflush dts acpi mmx fxsr sse sse2 ss ht tm pbe nx lm constant_tsc pebs bts pni dtes64 monitor ds_cpl vmx cid cx16 xtpr pdcm lahf_lm tpr_shadow
bogomips	: 6031.00
clflush size	: 64
cache_alignment	: 128
address sizes	: 36 bits physical, 48 bits virtual
power management:

processor	: 1
vendor_id	: GenuineIntel
cpu family	: 15
model		: 6
model name	: Intel(R) Pentium(R) D CPU 3.00GHz
stepping	: 2
microcode	: 0xf
cpu MHz		: 3014.400
cache size	: 2048 KB
physical id	: 0
siblings	: 2
core id		: 1
cpu cores	: 2
apicid		: 1
initial apicid	: 1
fdiv_bug	: no
hlt_bug		: no
f00f_bug	: no
coma_bug	: no
fpu		: yes
fpu_exception	: yes
cpuid level	: 6
wp		: yes
flags		: fpu vme de pse tsc msr pae mce cx8 apic sep mtrr pge mca cmov pat pse36 clflush dts acpi mmx fxsr sse sse2 ss ht tm pbe nx lm constant_tsc pebs bts pni dtes64 monitor ds_cpl vmx cid cx16 xtpr pdcm lahf_lm tpr_shadow
bogomips	: 6031.00
clflush size	: 64
cache_alignment	: 128
address sizes	: 36 bits physical, 48 bits virtual
power management:



Memory: 4k page, physical 3626448k(857868k free), swap 3963028k(2649000k free)

vm_info: Java HotSpot(TM) Client VM (20.1-b02) for linux-x86 JRE (1.6.0_26-b03), built on May  4 2011 01:23:42 by "java_re" with gcc 3.2.1-7a (J2SE release)

time: Mon Jun 25 12:23:11 2012
elapsed time: 2 seconds

