#
# A fatal error has been detected by the Java Runtime Environment:
#
#  SIGSEGV (0xb) at pc=0xb49c5d2a, pid=2946, tid=3065596736
#
# JRE version: 6.0_26-b03
# Java VM: Java HotSpot(TM) Client VM (20.1-b02 mixed mode linux-x86 )
# Problematic frame:
# j  java.lang.String.getBytes()[B+0
#
# If you would like to submit a bug report, please visit:
#   http://java.sun.com/webapps/bugreport/crash.jsp
#

---------------  T H R E A D  ---------------

Current thread (0xb6a05800):  JavaThread "main" [_thread_in_Java, id=2947, stack(0xb6b44000,0xb6b95000)]

siginfo:si_signo=SIGSEGV: si_errno=0, si_code=1 (SEGV_MAPERR), si_addr=0x6962724f

Registers:
EAX=0x78000000, EBX=0x00000008, ECX=0x6962724f, EDX=0x0000000c
ESP=0xb6b93588, EBP=0xb6b935a8, ESI=0xb093a861, EDI=0xb6b935b0
EIP=0xb49c5d2a, EFLAGS=0x00210246, CR2=0x6962724f

Top of Stack: (sp=0xb6b93588)
0xb6b93588:   b6b93588 b093a860 b6b935b0 b09a5f90
0xb6b93598:   00000000 b093a878 00000000 b6b935b0
0xb6b935a8:   b6b935c8 b49b6366 6962724f 01ffffff
0xb6b935b8:   00001f80 b70d6430 b6a05b20 00000001
0xb6b935c8:   b6b93678 b6e21c61 b6b93630 b6b93804
0xb6b935d8:   0000000a b093a878 b49bf390 b6b93734
0xb6b935e8:   00000001 b6a05800 00000001 b6b93610
0xb6b935f8:   b6b93630 b6a05b1c b6b93804 01a05b24 

Instructions: (pc=0xb49c5d2a)
0xb49c5d0a:   0f 85 b0 05 ff ff 8b 75 e4 8b 7d e8 c3 0f b7 56
0xb49c5d1a:   01 8b 4d ec c1 e2 02 8b 5c 91 1c 8b 44 91 20 59
0xb49c5d2a:   3b 01 c1 e8 1c 83 e0 0f 0f 85 0a 00 00 00 0f be
0xb49c5d3a:   04 19 50 e9 a1 00 00 00 83 f8 03 0f 85 09 00 00 

Register to memory mapping:

EAX=0x78000000 is an unknown value
EBX=0x00000008 is an unknown value
ECX=0x6962724f is an unknown value
EDX=0x0000000c is an unknown value
ESP=0xb6b93588 is pointing into the stack for thread: 0xb6a05800
EBP=0xb6b935a8 is pointing into the stack for thread: 0xb6a05800
ESI=0xb093a861 is an oop
{constMethod} 
 - klass: {other class}
 - method:       0xb093a878 {method} 'getBytes' '()[B' in 'java/lang/String'
 - exceptions:   0xb0931188
bci_from(0xb093a861) = 1; print_codes():
EDI=0xb6b935b0 is pointing into the stack for thread: 0xb6a05800


Stack: [0xb6b44000,0xb6b95000],  sp=0xb6b93588,  free space=317k
Native frames: (J=compiled Java code, j=interpreted, Vv=VM code, C=native code)
j  java.lang.String.getBytes()[B+0
v  ~StubRoutines::call_stub
V  [libjvm.so+0x24cc61]  AsyncGetCallTrace+0x6f441
V  [libjvm.so+0x38d288]  __int128+0x25b8
V  [libjvm.so+0x24ca8f]  AsyncGetCallTrace+0x6f26f
V  [libjvm.so+0x281227]  JNI_GetCreatedJavaVMs+0x817
V  [libjvm.so+0x260f4e]  AsyncGetCallTrace+0x8372e
C  [liblwjgl.so+0x2daa0]  JNI_OnUnload+0x230
C  [liblwjgl.so+0x3f1a5]  Java_org_lwjgl_opengl_LinuxDisplay_nSetTitle+0x35
j  org.lwjgl.opengl.LinuxDisplay.nSetTitle(JJJI)V+0
j  org.lwjgl.opengl.LinuxDisplay.setTitle(Ljava/lang/String;)V+24
j  org.lwjgl.opengl.Display.setTitle(Ljava/lang/String;)V+29
j  org.lwjgl.opengl.Display.createWindow()V+101
j  org.lwjgl.opengl.Display.create(Lorg/lwjgl/opengl/PixelFormat;Lorg/lwjgl/opengl/Drawable;Lorg/lwjgl/opengl/ContextAttribs;)V+72
j  org.lwjgl.opengl.Display.create(Lorg/lwjgl/opengl/PixelFormat;)V+12
j  org.lwjgl.opengl.Display.create()V+7
j  net.scage.handlers.RendererLib$class.initgl(Lnet/scage/handlers/RendererLib;IILjava/lang/String;)V+45
j  net.scage.handlers.RendererLib$.initgl(IILjava/lang/String;)V+4
j  net.scage.ScreenApp.main([Ljava/lang/String;)V+34
j  su.msk.dunno.scage.tutorials.gravitation.Orbita.main([Ljava/lang/String;)V+4
v  ~StubRoutines::call_stub
V  [libjvm.so+0x24cc61]  AsyncGetCallTrace+0x6f441
V  [libjvm.so+0x38d288]  __int128+0x25b8
V  [libjvm.so+0x24ca8f]  AsyncGetCallTrace+0x6f26f
V  [libjvm.so+0x3bccf5]  JVM_handle_linux_signal+0x2ccc5
V  [libjvm.so+0x3c00b7]  JVM_handle_linux_signal+0x30087
V  [libjvm.so+0x2cc69f]  JVM_InvokeMethod+0x1ff
C  [libjava.so+0x151f4]  Java_sun_reflect_NativeMethodAccessorImpl_invoke0+0x34
j  sun.reflect.NativeMethodAccessorImpl.invoke0(Ljava/lang/reflect/Method;Ljava/lang/Object;[Ljava/lang/Object;)Ljava/lang/Object;+0
j  sun.reflect.NativeMethodAccessorImpl.invoke(Ljava/lang/Object;[Ljava/lang/Object;)Ljava/lang/Object;+87
j  sun.reflect.DelegatingMethodAccessorImpl.invoke(Ljava/lang/Object;[Ljava/lang/Object;)Ljava/lang/Object;+6
j  java.lang.reflect.Method.invoke(Ljava/lang/Object;[Ljava/lang/Object;)Ljava/lang/Object;+161
j  com.intellij.rt.execution.application.AppMain.main([Ljava/lang/String;)V+140
v  ~StubRoutines::call_stub
V  [libjvm.so+0x24cc61]  AsyncGetCallTrace+0x6f441
V  [libjvm.so+0x38d288]  __int128+0x25b8
V  [libjvm.so+0x24ca8f]  AsyncGetCallTrace+0x6f26f
V  [libjvm.so+0x280fd4]  JNI_GetCreatedJavaVMs+0x5c4
V  [libjvm.so+0x2705fc]  AsyncGetCallTrace+0x92ddc
C  [java+0x1b98]  JavaMain+0x2c8
C  [libpthread.so.0+0x6d08]  short+0xd8


---------------  P R O C E S S  ---------------

Java Threads: ( => current thread )
  0x9fa57400 JavaThread "AWT-XAWT" daemon [_thread_in_native, id=2958, stack(0x9f71b000,0x9f76c000)]
  0x9fc93c00 JavaThread "Java2D Disposer" daemon [_thread_blocked, id=2957, stack(0x9f788000,0x9f7d9000)]
  0x9fc8ec00 JavaThread "Monitor Ctrl-Break" daemon [_thread_in_native, id=2955, stack(0x9fd22000,0x9fd73000)]
  0xb6a64c00 JavaThread "Low Memory Detector" daemon [_thread_blocked, id=2953, stack(0x9fe7e000,0x9fecf000)]
  0xb6a63000 JavaThread "C1 CompilerThread0" daemon [_thread_blocked, id=2952, stack(0xa032e000,0xa03af000)]
  0xb6a61800 JavaThread "Signal Dispatcher" daemon [_thread_blocked, id=2951, stack(0xa03af000,0xa0400000)]
  0xb6a53000 JavaThread "Finalizer" daemon [_thread_blocked, id=2950, stack(0xa054a000,0xa059b000)]
  0xb6a51c00 JavaThread "Reference Handler" daemon [_thread_blocked, id=2949, stack(0xa059b000,0xa05ec000)]
=>0xb6a05800 JavaThread "main" [_thread_in_Java, id=2947, stack(0xb6b44000,0xb6b95000)]

Other Threads:
  0xb6a4e000 VMThread [stack: 0xa05ec000,0xa066d000] [id=2948]
  0xb6a67000 WatcherThread [stack: 0x9fdfd000,0x9fe7e000] [id=2954]

VM state:not at safepoint (normal execution)

VM Mutex/Monitor currently owned by a thread: None

Heap
 def new generation   total 4928K, used 1988K [0xa0930000, 0xa0e80000, 0xa5e80000)
  eden space 4416K,  42% used [0xa0930000, 0xa0b03e38, 0xa0d80000)
  from space 512K,  22% used [0xa0e00000, 0xa0e1d350, 0xa0e80000)
  to   space 512K,   0% used [0xa0d80000, 0xa0d80000, 0xa0e00000)
 tenured generation   total 10944K, used 424K [0xa5e80000, 0xa6930000, 0xb0930000)
   the space 10944K,   3% used [0xa5e80000, 0xa5eea160, 0xa5eea200, 0xa6930000)
 compacting perm gen  total 12288K, used 11919K [0xb0930000, 0xb1530000, 0xb4930000)
   the space 12288K,  97% used [0xb0930000, 0xb14d3ea0, 0xb14d4000, 0xb1530000)
No shared spaces configured.

Code Cache  [0xb49b6000, 0xb4a76000, 0xb69b6000)
 total_blobs=395 nmethods=173 adapters=158 free_code_cache=32779264 largest_free_block=0

Dynamic libraries:
08048000-08052000 r-xp 00000000 08:16 1123788    /opt/java/jre/bin/java
08052000-08053000 rwxp 00009000 08:16 1123788    /opt/java/jre/bin/java
09465000-09486000 rwxp 00000000 00:00 0          [heap]
9e3e7000-9e403000 r-xp 00000000 08:16 1000436    /usr/lib/libgcc_s.so.1
9e403000-9e404000 rwxp 0001b000 08:16 1000436    /usr/lib/libgcc_s.so.1
9e404000-9e4e0000 r-xp 00000000 08:16 66738      /usr/lib/libstdc++.so.6.0.17
9e4e0000-9e4e4000 r-xp 000dc000 08:16 66738      /usr/lib/libstdc++.so.6.0.17
9e4e4000-9e4e5000 rwxp 000e0000 08:16 66738      /usr/lib/libstdc++.so.6.0.17
9e4e5000-9e4ec000 rwxp 00000000 00:00 0 
9e4ec000-9e512000 r-xp 00000000 08:16 73699      /usr/lib/libexpat.so.1.6.0
9e512000-9e513000 ---p 00026000 08:16 73699      /usr/lib/libexpat.so.1.6.0
9e513000-9e515000 r-xp 00026000 08:16 73699      /usr/lib/libexpat.so.1.6.0
9e515000-9e516000 rwxp 00028000 08:16 73699      /usr/lib/libexpat.so.1.6.0
9e516000-9f392000 r-xp 00000000 08:16 352524     /usr/lib/xorg/modules/dri/r300_dri.so
9f392000-9f393000 ---p 00e7c000 08:16 352524     /usr/lib/xorg/modules/dri/r300_dri.so
9f393000-9f3dc000 r-xp 00e7c000 08:16 352524     /usr/lib/xorg/modules/dri/r300_dri.so
9f3dc000-9f3e2000 rwxp 00ec5000 08:16 352524     /usr/lib/xorg/modules/dri/r300_dri.so
9f3e2000-9f5c3000 rwxp 00000000 00:00 0 
9f5c3000-9f5ce000 r-xp 00000000 08:16 72382      /usr/lib/libdrm.so.2.4.0
9f5ce000-9f5cf000 r-xp 0000a000 08:16 72382      /usr/lib/libdrm.so.2.4.0
9f5cf000-9f5d0000 rwxp 0000b000 08:16 72382      /usr/lib/libdrm.so.2.4.0
9f5d0000-9f5d4000 r-xp 00000000 08:16 73412      /usr/lib/libXxf86vm.so.1.0.0
9f5d4000-9f5d5000 r-xp 00003000 08:16 73412      /usr/lib/libXxf86vm.so.1.0.0
9f5d5000-9f5d6000 rwxp 00004000 08:16 73412      /usr/lib/libXxf86vm.so.1.0.0
9f5d6000-9f5ed000 r-xp 00000000 08:16 72413      /usr/lib/libxcb-glx.so.0.0.0
9f5ed000-9f5ee000 r-xp 00017000 08:16 72413      /usr/lib/libxcb-glx.so.0.0.0
9f5ee000-9f5ef000 rwxp 00018000 08:16 72413      /usr/lib/libxcb-glx.so.0.0.0
9f5ef000-9f5f0000 r-xp 00000000 08:16 1000438    /usr/lib/libX11-xcb.so.1.0.0
9f5f0000-9f5f1000 r-xp 00000000 08:16 1000438    /usr/lib/libX11-xcb.so.1.0.0
9f5f1000-9f5f2000 rwxp 00001000 08:16 1000438    /usr/lib/libX11-xcb.so.1.0.0
9f5f2000-9f5f4000 r-xp 00000000 08:16 73419      /usr/lib/libXdamage.so.1.1.0
9f5f4000-9f5f5000 r-xp 00001000 08:16 73419      /usr/lib/libXdamage.so.1.1.0
9f5f5000-9f5f6000 rwxp 00002000 08:16 73419      /usr/lib/libXdamage.so.1.1.0
9f5f6000-9f605000 r-xp 00000000 08:16 999566     /usr/lib/libglapi.so.0.0.0
9f605000-9f607000 r-xp 0000f000 08:16 999566     /usr/lib/libglapi.so.0.0.0
9f607000-9f60c000 rwxp 00011000 08:16 999566     /usr/lib/libglapi.so.0.0.0
9f60c000-9f65d000 r-xp 00000000 08:16 73628      /usr/lib/libGL.so.1.2
9f65d000-9f65f000 r-xp 00050000 08:16 73628      /usr/lib/libGL.so.1.2
9f65f000-9f664000 rwxp 00052000 08:16 73628      /usr/lib/libGL.so.1.2
9f664000-9f667000 ---p 00000000 00:00 0 
9f667000-9f6b5000 rwxp 00000000 00:00 0 
9f6b5000-9f6bc000 r-xp 00000000 08:16 1000666    /usr/lib/libXrandr.so.2.2.0
9f6bc000-9f6bd000 r-xp 00006000 08:16 1000666    /usr/lib/libXrandr.so.2.2.0
9f6bd000-9f6be000 rwxp 00007000 08:16 1000666    /usr/lib/libXrandr.so.2.2.0
9f6be000-9f718000 r-xp 00000000 08:17 8143224    /home/andrey/java/workspace-scala/gravitation/target/native/linux/liblwjgl.so
9f718000-9f719000 ---p 0005a000 08:17 8143224    /home/andrey/java/workspace-scala/gravitation/target/native/linux/liblwjgl.so
9f719000-9f71a000 r-xp 0005a000 08:17 8143224    /home/andrey/java/workspace-scala/gravitation/target/native/linux/liblwjgl.so
9f71a000-9f71b000 rwxp 0005b000 08:17 8143224    /home/andrey/java/workspace-scala/gravitation/target/native/linux/liblwjgl.so
9f71b000-9f71e000 ---p 00000000 00:00 0 
9f71e000-9f76c000 rwxp 00000000 00:00 0          [stack:2958]
9f76c000-9f770000 r-xp 00000000 08:16 73416      /usr/lib/libXfixes.so.3.1.0
9f770000-9f771000 r-xp 00003000 08:16 73416      /usr/lib/libXfixes.so.3.1.0
9f771000-9f772000 rwxp 00004000 08:16 73416      /usr/lib/libXfixes.so.3.1.0
9f772000-9f77b000 r-xp 00000000 08:16 1016216    /usr/lib/libXrender.so.1.3.0
9f77b000-9f77c000 r-xp 00008000 08:16 1016216    /usr/lib/libXrender.so.1.3.0
9f77c000-9f77d000 rwxp 00009000 08:16 1016216    /usr/lib/libXrender.so.1.3.0
9f77d000-9f786000 r-xp 00000000 08:16 1016226    /usr/lib/libXcursor.so.1.0.2
9f786000-9f787000 r-xp 00008000 08:16 1016226    /usr/lib/libXcursor.so.1.0.2
9f787000-9f788000 rwxp 00009000 08:16 1016226    /usr/lib/libXcursor.so.1.0.2
9f788000-9f78b000 ---p 00000000 00:00 0 
9f78b000-9f7d9000 rwxp 00000000 00:00 0          [stack:2957]
9f7d9000-9f852000 r-xp 00000000 08:16 1123756    /opt/java/jre/lib/i386/libfontmanager.so
9f852000-9f85c000 rwxp 00078000 08:16 1123756    /opt/java/jre/lib/i386/libfontmanager.so
9f85c000-9f861000 rwxp 00000000 00:00 0 
9f861000-9f881000 r-xp 00000000 08:16 72455      /usr/lib/libxcb.so.1.1.0
9f881000-9f882000 r-xp 0001f000 08:16 72455      /usr/lib/libxcb.so.1.1.0
9f882000-9f883000 rwxp 00020000 08:16 72455      /usr/lib/libxcb.so.1.1.0
9f883000-9f891000 r-xp 00000000 08:16 1000506    /usr/lib/libXi.so.6.1.0
9f891000-9f892000 r-xp 0000d000 08:16 1000506    /usr/lib/libXi.so.6.1.0
9f892000-9f893000 rwxp 0000e000 08:16 1000506    /usr/lib/libXi.so.6.1.0
9f893000-9f9c5000 r-xp 00000000 08:16 1000437    /usr/lib/libX11.so.6.3.0
9f9c5000-9f9c6000 r-xp 00131000 08:16 1000437    /usr/lib/libX11.so.6.3.0
9f9c6000-9f9c9000 rwxp 00132000 08:16 1000437    /usr/lib/libX11.so.6.3.0
9f9c9000-9f9da000 r-xp 00000000 08:16 1001134    /usr/lib/libXext.so.6.4.0
9f9da000-9f9db000 r-xp 00010000 08:16 1001134    /usr/lib/libXext.so.6.4.0
9f9db000-9f9dc000 rwxp 00011000 08:16 1001134    /usr/lib/libXext.so.6.4.0
9fa00000-9fae1000 rwxp 00000000 00:00 0 
9fae1000-9fb00000 ---p 00000000 00:00 0 
9fb03000-9fb08000 r-xp 00000000 08:16 72393      /usr/lib/libXdmcp.so.6.0.0
9fb08000-9fb09000 r-xp 00004000 08:16 72393      /usr/lib/libXdmcp.so.6.0.0
9fb09000-9fb0a000 rwxp 00005000 08:16 72393      /usr/lib/libXdmcp.so.6.0.0
9fb0a000-9fb4d000 r-xp 00000000 08:16 1123775    /opt/java/jre/lib/i386/xawt/libmawt.so
9fb4d000-9fb4f000 rwxp 00043000 08:16 1123775    /opt/java/jre/lib/i386/xawt/libmawt.so
9fb4f000-9fb50000 rwxp 00000000 00:00 0 
9fb50000-9fbd5000 r-xp 00000000 08:16 1123754    /opt/java/jre/lib/i386/libawt.so
9fbd5000-9fbdc000 rwxp 00085000 08:16 1123754    /opt/java/jre/lib/i386/libawt.so
9fbdc000-9fc00000 rwxp 00000000 00:00 0 
9fc00000-9fd00000 rwxp 00000000 00:00 0 
9fd02000-9fd04000 r-xp 00000000 08:16 72405      /usr/lib/libXau.so.6.0.0
9fd04000-9fd05000 r-xp 00001000 08:16 72405      /usr/lib/libXau.so.6.0.0
9fd05000-9fd06000 rwxp 00002000 08:16 72405      /usr/lib/libXau.so.6.0.0
9fd06000-9fd0b000 r-xp 00000000 08:16 1002938    /usr/lib/libXtst.so.6.1.0
9fd0b000-9fd0c000 r-xp 00004000 08:16 1002938    /usr/lib/libXtst.so.6.1.0
9fd0c000-9fd0d000 rwxp 00005000 08:16 1002938    /usr/lib/libXtst.so.6.1.0
9fd0d000-9fd21000 r-xp 00000000 08:16 1123743    /opt/java/jre/lib/i386/libnet.so
9fd21000-9fd22000 rwxp 00013000 08:16 1123743    /opt/java/jre/lib/i386/libnet.so
9fd22000-9fd25000 ---p 00000000 00:00 0 
9fd25000-9fd73000 rwxp 00000000 00:00 0          [stack:2955]
9fd73000-9fd80000 r-xs 000d5000 08:17 6022004    /home/andrey/.m2/repository/org/lwjgl/lwjgl/2.8.2/lwjgl-2.8.2.jar
9fd80000-9fdfd000 r-xs 007f2000 08:17 8118937    /home/andrey/.m2/repository/org/scala-lang/scala-library/2.9.1/scala-library-2.9.1.jar
9fdfd000-9fdfe000 ---p 00000000 00:00 0 
9fdfe000-9fe7e000 rwxp 00000000 00:00 0          [stack:2954]
9fe7e000-9fe81000 ---p 00000000 00:00 0 
9fe81000-9fecf000 rwxp 00000000 00:00 0          [stack:2953]
9fecf000-a0000000 r-xp 001c4000 08:16 75650      /usr/lib/locale/locale-archive
a0000000-a0200000 r-xp 00000000 08:16 75650      /usr/lib/locale/locale-archive
a0200000-a0223000 rwxp 00000000 00:00 0 
a0223000-a0300000 ---p 00000000 00:00 0 
a0300000-a0301000 r-xp 00000000 08:17 10223991   /home/andrey/java/idea-IC-117.418/bin/libbreakgen.so
a0301000-a0302000 rwxp 00000000 08:17 10223991   /home/andrey/java/idea-IC-117.418/bin/libbreakgen.so
a0302000-a0304000 r-xs 00013000 08:17 10223707   /home/andrey/java/idea-IC-117.418/lib/idea_rt.jar
a0304000-a0306000 r-xs 0000d000 08:17 5833258    /home/andrey/.m2/repository/jcraft/jorbis/0.0.15/jorbis-0.0.15.jar
a0306000-a0307000 r-xs 00002000 08:17 5833254    /home/andrey/.m2/repository/jcraft/jogg/0.0.7/jogg-0.0.7.jar
a0307000-a0309000 r-xs 00008000 08:17 5833172    /home/andrey/.m2/repository/ibxm/ibxm/unknown/ibxm-unknown.jar
a0309000-a030a000 r-xs 00001000 08:17 6931942    /home/andrey/.m2/repository/javax/jnlp/jnlp/1.2/jnlp-1.2.jar
a030a000-a030b000 r-xs 00038000 08:17 5842785    /home/andrey/.m2/repository/org/lwjgl/lwjgl-native/2.1.0/lwjgl-native-2.1.0-win32.jar
a030b000-a030d000 r-xs 00019000 08:17 6931959    /home/andrey/.m2/repository/phys2d/phys2d/060408/phys2d-060408.jar
a030d000-a0318000 r-xs 00093000 08:17 5857808    /home/andrey/.m2/repository/slick/slick/274/slick-274.jar
a0318000-a031c000 r-xs 00027000 08:17 6022007    /home/andrey/.m2/repository/org/lwjgl/lwjgl-util/2.8.2/lwjgl-util-2.8.2.jar
a031c000-a0321000 r-xs 00030000 08:17 6022006    /home/andrey/.m2/repository/org/lwjgl/lwjgl-jinput/2.8.2/lwjgl-jinput-2.8.2.jar
a0321000-a032e000 r-xs 000cf000 08:17 8102776    /home/andrey/.m2/repository/org/scala-lang/scala-swing/2.9.1/scala-swing-2.9.1.jar
a032e000-a0331000 ---p 00000000 00:00 0 
a0331000-a03af000 rwxp 00000000 00:00 0          [stack:2952]
a03af000-a03b2000 ---p 00000000 00:00 0 
a03b2000-a0400000 rwxp 00000000 00:00 0          [stack:2951]
a0400000-a04a6000 rwxp 00000000 00:00 0 
a04a6000-a0500000 ---p 00000000 00:00 0 
a0501000-a0509000 r-xs 00049000 08:17 8119493    /home/andrey/.m2/repository/ch/qos/logback/logback-core/1.0.0/logback-core-1.0.0.jar
a0509000-a051a000 r-xs 0034a000 08:16 1122627    /opt/java/jre/lib/deploy.jar
a051a000-a0529000 r-xs 00667000 08:16 1122624    /opt/java/jre/lib/charsets.jar
a0529000-a0532000 r-xs 000d7000 08:16 1122626    /opt/java/jre/lib/javaws.jar
a0532000-a0539000 r-xs 00094000 08:16 1122623    /opt/java/jre/lib/jsse.jar
a0539000-a054a000 r-xs 001ad000 08:16 1122625    /opt/java/jre/lib/plugin.jar
a054a000-a054d000 ---p 00000000 00:00 0 
a054d000-a059b000 rwxp 00000000 00:00 0          [stack:2950]
a059b000-a059e000 ---p 00000000 00:00 0 
a059e000-a05ec000 rwxp 00000000 00:00 0          [stack:2949]
a05ec000-a05ed000 ---p 00000000 00:00 0 
a05ed000-a06a1000 rwxp 00000000 00:00 0          [stack:2948]
a06a1000-a0839000 r-xs 03029000 08:16 1122622    /opt/java/jre/lib/rt.jar
a0839000-a083f000 rwxp 00000000 00:00 0 
a083f000-a088f000 rwxp 00000000 00:00 0 
a088f000-a0892000 rwxp 00000000 00:00 0 
a0892000-a08b9000 rwxp 00000000 00:00 0 
a08b9000-a08bf000 rwxp 00000000 00:00 0 
a08bf000-a090f000 rwxp 00000000 00:00 0 
a090f000-a0915000 rwxp 00000000 00:00 0 
a0915000-a092f000 rwxp 00000000 00:00 0 
a092f000-a0e80000 rwxp 00000000 00:00 0 
a0e80000-a5e80000 rwxp 00000000 00:00 0 
a5e80000-a6930000 rwxp 00000000 00:00 0 
a6930000-b0930000 rwxp 00000000 00:00 0 
b0930000-b1530000 rwxp 00000000 00:00 0 
b1530000-b4930000 rwxp 00000000 00:00 0 
b4930000-b4936000 r-xs 00037000 08:17 8119495    /home/andrey/.m2/repository/ch/qos/logback/logback-classic/1.0.0/logback-classic-1.0.0.jar
b4936000-b4939000 rwxp 00000000 00:00 0 
b4939000-b49b6000 rwxp 00000000 00:00 0 
b49b6000-b4a76000 rwxp 00000000 00:00 0 
b4a76000-b69b6000 rwxp 00000000 00:00 0 
b69b6000-b69c1000 r-xp 00000000 08:16 65577      /usr/lib/libnss_files-2.16.so
b69c1000-b69c2000 r-xp 0000a000 08:16 65577      /usr/lib/libnss_files-2.16.so
b69c2000-b69c3000 rwxp 0000b000 08:16 65577      /usr/lib/libnss_files-2.16.so
b69c3000-b69d8000 r-xp 00000000 08:16 65590      /usr/lib/libnsl-2.16.so
b69d8000-b69d9000 r-xp 00014000 08:16 65590      /usr/lib/libnsl-2.16.so
b69d9000-b69da000 rwxp 00015000 08:16 65590      /usr/lib/libnsl-2.16.so
b69da000-b69dc000 rwxp 00000000 00:00 0 
b69df000-b69e6000 rwxp 00000000 00:00 0 
b69e6000-b6afb000 rwxp 00000000 00:00 0 
b6afb000-b6b00000 ---p 00000000 00:00 0 
b6b00000-b6b01000 r-xp 00000000 08:16 1123762    /opt/java/jre/lib/i386/libjawt.so
b6b01000-b6b02000 rwxp 00000000 08:16 1123762    /opt/java/jre/lib/i386/libjawt.so
b6b02000-b6b03000 r-xs 001ea000 08:17 6022005    /home/andrey/.m2/repository/org/lwjgl/lwjgl-native/2.8.2/lwjgl-native-2.8.2.jar
b6b03000-b6b05000 r-xs 00003000 08:17 6922525    /home/andrey/.m2/repository/com/weiglewilczek/slf4s/slf4s_2.9.1/1.0.7/slf4s_2.9.1-1.0.7.jar
b6b05000-b6b14000 r-xp 00000000 08:16 1123739    /opt/java/jre/lib/i386/libzip.so
b6b14000-b6b16000 rwxp 0000e000 08:16 1123739    /opt/java/jre/lib/i386/libzip.so
b6b16000-b6b39000 r-xp 00000000 08:16 1123738    /opt/java/jre/lib/i386/libjava.so
b6b39000-b6b3b000 rwxp 00023000 08:16 1123738    /opt/java/jre/lib/i386/libjava.so
b6b3b000-b6b42000 r-xp 00000000 08:16 65580      /usr/lib/librt-2.16.so
b6b42000-b6b43000 r-xp 00006000 08:16 65580      /usr/lib/librt-2.16.so
b6b43000-b6b44000 rwxp 00007000 08:16 65580      /usr/lib/librt-2.16.so
b6b44000-b6b47000 ---p 00000000 00:00 0 
b6b47000-b6b95000 rwxp 00000000 00:00 0          [stack:2947]
b6b95000-b6bd3000 r-xp 00000000 08:16 65563      /usr/lib/libm-2.16.so
b6bd3000-b6bd4000 r-xp 0003d000 08:16 65563      /usr/lib/libm-2.16.so
b6bd4000-b6bd5000 rwxp 0003e000 08:16 65563      /usr/lib/libm-2.16.so
b6bd5000-b70b6000 r-xp 00000000 08:16 1123781    /opt/java/jre/lib/i386/client/libjvm.so
b70b6000-b70d9000 rwxp 004e1000 08:16 1123781    /opt/java/jre/lib/i386/client/libjvm.so
b70d9000-b74f6000 rwxp 00000000 00:00 0 
b74f6000-b7695000 r-xp 00000000 08:16 65568      /usr/lib/libc-2.16.so
b7695000-b7696000 ---p 0019f000 08:16 65568      /usr/lib/libc-2.16.so
b7696000-b7698000 r-xp 0019f000 08:16 65568      /usr/lib/libc-2.16.so
b7698000-b7699000 rwxp 001a1000 08:16 65568      /usr/lib/libc-2.16.so
b7699000-b769d000 rwxp 00000000 00:00 0 
b769d000-b76a0000 r-xp 00000000 08:16 65589      /usr/lib/libdl-2.16.so
b76a0000-b76a1000 r-xp 00002000 08:16 65589      /usr/lib/libdl-2.16.so
b76a1000-b76a2000 rwxp 00003000 08:16 65589      /usr/lib/libdl-2.16.so
b76a2000-b76a9000 r-xp 00000000 08:16 1123776    /opt/java/jre/lib/i386/jli/libjli.so
b76a9000-b76ab000 rwxp 00006000 08:16 1123776    /opt/java/jre/lib/i386/jli/libjli.so
b76ab000-b76c2000 r-xp 00000000 08:16 65573      /usr/lib/libpthread-2.16.so
b76c2000-b76c3000 r-xp 00016000 08:16 65573      /usr/lib/libpthread-2.16.so
b76c3000-b76c4000 rwxp 00017000 08:16 65573      /usr/lib/libpthread-2.16.so
b76c4000-b76c6000 rwxp 00000000 00:00 0 
b76c6000-b76c8000 r-xs 00005000 08:17 8119031    /home/andrey/.m2/repository/org/slf4j/slf4j-api/1.6.1/slf4j-api-1.6.1.jar
b76c8000-b76c9000 r-xs 00000000 08:16 1122583    /opt/java/jre/lib/management-agent.jar
b76c9000-b76cc000 r-xs 00013000 08:16 1122571    /opt/java/jre/lib/jce.jar
b76cc000-b76d4000 r-xs 00115000 08:16 1122588    /opt/java/jre/lib/resources.jar
b76d4000-b76dc000 rwxs 00000000 08:16 1305960    /tmp/hsperfdata_andrey/2946
b76dc000-b76dd000 rwxp 00000000 00:00 0 
b76dd000-b76de000 r-xp 00000000 00:00 0 
b76de000-b76e9000 r-xp 00000000 08:16 1123737    /opt/java/jre/lib/i386/libverify.so
b76e9000-b76ea000 rwxp 0000b000 08:16 1123737    /opt/java/jre/lib/i386/libverify.so
b76ea000-b76eb000 rwxp 00000000 00:00 0 
b76eb000-b76ec000 r-xp 00000000 00:00 0          [vdso]
b76ec000-b770c000 r-xp 00000000 08:16 65581      /usr/lib/ld-2.16.so
b770c000-b770d000 r-xp 0001f000 08:16 65581      /usr/lib/ld-2.16.so
b770d000-b770e000 rwxp 00020000 08:16 65581      /usr/lib/ld-2.16.so
bfb3e000-bfb60000 rwxp 00000000 00:00 0          [stack]

VM Arguments:
jvm_args: -Dscage.properties=orbita.properties -Djava.library.path=target/native/linux -DLWJGL_DISABLE_XRANDR=true -Didea.launcher.port=7536 -Didea.launcher.bin.path=/home/andrey/java/idea-IC-117.418/bin -Dfile.encoding=UTF-8 
java_command: com.intellij.rt.execution.application.AppMain su.msk.dunno.scage.tutorials.gravitation.Orbita
Launcher Type: SUN_STANDARD

Environment Variables:
JAVA_HOME=/opt/java
CLASSPATH=../lib/bootstrap.jar:../lib/extensions.jar:../lib/util.jar:../lib/jdom.jar:../lib/log4j.jar:../lib/trove4j.jar:../lib/jna.jar:/opt/java/lib/tools.jar
PATH=/usr/lib/nx/bin:/usr/local/bin:/usr/bin:/bin:/usr/local/sbin:/usr/sbin:/sbin:/opt/android-sdk/platform-tools:/opt/android-sdk/tools:/opt/java/bin:/opt/java/db/bin:/opt/java/jre/bin:/usr/bin/vendor_perl:/usr/bin/core_perl
USERNAME=andrey
LD_LIBRARY_PATH=/opt/java/jre/lib/i386/client:/opt/java/jre/lib/i386:/opt/java/jre/../lib/i386:/home/andrey/java/idea-IC-117.418/bin:
SHELL=/bin/zsh
DISPLAY=:0.0

Signal Handlers:
SIGSEGV: [libjvm.so+0x469ec0], sa_mask[0]=0x7ffbfeff, sa_flags=0x10000004
SIGBUS: [libjvm.so+0x469ec0], sa_mask[0]=0x7ffbfeff, sa_flags=0x10000004
SIGFPE: [libjvm.so+0x38bf10], sa_mask[0]=0x7ffbfeff, sa_flags=0x10000004
SIGPIPE: [libjvm.so+0x38bf10], sa_mask[0]=0x7ffbfeff, sa_flags=0x10000004
SIGXFSZ: [libjvm.so+0x38bf10], sa_mask[0]=0x7ffbfeff, sa_flags=0x10000004
SIGILL: [libjvm.so+0x38bf10], sa_mask[0]=0x7ffbfeff, sa_flags=0x10000004
SIGUSR1: SIG_DFL, sa_mask[0]=0x00000000, sa_flags=0x00000000
SIGUSR2: [libjvm.so+0x38f150], sa_mask[0]=0x00000004, sa_flags=0x10000004
SIGHUP: [libjvm.so+0x38ed30], sa_mask[0]=0x7ffbfeff, sa_flags=0x10000004
SIGINT: [libjvm.so+0x38ed30], sa_mask[0]=0x7ffbfeff, sa_flags=0x10000004
SIGTERM: [libjvm.so+0x38ed30], sa_mask[0]=0x7ffbfeff, sa_flags=0x10000004
SIGQUIT: [libjvm.so+0x38ed30], sa_mask[0]=0x7ffbfeff, sa_flags=0x10000004


---------------  S Y S T E M  ---------------

OS:Linux
uname:Linux 3.4.4-3-ARCH #1 SMP PREEMPT Tue Jul 3 15:35:13 UTC 2012 i686
libc:glibc 2.16 NPTL 2.16 
rlimit: STACK 8192k, CORE 0k, NPROC 28305, NOFILE 4096, AS infinity
load average:1.63 1.41 1.48

/proc/meminfo:
MemTotal:        3626448 kB
MemFree:          810204 kB
Buffers:           81724 kB
Cached:           325556 kB
SwapCached:        86008 kB
Active:          1657620 kB
Inactive:         922120 kB
Active(anon):    1521896 kB
Inactive(anon):   666092 kB
Active(file):     135724 kB
Inactive(file):   256028 kB
Unevictable:         332 kB
Mlocked:             332 kB
HighTotal:       2760648 kB
HighFree:         510364 kB
LowTotal:         865800 kB
LowFree:          299840 kB
SwapTotal:       3963028 kB
SwapFree:        3162092 kB
Dirty:               336 kB
Writeback:             0 kB
AnonPages:       2132504 kB
Mapped:           108096 kB
Shmem:             15456 kB
Slab:              92084 kB
SReclaimable:      62832 kB
SUnreclaim:        29252 kB
KernelStack:        5296 kB
PageTables:        12260 kB
NFS_Unstable:          0 kB
Bounce:                0 kB
WritebackTmp:          0 kB
CommitLimit:     5776252 kB
Committed_AS:    7573732 kB
VmallocTotal:     122880 kB
VmallocUsed:       37236 kB
VmallocChunk:      63064 kB
HardwareCorrupted:     0 kB
AnonHugePages:   1306624 kB
HugePages_Total:       0
HugePages_Free:        0
HugePages_Rsvd:        0
HugePages_Surp:        0
Hugepagesize:       4096 kB
DirectMap4k:       57336 kB
DirectMap4M:      851968 kB


CPU:total 2 (2 cores per cpu, 1 threads per core) family 15 model 6 stepping 2, cmov, cx8, fxsr, mmx, sse, sse2, sse3

/proc/cpuinfo:
processor	: 0
vendor_id	: GenuineIntel
cpu family	: 15
model		: 6
model name	: Intel(R) Pentium(R) D CPU 3.00GHz
stepping	: 2
microcode	: 0xf
cpu MHz		: 3014.617
cache size	: 2048 KB
physical id	: 0
siblings	: 2
core id		: 0
cpu cores	: 2
apicid		: 0
initial apicid	: 0
fdiv_bug	: no
hlt_bug		: no
f00f_bug	: no
coma_bug	: no
fpu		: yes
fpu_exception	: yes
cpuid level	: 6
wp		: yes
flags		: fpu vme de pse tsc msr pae mce cx8 apic sep mtrr pge mca cmov pat pse36 clflush dts acpi mmx fxsr sse sse2 ss ht tm pbe nx lm constant_tsc pebs bts pni dtes64 monitor ds_cpl vmx cid cx16 xtpr pdcm lahf_lm tpr_shadow
bogomips	: 6031.45
clflush size	: 64
cache_alignment	: 128
address sizes	: 36 bits physical, 48 bits virtual
power management:

processor	: 1
vendor_id	: GenuineIntel
cpu family	: 15
model		: 6
model name	: Intel(R) Pentium(R) D CPU 3.00GHz
stepping	: 2
microcode	: 0xf
cpu MHz		: 3014.617
cache size	: 2048 KB
physical id	: 0
siblings	: 2
core id		: 1
cpu cores	: 2
apicid		: 1
initial apicid	: 1
fdiv_bug	: no
hlt_bug		: no
f00f_bug	: no
coma_bug	: no
fpu		: yes
fpu_exception	: yes
cpuid level	: 6
wp		: yes
flags		: fpu vme de pse tsc msr pae mce cx8 apic sep mtrr pge mca cmov pat pse36 clflush dts acpi mmx fxsr sse sse2 ss ht tm pbe nx lm constant_tsc pebs bts pni dtes64 monitor ds_cpl vmx cid cx16 xtpr pdcm lahf_lm tpr_shadow
bogomips	: 6031.45
clflush size	: 64
cache_alignment	: 128
address sizes	: 36 bits physical, 48 bits virtual
power management:



Memory: 4k page, physical 3626448k(810204k free), swap 3963028k(3162092k free)

vm_info: Java HotSpot(TM) Client VM (20.1-b02) for linux-x86 JRE (1.6.0_26-b03), built on May  4 2011 01:23:42 by "java_re" with gcc 3.2.1-7a (J2SE release)

time: Tue Sep 18 13:18:15 2012
elapsed time: 2 seconds

