#
# A fatal error has been detected by the Java Runtime Environment:
#
#  SIGSEGV (0xb) at pc=0xb4aa4d2a, pid=3284, tid=3066387264
#
# JRE version: 6.0_26-b03
# Java VM: Java HotSpot(TM) Client VM (20.1-b02 mixed mode linux-x86 )
# Problematic frame:
# j  java.lang.String.getBytes()[B+0
#
# If you would like to submit a bug report, please visit:
#   http://java.sun.com/webapps/bugreport/crash.jsp
#

---------------  T H R E A D  ---------------

Current thread (0xb6b05800):  JavaThread "main" [_thread_in_Java, id=3285, stack(0xb6c05000,0xb6c56000)]

siginfo:si_signo=SIGSEGV: si_errno=0, si_code=1 (SEGV_MAPERR), si_addr=0x6962724f

Registers:
EAX=0x78000000, EBX=0x00000008, ECX=0x6962724f, EDX=0x0000000c
ESP=0xb6c54588, EBP=0xb6c545a8, ESI=0xb0a1a861, EDI=0xb6c545b0
EIP=0xb4aa4d2a, EFLAGS=0x00210246, CR2=0x6962724f

Top of Stack: (sp=0xb6c54588)
0xb6c54588:   b6c54588 b0a1a860 b6c545b0 b0a85f90
0xb6c54598:   00000000 b0a1a878 00000000 b6c545b0
0xb6c545a8:   b6c545c8 b4a95366 6962724f 01ffffff
0xb6c545b8:   00001f80 b7197430 b6b05b20 00000001
0xb6c545c8:   b6c54678 b6ee2c61 b6c54630 b6c54804
0xb6c545d8:   0000000a b0a1a878 b4a9e390 b6c54734
0xb6c545e8:   00000001 b6b05800 00000001 b6c54610
0xb6c545f8:   b6c54630 b6b05b1c b6c54804 01b05b24 

Instructions: (pc=0xb4aa4d2a)
0xb4aa4d0a:   0f 85 b0 05 ff ff 8b 75 e4 8b 7d e8 c3 0f b7 56
0xb4aa4d1a:   01 8b 4d ec c1 e2 02 8b 5c 91 1c 8b 44 91 20 59
0xb4aa4d2a:   3b 01 c1 e8 1c 83 e0 0f 0f 85 0a 00 00 00 0f be
0xb4aa4d3a:   04 19 50 e9 a1 00 00 00 83 f8 03 0f 85 09 00 00 

Register to memory mapping:

EAX=0x78000000 is an unknown value
EBX=0x00000008 is an unknown value
ECX=0x6962724f is an unknown value
EDX=0x0000000c is an unknown value
ESP=0xb6c54588 is pointing into the stack for thread: 0xb6b05800
EBP=0xb6c545a8 is pointing into the stack for thread: 0xb6b05800
ESI=0xb0a1a861 is an oop
{constMethod} 
 - klass: {other class}
 - method:       0xb0a1a878 {method} 'getBytes' '()[B' in 'java/lang/String'
 - exceptions:   0xb0a11188
bci_from(0xb0a1a861) = 1; print_codes():
EDI=0xb6c545b0 is pointing into the stack for thread: 0xb6b05800


Stack: [0xb6c05000,0xb6c56000],  sp=0xb6c54588,  free space=317k
Native frames: (J=compiled Java code, j=interpreted, Vv=VM code, C=native code)
j  java.lang.String.getBytes()[B+0
v  ~StubRoutines::call_stub
V  [libjvm.so+0x24cc61]  AsyncGetCallTrace+0x6f441
V  [libjvm.so+0x38d288]  __int128+0x25b8
V  [libjvm.so+0x24ca8f]  AsyncGetCallTrace+0x6f26f
V  [libjvm.so+0x281227]  JNI_GetCreatedJavaVMs+0x817
V  [libjvm.so+0x260f4e]  AsyncGetCallTrace+0x8372e
C  [liblwjgl.so+0x2daa0]  JNI_OnUnload+0x230
C  [liblwjgl.so+0x3f1a5]  Java_org_lwjgl_opengl_LinuxDisplay_nSetTitle+0x35
j  org.lwjgl.opengl.LinuxDisplay.nSetTitle(JJJI)V+0
j  org.lwjgl.opengl.LinuxDisplay.setTitle(Ljava/lang/String;)V+24
j  org.lwjgl.opengl.Display.setTitle(Ljava/lang/String;)V+29
j  org.lwjgl.opengl.Display.createWindow()V+101
j  org.lwjgl.opengl.Display.create(Lorg/lwjgl/opengl/PixelFormat;Lorg/lwjgl/opengl/Drawable;Lorg/lwjgl/opengl/ContextAttribs;)V+72
j  org.lwjgl.opengl.Display.create(Lorg/lwjgl/opengl/PixelFormat;)V+12
j  org.lwjgl.opengl.Display.create()V+7
j  net.scage.handlers.RendererLib$class.initgl(Lnet/scage/handlers/RendererLib;IILjava/lang/String;)V+45
j  net.scage.handlers.RendererLib$.initgl(IILjava/lang/String;)V+4
j  net.scage.ScreenApp.main([Ljava/lang/String;)V+34
j  su.msk.dunno.scage.tutorials.gravitation.Orbita.main([Ljava/lang/String;)V+4
v  ~StubRoutines::call_stub
V  [libjvm.so+0x24cc61]  AsyncGetCallTrace+0x6f441
V  [libjvm.so+0x38d288]  __int128+0x25b8
V  [libjvm.so+0x24ca8f]  AsyncGetCallTrace+0x6f26f
V  [libjvm.so+0x3bccf5]  JVM_handle_linux_signal+0x2ccc5
V  [libjvm.so+0x3c00b7]  JVM_handle_linux_signal+0x30087
V  [libjvm.so+0x2cc69f]  JVM_InvokeMethod+0x1ff
C  [libjava.so+0x151f4]  Java_sun_reflect_NativeMethodAccessorImpl_invoke0+0x34
j  sun.reflect.NativeMethodAccessorImpl.invoke0(Ljava/lang/reflect/Method;Ljava/lang/Object;[Ljava/lang/Object;)Ljava/lang/Object;+0
j  sun.reflect.NativeMethodAccessorImpl.invoke(Ljava/lang/Object;[Ljava/lang/Object;)Ljava/lang/Object;+87
j  sun.reflect.DelegatingMethodAccessorImpl.invoke(Ljava/lang/Object;[Ljava/lang/Object;)Ljava/lang/Object;+6
j  java.lang.reflect.Method.invoke(Ljava/lang/Object;[Ljava/lang/Object;)Ljava/lang/Object;+161
j  com.intellij.rt.execution.application.AppMain.main([Ljava/lang/String;)V+140
v  ~StubRoutines::call_stub
V  [libjvm.so+0x24cc61]  AsyncGetCallTrace+0x6f441
V  [libjvm.so+0x38d288]  __int128+0x25b8
V  [libjvm.so+0x24ca8f]  AsyncGetCallTrace+0x6f26f
V  [libjvm.so+0x280fd4]  JNI_GetCreatedJavaVMs+0x5c4
V  [libjvm.so+0x2705fc]  AsyncGetCallTrace+0x92ddc
C  [java+0x1b98]  JavaMain+0x2c8
C  [libpthread.so.0+0x6d08]  short+0xd8


---------------  P R O C E S S  ---------------

Java Threads: ( => current thread )
  0x9f922c00 JavaThread "AWT-XAWT" daemon [_thread_in_native, id=3296, stack(0x9f7cb000,0x9f81c000)]
  0x9fd67800 JavaThread "Java2D Disposer" daemon [_thread_blocked, id=3295, stack(0x9f827000,0x9f878000)]
  0x9fd52800 JavaThread "Monitor Ctrl-Break" daemon [_thread_in_native, id=3293, stack(0x9fcaf000,0x9fd00000)]
  0xb6b64c00 JavaThread "Low Memory Detector" daemon [_thread_blocked, id=3291, stack(0x9ff7e000,0x9ffcf000)]
  0xb6b63000 JavaThread "C1 CompilerThread0" daemon [_thread_blocked, id=3290, stack(0xa042e000,0xa04af000)]
  0xb6b61800 JavaThread "Signal Dispatcher" daemon [_thread_blocked, id=3289, stack(0xa04af000,0xa0500000)]
  0xb6b53000 JavaThread "Finalizer" daemon [_thread_blocked, id=3288, stack(0xa0609000,0xa065a000)]
  0xb6b51c00 JavaThread "Reference Handler" daemon [_thread_blocked, id=3287, stack(0xa065a000,0xa06ab000)]
=>0xb6b05800 JavaThread "main" [_thread_in_Java, id=3285, stack(0xb6c05000,0xb6c56000)]

Other Threads:
  0xb6b4e000 VMThread [stack: 0xa06ab000,0xa072c000] [id=3286]
  0xb6b67000 WatcherThread [stack: 0x9fefd000,0x9ff7e000] [id=3292]

VM state:not at safepoint (normal execution)

VM Mutex/Monitor currently owned by a thread: None

Heap
 def new generation   total 4928K, used 1988K [0xa0a10000, 0xa0f60000, 0xa5f60000)
  eden space 4416K,  42% used [0xa0a10000, 0xa0be3c80, 0xa0e60000)
  from space 512K,  22% used [0xa0ee0000, 0xa0efd538, 0xa0f60000)
  to   space 512K,   0% used [0xa0e60000, 0xa0e60000, 0xa0ee0000)
 tenured generation   total 10944K, used 424K [0xa5f60000, 0xa6a10000, 0xb0a10000)
   the space 10944K,   3% used [0xa5f60000, 0xa5fca160, 0xa5fca200, 0xa6a10000)
 compacting perm gen  total 12288K, used 11919K [0xb0a10000, 0xb1610000, 0xb4a10000)
   the space 12288K,  97% used [0xb0a10000, 0xb15b3ec8, 0xb15b4000, 0xb1610000)
No shared spaces configured.

Code Cache  [0xb4a95000, 0xb4b55000, 0xb6a95000)
 total_blobs=397 nmethods=175 adapters=158 free_code_cache=32777600 largest_free_block=0

Dynamic libraries:
08048000-08052000 r-xp 00000000 08:16 1123788    /opt/java/jre/bin/java
08052000-08053000 rwxp 00009000 08:16 1123788    /opt/java/jre/bin/java
0883f000-08860000 rwxp 00000000 00:00 0          [heap]
9e499000-9e4b5000 r-xp 00000000 08:16 1000436    /usr/lib/libgcc_s.so.1
9e4b5000-9e4b6000 rwxp 0001b000 08:16 1000436    /usr/lib/libgcc_s.so.1
9e4b6000-9e592000 r-xp 00000000 08:16 66738      /usr/lib/libstdc++.so.6.0.17
9e592000-9e596000 r-xp 000dc000 08:16 66738      /usr/lib/libstdc++.so.6.0.17
9e596000-9e597000 rwxp 000e0000 08:16 66738      /usr/lib/libstdc++.so.6.0.17
9e597000-9e59e000 rwxp 00000000 00:00 0 
9e59e000-9e5c4000 r-xp 00000000 08:16 73699      /usr/lib/libexpat.so.1.6.0
9e5c4000-9e5c5000 ---p 00026000 08:16 73699      /usr/lib/libexpat.so.1.6.0
9e5c5000-9e5c7000 r-xp 00026000 08:16 73699      /usr/lib/libexpat.so.1.6.0
9e5c7000-9e5c8000 rwxp 00028000 08:16 73699      /usr/lib/libexpat.so.1.6.0
9e5c8000-9f444000 r-xp 00000000 08:16 352524     /usr/lib/xorg/modules/dri/r300_dri.so
9f444000-9f445000 ---p 00e7c000 08:16 352524     /usr/lib/xorg/modules/dri/r300_dri.so
9f445000-9f48e000 r-xp 00e7c000 08:16 352524     /usr/lib/xorg/modules/dri/r300_dri.so
9f48e000-9f494000 rwxp 00ec5000 08:16 352524     /usr/lib/xorg/modules/dri/r300_dri.so
9f494000-9f675000 rwxp 00000000 00:00 0 
9f675000-9f680000 r-xp 00000000 08:16 72382      /usr/lib/libdrm.so.2.4.0
9f680000-9f681000 r-xp 0000a000 08:16 72382      /usr/lib/libdrm.so.2.4.0
9f681000-9f682000 rwxp 0000b000 08:16 72382      /usr/lib/libdrm.so.2.4.0
9f682000-9f686000 r-xp 00000000 08:16 73412      /usr/lib/libXxf86vm.so.1.0.0
9f686000-9f687000 r-xp 00003000 08:16 73412      /usr/lib/libXxf86vm.so.1.0.0
9f687000-9f688000 rwxp 00004000 08:16 73412      /usr/lib/libXxf86vm.so.1.0.0
9f688000-9f69f000 r-xp 00000000 08:16 72413      /usr/lib/libxcb-glx.so.0.0.0
9f69f000-9f6a0000 r-xp 00017000 08:16 72413      /usr/lib/libxcb-glx.so.0.0.0
9f6a0000-9f6a1000 rwxp 00018000 08:16 72413      /usr/lib/libxcb-glx.so.0.0.0
9f6a1000-9f6f2000 r-xp 00000000 08:16 73628      /usr/lib/libGL.so.1.2
9f6f2000-9f6f4000 r-xp 00050000 08:16 73628      /usr/lib/libGL.so.1.2
9f6f4000-9f6f9000 rwxp 00052000 08:16 73628      /usr/lib/libGL.so.1.2
9f71d000-9f720000 ---p 00000000 00:00 0 
9f720000-9f76e000 rwxp 00000000 00:00 0 
9f76e000-9f7c8000 r-xp 00000000 08:17 8143224    /home/andrey/java/workspace-scala/gravitation/target/native/linux/liblwjgl.so
9f7c8000-9f7c9000 ---p 0005a000 08:17 8143224    /home/andrey/java/workspace-scala/gravitation/target/native/linux/liblwjgl.so
9f7c9000-9f7ca000 r-xp 0005a000 08:17 8143224    /home/andrey/java/workspace-scala/gravitation/target/native/linux/liblwjgl.so
9f7ca000-9f7cb000 rwxp 0005b000 08:17 8143224    /home/andrey/java/workspace-scala/gravitation/target/native/linux/liblwjgl.so
9f7cb000-9f7ce000 ---p 00000000 00:00 0 
9f7ce000-9f81c000 rwxp 00000000 00:00 0          [stack:3296]
9f81c000-9f825000 r-xp 00000000 08:16 1016216    /usr/lib/libXrender.so.1.3.0
9f825000-9f826000 r-xp 00008000 08:16 1016216    /usr/lib/libXrender.so.1.3.0
9f826000-9f827000 rwxp 00009000 08:16 1016216    /usr/lib/libXrender.so.1.3.0
9f827000-9f82a000 ---p 00000000 00:00 0 
9f82a000-9f878000 rwxp 00000000 00:00 0          [stack:3295]
9f878000-9f8f1000 r-xp 00000000 08:16 1123756    /opt/java/jre/lib/i386/libfontmanager.so
9f8f1000-9f8fb000 rwxp 00078000 08:16 1123756    /opt/java/jre/lib/i386/libfontmanager.so
9f8fb000-9f900000 rwxp 00000000 00:00 0 
9f900000-9f9ac000 rwxp 00000000 00:00 0 
9f9ac000-9fa00000 ---p 00000000 00:00 0 
9fa01000-9fa08000 r-xp 00000000 08:16 1000666    /usr/lib/libXrandr.so.2.2.0
9fa08000-9fa09000 r-xp 00006000 08:16 1000666    /usr/lib/libXrandr.so.2.2.0
9fa09000-9fa0a000 rwxp 00007000 08:16 1000666    /usr/lib/libXrandr.so.2.2.0
9fa0a000-9fa13000 r-xp 00000000 08:16 1016226    /usr/lib/libXcursor.so.1.0.2
9fa13000-9fa14000 r-xp 00008000 08:16 1016226    /usr/lib/libXcursor.so.1.0.2
9fa14000-9fa15000 rwxp 00009000 08:16 1016226    /usr/lib/libXcursor.so.1.0.2
9fa15000-9fa35000 r-xp 00000000 08:16 72455      /usr/lib/libxcb.so.1.1.0
9fa35000-9fa36000 r-xp 0001f000 08:16 72455      /usr/lib/libxcb.so.1.1.0
9fa36000-9fa37000 rwxp 00020000 08:16 72455      /usr/lib/libxcb.so.1.1.0
9fa37000-9fb69000 r-xp 00000000 08:16 1000437    /usr/lib/libX11.so.6.3.0
9fb69000-9fb6a000 r-xp 00131000 08:16 1000437    /usr/lib/libX11.so.6.3.0
9fb6a000-9fb6d000 rwxp 00132000 08:16 1000437    /usr/lib/libX11.so.6.3.0
9fb6d000-9fb7e000 r-xp 00000000 08:16 1001134    /usr/lib/libXext.so.6.4.0
9fb7e000-9fb7f000 r-xp 00010000 08:16 1001134    /usr/lib/libXext.so.6.4.0
9fb7f000-9fb80000 rwxp 00011000 08:16 1001134    /usr/lib/libXext.so.6.4.0
9fb8a000-9fb8c000 r-xp 00000000 08:16 73419      /usr/lib/libXdamage.so.1.1.0
9fb8c000-9fb8d000 r-xp 00001000 08:16 73419      /usr/lib/libXdamage.so.1.1.0
9fb8d000-9fb8e000 rwxp 00002000 08:16 73419      /usr/lib/libXdamage.so.1.1.0
9fb8e000-9fb9d000 r-xp 00000000 08:16 999566     /usr/lib/libglapi.so.0.0.0
9fb9d000-9fb9f000 r-xp 0000f000 08:16 999566     /usr/lib/libglapi.so.0.0.0
9fb9f000-9fba4000 rwxp 00011000 08:16 999566     /usr/lib/libglapi.so.0.0.0
9fba4000-9fbe7000 r-xp 00000000 08:16 1123775    /opt/java/jre/lib/i386/xawt/libmawt.so
9fbe7000-9fbe9000 rwxp 00043000 08:16 1123775    /opt/java/jre/lib/i386/xawt/libmawt.so
9fbe9000-9fbea000 rwxp 00000000 00:00 0 
9fbea000-9fc6f000 r-xp 00000000 08:16 1123754    /opt/java/jre/lib/i386/libawt.so
9fc6f000-9fc76000 rwxp 00085000 08:16 1123754    /opt/java/jre/lib/i386/libawt.so
9fc76000-9fc9a000 rwxp 00000000 00:00 0 
9fc9a000-9fcae000 r-xp 00000000 08:16 1123743    /opt/java/jre/lib/i386/libnet.so
9fcae000-9fcaf000 rwxp 00013000 08:16 1123743    /opt/java/jre/lib/i386/libnet.so
9fcaf000-9fcb2000 ---p 00000000 00:00 0 
9fcb2000-9fd00000 rwxp 00000000 00:00 0          [stack:3293]
9fd00000-9fe00000 rwxp 00000000 00:00 0 
9fe0b000-9fe0c000 r-xp 00000000 08:16 1000438    /usr/lib/libX11-xcb.so.1.0.0
9fe0c000-9fe0d000 r-xp 00000000 08:16 1000438    /usr/lib/libX11-xcb.so.1.0.0
9fe0d000-9fe0e000 rwxp 00001000 08:16 1000438    /usr/lib/libX11-xcb.so.1.0.0
9fe0e000-9fe0f000 r-xp 00000000 08:16 1123762    /opt/java/jre/lib/i386/libjawt.so
9fe0f000-9fe10000 rwxp 00000000 08:16 1123762    /opt/java/jre/lib/i386/libjawt.so
9fe10000-9fe14000 r-xp 00000000 08:16 73416      /usr/lib/libXfixes.so.3.1.0
9fe14000-9fe15000 r-xp 00003000 08:16 73416      /usr/lib/libXfixes.so.3.1.0
9fe15000-9fe16000 rwxp 00004000 08:16 73416      /usr/lib/libXfixes.so.3.1.0
9fe16000-9fe1b000 r-xp 00000000 08:16 72393      /usr/lib/libXdmcp.so.6.0.0
9fe1b000-9fe1c000 r-xp 00004000 08:16 72393      /usr/lib/libXdmcp.so.6.0.0
9fe1c000-9fe1d000 rwxp 00005000 08:16 72393      /usr/lib/libXdmcp.so.6.0.0
9fe1d000-9fe1f000 r-xp 00000000 08:16 72405      /usr/lib/libXau.so.6.0.0
9fe1f000-9fe20000 r-xp 00001000 08:16 72405      /usr/lib/libXau.so.6.0.0
9fe20000-9fe21000 rwxp 00002000 08:16 72405      /usr/lib/libXau.so.6.0.0
9fe21000-9fe2f000 r-xp 00000000 08:16 1000506    /usr/lib/libXi.so.6.1.0
9fe2f000-9fe30000 r-xp 0000d000 08:16 1000506    /usr/lib/libXi.so.6.1.0
9fe30000-9fe31000 rwxp 0000e000 08:16 1000506    /usr/lib/libXi.so.6.1.0
9fe31000-9fe36000 r-xp 00000000 08:16 1002938    /usr/lib/libXtst.so.6.1.0
9fe36000-9fe37000 r-xp 00004000 08:16 1002938    /usr/lib/libXtst.so.6.1.0
9fe37000-9fe38000 rwxp 00005000 08:16 1002938    /usr/lib/libXtst.so.6.1.0
9fe38000-9fe39000 r-xp 00000000 08:17 10223991   /home/andrey/java/idea-IC-117.418/bin/libbreakgen.so
9fe39000-9fe3a000 rwxp 00000000 08:17 10223991   /home/andrey/java/idea-IC-117.418/bin/libbreakgen.so
9fe3a000-9fe3c000 r-xs 00013000 08:17 10223707   /home/andrey/java/idea-IC-117.418/lib/idea_rt.jar
9fe3c000-9fe3e000 r-xs 0000d000 08:17 5833258    /home/andrey/.m2/repository/jcraft/jorbis/0.0.15/jorbis-0.0.15.jar
9fe3e000-9fe3f000 r-xs 00002000 08:17 5833254    /home/andrey/.m2/repository/jcraft/jogg/0.0.7/jogg-0.0.7.jar
9fe3f000-9fe41000 r-xs 00008000 08:17 5833172    /home/andrey/.m2/repository/ibxm/ibxm/unknown/ibxm-unknown.jar
9fe41000-9fe42000 r-xs 00001000 08:17 6931942    /home/andrey/.m2/repository/javax/jnlp/jnlp/1.2/jnlp-1.2.jar
9fe42000-9fe43000 r-xs 00038000 08:17 5842785    /home/andrey/.m2/repository/org/lwjgl/lwjgl-native/2.1.0/lwjgl-native-2.1.0-win32.jar
9fe43000-9fe45000 r-xs 00019000 08:17 6931959    /home/andrey/.m2/repository/phys2d/phys2d/060408/phys2d-060408.jar
9fe45000-9fe50000 r-xs 00093000 08:17 5857808    /home/andrey/.m2/repository/slick/slick/274/slick-274.jar
9fe50000-9fe55000 r-xs 00030000 08:17 6022006    /home/andrey/.m2/repository/org/lwjgl/lwjgl-jinput/2.8.2/lwjgl-jinput-2.8.2.jar
9fe55000-9fe62000 r-xs 000d5000 08:17 6022004    /home/andrey/.m2/repository/org/lwjgl/lwjgl/2.8.2/lwjgl-2.8.2.jar
9fe62000-9fe6f000 r-xs 000cf000 08:17 8102776    /home/andrey/.m2/repository/org/scala-lang/scala-swing/2.9.1/scala-swing-2.9.1.jar
9fe6f000-9feec000 r-xs 007f2000 08:17 8118937    /home/andrey/.m2/repository/org/scala-lang/scala-library/2.9.1/scala-library-2.9.1.jar
9feec000-9fefd000 r-xs 0034a000 08:16 1122627    /opt/java/jre/lib/deploy.jar
9fefd000-9fefe000 ---p 00000000 00:00 0 
9fefe000-9ff7e000 rwxp 00000000 00:00 0          [stack:3292]
9ff7e000-9ff81000 ---p 00000000 00:00 0 
9ff81000-9ffcf000 rwxp 00000000 00:00 0          [stack:3291]
9ffcf000-a0100000 r-xp 001c4000 08:16 75650      /usr/lib/locale/locale-archive
a0100000-a0300000 r-xp 00000000 08:16 75650      /usr/lib/locale/locale-archive
a0300000-a0323000 rwxp 00000000 00:00 0 
a0323000-a0400000 ---p 00000000 00:00 0 
a0401000-a0409000 r-xs 00049000 08:17 8119493    /home/andrey/.m2/repository/ch/qos/logback/logback-core/1.0.0/logback-core-1.0.0.jar
a0409000-a040f000 r-xs 00037000 08:17 8119495    /home/andrey/.m2/repository/ch/qos/logback/logback-classic/1.0.0/logback-classic-1.0.0.jar
a040f000-a041e000 r-xs 00667000 08:16 1122624    /opt/java/jre/lib/charsets.jar
a041e000-a0427000 r-xs 000d7000 08:16 1122626    /opt/java/jre/lib/javaws.jar
a0427000-a042e000 r-xs 00094000 08:16 1122623    /opt/java/jre/lib/jsse.jar
a042e000-a0431000 ---p 00000000 00:00 0 
a0431000-a04af000 rwxp 00000000 00:00 0          [stack:3290]
a04af000-a04b2000 ---p 00000000 00:00 0 
a04b2000-a0500000 rwxp 00000000 00:00 0          [stack:3289]
a0500000-a05ce000 rwxp 00000000 00:00 0 
a05ce000-a0600000 ---p 00000000 00:00 0 
a0601000-a0609000 r-xs 00115000 08:16 1122588    /opt/java/jre/lib/resources.jar
a0609000-a060c000 ---p 00000000 00:00 0 
a060c000-a065a000 rwxp 00000000 00:00 0          [stack:3288]
a065a000-a065d000 ---p 00000000 00:00 0 
a065d000-a06ab000 rwxp 00000000 00:00 0          [stack:3287]
a06ab000-a06ac000 ---p 00000000 00:00 0 
a06ac000-a0760000 rwxp 00000000 00:00 0          [stack:3286]
a0760000-a08f8000 r-xs 03029000 08:16 1122622    /opt/java/jre/lib/rt.jar
a08f8000-a08ff000 rwxp 00000000 00:00 0 
a08ff000-a0919000 rwxp 00000000 00:00 0 
a0919000-a091f000 rwxp 00000000 00:00 0 
a091f000-a096f000 rwxp 00000000 00:00 0 
a096f000-a0972000 rwxp 00000000 00:00 0 
a0972000-a0999000 rwxp 00000000 00:00 0 
a0999000-a099f000 rwxp 00000000 00:00 0 
a099f000-a09ef000 rwxp 00000000 00:00 0 
a09ef000-a09f5000 rwxp 00000000 00:00 0 
a09f5000-a0a0f000 rwxp 00000000 00:00 0 
a0a0f000-a0f60000 rwxp 00000000 00:00 0 
a0f60000-a5f60000 rwxp 00000000 00:00 0 
a5f60000-a6a10000 rwxp 00000000 00:00 0 
a6a10000-b0a10000 rwxp 00000000 00:00 0 
b0a10000-b1610000 rwxp 00000000 00:00 0 
b1610000-b4a10000 rwxp 00000000 00:00 0 
b4a10000-b4a14000 r-xs 00027000 08:17 6022007    /home/andrey/.m2/repository/org/lwjgl/lwjgl-util/2.8.2/lwjgl-util-2.8.2.jar
b4a14000-b4a15000 r-xs 001ea000 08:17 6022005    /home/andrey/.m2/repository/org/lwjgl/lwjgl-native/2.8.2/lwjgl-native-2.8.2.jar
b4a15000-b4a18000 rwxp 00000000 00:00 0 
b4a18000-b4a95000 rwxp 00000000 00:00 0 
b4a95000-b4b55000 rwxp 00000000 00:00 0 
b4b55000-b6a95000 rwxp 00000000 00:00 0 
b6a95000-b6aaa000 r-xp 00000000 08:16 65590      /usr/lib/libnsl-2.16.so
b6aaa000-b6aab000 r-xp 00014000 08:16 65590      /usr/lib/libnsl-2.16.so
b6aab000-b6aac000 rwxp 00015000 08:16 65590      /usr/lib/libnsl-2.16.so
b6aac000-b6aae000 rwxp 00000000 00:00 0 
b6aae000-b6abf000 r-xs 001ad000 08:16 1122625    /opt/java/jre/lib/plugin.jar
b6abf000-b6ace000 r-xp 00000000 08:16 1123739    /opt/java/jre/lib/i386/libzip.so
b6ace000-b6ad0000 rwxp 0000e000 08:16 1123739    /opt/java/jre/lib/i386/libzip.so
b6ad0000-b6ad1000 rwxp 00000000 00:00 0 
b6ad1000-b6ad2000 r-xp 00000000 00:00 0 
b6ad2000-b6af5000 r-xp 00000000 08:16 1123738    /opt/java/jre/lib/i386/libjava.so
b6af5000-b6af7000 rwxp 00023000 08:16 1123738    /opt/java/jre/lib/i386/libjava.so
b6af7000-b6afe000 r-xp 00000000 08:16 65580      /usr/lib/librt-2.16.so
b6afe000-b6aff000 r-xp 00006000 08:16 65580      /usr/lib/librt-2.16.so
b6aff000-b6b00000 rwxp 00007000 08:16 65580      /usr/lib/librt-2.16.so
b6b00000-b6bff000 rwxp 00000000 00:00 0 
b6bff000-b6c00000 ---p 00000000 00:00 0 
b6c00000-b6c02000 r-xs 00003000 08:17 6922525    /home/andrey/.m2/repository/com/weiglewilczek/slf4s/slf4s_2.9.1/1.0.7/slf4s_2.9.1-1.0.7.jar
b6c02000-b6c04000 r-xs 00005000 08:17 8119031    /home/andrey/.m2/repository/org/slf4j/slf4j-api/1.6.1/slf4j-api-1.6.1.jar
b6c04000-b6c05000 r-xs 00000000 08:16 1122583    /opt/java/jre/lib/management-agent.jar
b6c05000-b6c08000 ---p 00000000 00:00 0 
b6c08000-b6c56000 rwxp 00000000 00:00 0          [stack:3285]
b6c56000-b6c94000 r-xp 00000000 08:16 65563      /usr/lib/libm-2.16.so
b6c94000-b6c95000 r-xp 0003d000 08:16 65563      /usr/lib/libm-2.16.so
b6c95000-b6c96000 rwxp 0003e000 08:16 65563      /usr/lib/libm-2.16.so
b6c96000-b7177000 r-xp 00000000 08:16 1123781    /opt/java/jre/lib/i386/client/libjvm.so
b7177000-b719a000 rwxp 004e1000 08:16 1123781    /opt/java/jre/lib/i386/client/libjvm.so
b719a000-b75b7000 rwxp 00000000 00:00 0 
b75b7000-b7756000 r-xp 00000000 08:16 65568      /usr/lib/libc-2.16.so
b7756000-b7757000 ---p 0019f000 08:16 65568      /usr/lib/libc-2.16.so
b7757000-b7759000 r-xp 0019f000 08:16 65568      /usr/lib/libc-2.16.so
b7759000-b775a000 rwxp 001a1000 08:16 65568      /usr/lib/libc-2.16.so
b775a000-b775e000 rwxp 00000000 00:00 0 
b775e000-b7761000 r-xp 00000000 08:16 65589      /usr/lib/libdl-2.16.so
b7761000-b7762000 r-xp 00002000 08:16 65589      /usr/lib/libdl-2.16.so
b7762000-b7763000 rwxp 00003000 08:16 65589      /usr/lib/libdl-2.16.so
b7763000-b776a000 r-xp 00000000 08:16 1123776    /opt/java/jre/lib/i386/jli/libjli.so
b776a000-b776c000 rwxp 00006000 08:16 1123776    /opt/java/jre/lib/i386/jli/libjli.so
b776c000-b7783000 r-xp 00000000 08:16 65573      /usr/lib/libpthread-2.16.so
b7783000-b7784000 r-xp 00016000 08:16 65573      /usr/lib/libpthread-2.16.so
b7784000-b7785000 rwxp 00017000 08:16 65573      /usr/lib/libpthread-2.16.so
b7785000-b7787000 rwxp 00000000 00:00 0 
b7787000-b778a000 r-xs 00013000 08:16 1122571    /opt/java/jre/lib/jce.jar
b778a000-b7792000 rwxs 00000000 08:16 1305960    /tmp/hsperfdata_andrey/3284
b7792000-b779d000 r-xp 00000000 08:16 65577      /usr/lib/libnss_files-2.16.so
b779d000-b779e000 r-xp 0000a000 08:16 65577      /usr/lib/libnss_files-2.16.so
b779e000-b779f000 rwxp 0000b000 08:16 65577      /usr/lib/libnss_files-2.16.so
b779f000-b77aa000 r-xp 00000000 08:16 1123737    /opt/java/jre/lib/i386/libverify.so
b77aa000-b77ab000 rwxp 0000b000 08:16 1123737    /opt/java/jre/lib/i386/libverify.so
b77ab000-b77ac000 rwxp 00000000 00:00 0 
b77ac000-b77ad000 r-xp 00000000 00:00 0          [vdso]
b77ad000-b77cd000 r-xp 00000000 08:16 65581      /usr/lib/ld-2.16.so
b77cd000-b77ce000 r-xp 0001f000 08:16 65581      /usr/lib/ld-2.16.so
b77ce000-b77cf000 rwxp 00020000 08:16 65581      /usr/lib/ld-2.16.so
bf9b5000-bf9d7000 rwxp 00000000 00:00 0          [stack]

VM Arguments:
jvm_args: -Dscage.properties=orbita.properties -Djava.library.path=target/native/linux -DLWJGL_DISABLE_XRANDR=true -Didea.launcher.port=7534 -Didea.launcher.bin.path=/home/andrey/java/idea-IC-117.418/bin -Dfile.encoding=UTF-8 
java_command: com.intellij.rt.execution.application.AppMain su.msk.dunno.scage.tutorials.gravitation.Orbita
Launcher Type: SUN_STANDARD

Environment Variables:
JAVA_HOME=/opt/java
CLASSPATH=../lib/bootstrap.jar:../lib/extensions.jar:../lib/util.jar:../lib/jdom.jar:../lib/log4j.jar:../lib/trove4j.jar:../lib/jna.jar:/opt/java/lib/tools.jar
PATH=/usr/lib/nx/bin:/usr/local/bin:/usr/bin:/bin:/usr/local/sbin:/usr/sbin:/sbin:/opt/android-sdk/platform-tools:/opt/android-sdk/tools:/opt/java/bin:/opt/java/db/bin:/opt/java/jre/bin:/usr/bin/vendor_perl:/usr/bin/core_perl
USERNAME=andrey
LD_LIBRARY_PATH=/opt/java/jre/lib/i386/client:/opt/java/jre/lib/i386:/opt/java/jre/../lib/i386:/home/andrey/java/idea-IC-117.418/bin:
SHELL=/bin/zsh
DISPLAY=:0.0

Signal Handlers:
SIGSEGV: [libjvm.so+0x469ec0], sa_mask[0]=0x7ffbfeff, sa_flags=0x10000004
SIGBUS: [libjvm.so+0x469ec0], sa_mask[0]=0x7ffbfeff, sa_flags=0x10000004
SIGFPE: [libjvm.so+0x38bf10], sa_mask[0]=0x7ffbfeff, sa_flags=0x10000004
SIGPIPE: [libjvm.so+0x38bf10], sa_mask[0]=0x7ffbfeff, sa_flags=0x10000004
SIGXFSZ: [libjvm.so+0x38bf10], sa_mask[0]=0x7ffbfeff, sa_flags=0x10000004
SIGILL: [libjvm.so+0x38bf10], sa_mask[0]=0x7ffbfeff, sa_flags=0x10000004
SIGUSR1: SIG_DFL, sa_mask[0]=0x00000000, sa_flags=0x00000000
SIGUSR2: [libjvm.so+0x38f150], sa_mask[0]=0x00000004, sa_flags=0x10000004
SIGHUP: [libjvm.so+0x38ed30], sa_mask[0]=0x7ffbfeff, sa_flags=0x10000004
SIGINT: [libjvm.so+0x38ed30], sa_mask[0]=0x7ffbfeff, sa_flags=0x10000004
SIGTERM: [libjvm.so+0x38ed30], sa_mask[0]=0x7ffbfeff, sa_flags=0x10000004
SIGQUIT: [libjvm.so+0x38ed30], sa_mask[0]=0x7ffbfeff, sa_flags=0x10000004


---------------  S Y S T E M  ---------------

OS:Linux
uname:Linux 3.4.4-3-ARCH #1 SMP PREEMPT Tue Jul 3 15:35:13 UTC 2012 i686
libc:glibc 2.16 NPTL 2.16 
rlimit: STACK 8192k, CORE 0k, NPROC 28305, NOFILE 4096, AS infinity
load average:2.50 1.83 1.61

/proc/meminfo:
MemTotal:        3626448 kB
MemFree:          940872 kB
Buffers:           88860 kB
Cached:           367352 kB
SwapCached:        84744 kB
Active:          1535984 kB
Inactive:         914096 kB
Active(anon):    1378860 kB
Inactive(anon):   629180 kB
Active(file):     157124 kB
Inactive(file):   284916 kB
Unevictable:         332 kB
Mlocked:             332 kB
HighTotal:       2760648 kB
HighFree:         658568 kB
LowTotal:         865800 kB
LowFree:          282304 kB
SwapTotal:       3963028 kB
SwapFree:        3174324 kB
Dirty:               880 kB
Writeback:             0 kB
AnonPages:       1954332 kB
Mapped:           112316 kB
Shmem:             14172 kB
Slab:              92612 kB
SReclaimable:      63500 kB
SUnreclaim:        29112 kB
KernelStack:        5000 kB
PageTables:        10032 kB
NFS_Unstable:          0 kB
Bounce:                0 kB
WritebackTmp:          0 kB
CommitLimit:     5776252 kB
Committed_AS:    6933112 kB
VmallocTotal:     122880 kB
VmallocUsed:       37236 kB
VmallocChunk:      63064 kB
HardwareCorrupted:     0 kB
AnonHugePages:   1261568 kB
HugePages_Total:       0
HugePages_Free:        0
HugePages_Rsvd:        0
HugePages_Surp:        0
Hugepagesize:       4096 kB
DirectMap4k:       57336 kB
DirectMap4M:      851968 kB


CPU:total 2 (2 cores per cpu, 1 threads per core) family 15 model 6 stepping 2, cmov, cx8, fxsr, mmx, sse, sse2, sse3

/proc/cpuinfo:
processor	: 0
vendor_id	: GenuineIntel
cpu family	: 15
model		: 6
model name	: Intel(R) Pentium(R) D CPU 3.00GHz
stepping	: 2
microcode	: 0xf
cpu MHz		: 3014.617
cache size	: 2048 KB
physical id	: 0
siblings	: 2
core id		: 0
cpu cores	: 2
apicid		: 0
initial apicid	: 0
fdiv_bug	: no
hlt_bug		: no
f00f_bug	: no
coma_bug	: no
fpu		: yes
fpu_exception	: yes
cpuid level	: 6
wp		: yes
flags		: fpu vme de pse tsc msr pae mce cx8 apic sep mtrr pge mca cmov pat pse36 clflush dts acpi mmx fxsr sse sse2 ss ht tm pbe nx lm constant_tsc pebs bts pni dtes64 monitor ds_cpl vmx cid cx16 xtpr pdcm lahf_lm tpr_shadow
bogomips	: 6031.45
clflush size	: 64
cache_alignment	: 128
address sizes	: 36 bits physical, 48 bits virtual
power management:

processor	: 1
vendor_id	: GenuineIntel
cpu family	: 15
model		: 6
model name	: Intel(R) Pentium(R) D CPU 3.00GHz
stepping	: 2
microcode	: 0xf
cpu MHz		: 3014.617
cache size	: 2048 KB
physical id	: 0
siblings	: 2
core id		: 1
cpu cores	: 2
apicid		: 1
initial apicid	: 1
fdiv_bug	: no
hlt_bug		: no
f00f_bug	: no
coma_bug	: no
fpu		: yes
fpu_exception	: yes
cpuid level	: 6
wp		: yes
flags		: fpu vme de pse tsc msr pae mce cx8 apic sep mtrr pge mca cmov pat pse36 clflush dts acpi mmx fxsr sse sse2 ss ht tm pbe nx lm constant_tsc pebs bts pni dtes64 monitor ds_cpl vmx cid cx16 xtpr pdcm lahf_lm tpr_shadow
bogomips	: 6031.45
clflush size	: 64
cache_alignment	: 128
address sizes	: 36 bits physical, 48 bits virtual
power management:



Memory: 4k page, physical 3626448k(940872k free), swap 3963028k(3174324k free)

vm_info: Java HotSpot(TM) Client VM (20.1-b02) for linux-x86 JRE (1.6.0_26-b03), built on May  4 2011 01:23:42 by "java_re" with gcc 3.2.1-7a (J2SE release)

time: Tue Sep 18 13:31:59 2012
elapsed time: 1 seconds

