#
# A fatal error has been detected by the Java Runtime Environment:
#
#  SIGSEGV (0xb) at pc=0xb46b5084, pid=3322, tid=3066166080
#
# JRE version: 6.0_26-b03
# Java VM: Java HotSpot(TM) Client VM (20.1-b02 mixed mode linux-x86 )
# Problematic frame:
# j  java.lang.String.getBytes()[B+0
#
# If you would like to submit a bug report, please visit:
#   http://java.sun.com/webapps/bugreport/crash.jsp
#

---------------  T H R E A D  ---------------

Current thread (0xb6a06800):  JavaThread "main" [_thread_in_Java, id=3323, stack(0xb6bcf000,0xb6c20000)]

siginfo:si_signo=SIGSEGV: si_errno=0, si_code=1 (SEGV_MAPERR), si_addr=0x6962724f

Registers:
EAX=0x78000000, EBX=0x00000008, ECX=0x6962724f, EDX=0x0000000c
ESP=0xb6c1ea68, EBP=0xb6c1ea88, ESI=0xb061a8e9, EDI=0xb6c1ea90
EIP=0xb46b5084, EFLAGS=0x00210246, CR2=0x6962724f

Top of Stack: (sp=0xb6c1ea68)
0xb6c1ea68:   b6c1ea68 b061a8e8 b6c1ea90 b0687ae8
0xb6c1ea78:   00000000 b061a900 00000000 b6c1ea90
0xb6c1ea88:   b6c1eaa8 b469e366 6962724f 01ffffff
0xb6c1ea98:   00001f80 b7161430 b6a06c00 00000001
0xb6c1eaa8:   b6c1eb58 b6eacc61 b6c1eb10 b6c1ece4
0xb6c1eab8:   0000000a b061a900 b46ab590 b6c1ec14
0xb6c1eac8:   00000001 b6a06800 00000001 b6c1eaf0
0xb6c1ead8:   b6c1eb10 b6a06bfc b6c1ece4 01a06c04 

Instructions: (pc=0xb46b5084)
0xb46b5064:   0f 85 56 92 fe ff 8b 75 e4 8b 7d e8 c3 0f b7 56
0xb46b5074:   01 8b 4d ec c1 e2 02 8b 5c 91 1c 8b 44 91 20 59
0xb46b5084:   3b 01 c1 e8 1c 83 e0 0f 0f 85 0a 00 00 00 0f be
0xb46b5094:   04 19 50 e9 a1 00 00 00 83 f8 03 0f 85 09 00 00 

Register to memory mapping:

EAX=0x78000000 is an unknown value
EBX=0x00000008 is an unknown value
ECX=0x6962724f is an unknown value
EDX=0x0000000c is an unknown value
ESP=0xb6c1ea68 is pointing into the stack for thread: 0xb6a06800
EBP=0xb6c1ea88 is pointing into the stack for thread: 0xb6a06800
ESI=0xb061a8e9 is an oop
{constMethod} 
 - klass: {other class}
 - method:       0xb061a900 {method} 'getBytes' '()[B' in 'java/lang/String'
 - exceptions:   0xb0611188
bci_from(0xb061a8e9) = 1; print_codes():
EDI=0xb6c1ea90 is pointing into the stack for thread: 0xb6a06800


Stack: [0xb6bcf000,0xb6c20000],  sp=0xb6c1ea68,  free space=318k
Native frames: (J=compiled Java code, j=interpreted, Vv=VM code, C=native code)
j  java.lang.String.getBytes()[B+0
v  ~StubRoutines::call_stub
V  [libjvm.so+0x24cc61]  AsyncGetCallTrace+0x6f441
V  [libjvm.so+0x38d288]  __int128+0x25b8
V  [libjvm.so+0x24ca8f]  AsyncGetCallTrace+0x6f26f
V  [libjvm.so+0x281227]  JNI_GetCreatedJavaVMs+0x817
V  [libjvm.so+0x260f4e]  AsyncGetCallTrace+0x8372e
C  [liblwjgl.so+0x2daa0]  JNI_OnUnload+0x230
C  [liblwjgl.so+0x3f1a5]  Java_org_lwjgl_opengl_LinuxDisplay_nSetTitle+0x35
j  org.lwjgl.opengl.LinuxDisplay.nSetTitle(JJJI)V+0
j  org.lwjgl.opengl.LinuxDisplay.setTitle(Ljava/lang/String;)V+24
j  org.lwjgl.opengl.Display.setTitle(Ljava/lang/String;)V+29
j  org.lwjgl.opengl.Display.createWindow()V+101
j  org.lwjgl.opengl.Display.create(Lorg/lwjgl/opengl/PixelFormat;Lorg/lwjgl/opengl/Drawable;Lorg/lwjgl/opengl/ContextAttribs;)V+72
j  org.lwjgl.opengl.Display.create(Lorg/lwjgl/opengl/PixelFormat;)V+12
j  org.lwjgl.opengl.Display.create()V+7
j  net.scage.handlers.RendererLib$class.initgl(Lnet/scage/handlers/RendererLib;IILjava/lang/String;)V+45
j  net.scage.handlers.RendererLib$.initgl(IILjava/lang/String;)V+4
j  net.scage.ScreenApp.main([Ljava/lang/String;)V+34
j  su.msk.dunno.scage.tutorials.gravitation.Orbita.main([Ljava/lang/String;)V+4
v  ~StubRoutines::call_stub
V  [libjvm.so+0x24cc61]  AsyncGetCallTrace+0x6f441
V  [libjvm.so+0x38d288]  __int128+0x25b8
V  [libjvm.so+0x24ca8f]  AsyncGetCallTrace+0x6f26f
V  [libjvm.so+0x280fd4]  JNI_GetCreatedJavaVMs+0x5c4
V  [libjvm.so+0x2705fc]  AsyncGetCallTrace+0x92ddc
C  [java+0x1b98]  JavaMain+0x2c8
C  [libpthread.so.0+0x6d08]  short+0xd8


---------------  P R O C E S S  ---------------

Java Threads: ( => current thread )
  0x9f912000 JavaThread "AWT-XAWT" daemon [_thread_blocked, id=3338, stack(0x9f69a000,0x9f6eb000)]
  0xb6a80000 JavaThread "Java2D Disposer" daemon [_thread_blocked, id=3337, stack(0x9f6f1000,0x9f742000)]
  0xb6a75000 JavaThread "Low Memory Detector" daemon [_thread_blocked, id=3334, stack(0x9fddd000,0x9fe2e000)]
  0xb6a73400 JavaThread "C1 CompilerThread0" daemon [_thread_blocked, id=3333, stack(0x9fe2e000,0x9feaf000)]
  0xa0100800 JavaThread "JDWP Command Reader" daemon [_thread_in_native, id=3330, stack(0x9feaf000,0x9ff00000)]
  0xb6a6c400 JavaThread "JDWP Event Helper Thread" daemon [_thread_blocked, id=3329, stack(0xa000d000,0xa005e000)]
  0xb6a69c00 JavaThread "JDWP Transport Listener: dt_socket" daemon [_thread_blocked, id=3328, stack(0xa005e000,0xa00af000)]
  0xb6a62000 JavaThread "Signal Dispatcher" daemon [_thread_blocked, id=3327, stack(0xa00af000,0xa0100000)]
  0xb6a54400 JavaThread "Finalizer" daemon [_thread_blocked, id=3326, stack(0xa022a000,0xa027b000)]
  0xb6a52c00 JavaThread "Reference Handler" daemon [_thread_blocked, id=3325, stack(0xa027b000,0xa02cc000)]
=>0xb6a06800 JavaThread "main" [_thread_in_Java, id=3323, stack(0xb6bcf000,0xb6c20000)]

Other Threads:
  0xb6a4f000 VMThread [stack: 0xa02cc000,0xa034d000] [id=3324]
  0xb6a77400 WatcherThread [stack: 0x9fd5c000,0x9fddd000] [id=3335]

VM state:not at safepoint (normal execution)

VM Mutex/Monitor currently owned by a thread: None

Heap
 def new generation   total 4928K, used 1681K [0xa0610000, 0xa0b60000, 0xa5b60000)
  eden space 4416K,  35% used [0xa0610000, 0xa079d6b0, 0xa0a60000)
  from space 512K,  17% used [0xa0ae0000, 0xa0af6f38, 0xa0b60000)
  to   space 512K,   0% used [0xa0a60000, 0xa0a60000, 0xa0ae0000)
 tenured generation   total 10944K, used 411K [0xa5b60000, 0xa6610000, 0xb0610000)
   the space 10944K,   3% used [0xa5b60000, 0xa5bc6c10, 0xa5bc6e00, 0xa6610000)
 compacting perm gen  total 12288K, used 11908K [0xb0610000, 0xb1210000, 0xb4610000)
   the space 12288K,  96% used [0xb0610000, 0xb11b1360, 0xb11b1400, 0xb1210000)
No shared spaces configured.

Code Cache  [0xb469e000, 0xb476e000, 0xb669e000)
 total_blobs=408 nmethods=194 adapters=158 free_code_cache=32730752 largest_free_block=0

Dynamic libraries:
08048000-08052000 r-xp 00000000 08:16 1123788    /opt/java/jre/bin/java
08052000-08053000 rwxp 00009000 08:16 1123788    /opt/java/jre/bin/java
083b4000-083d5000 rwxp 00000000 00:00 0          [heap]
9e361000-9e37d000 r-xp 00000000 08:16 1000436    /usr/lib/libgcc_s.so.1
9e37d000-9e37e000 rwxp 0001b000 08:16 1000436    /usr/lib/libgcc_s.so.1
9e37e000-9e45a000 r-xp 00000000 08:16 66738      /usr/lib/libstdc++.so.6.0.17
9e45a000-9e45e000 r-xp 000dc000 08:16 66738      /usr/lib/libstdc++.so.6.0.17
9e45e000-9e45f000 rwxp 000e0000 08:16 66738      /usr/lib/libstdc++.so.6.0.17
9e45f000-9e466000 rwxp 00000000 00:00 0 
9e466000-9e48c000 r-xp 00000000 08:16 73699      /usr/lib/libexpat.so.1.6.0
9e48c000-9e48d000 ---p 00026000 08:16 73699      /usr/lib/libexpat.so.1.6.0
9e48d000-9e48f000 r-xp 00026000 08:16 73699      /usr/lib/libexpat.so.1.6.0
9e48f000-9e490000 rwxp 00028000 08:16 73699      /usr/lib/libexpat.so.1.6.0
9e490000-9f30c000 r-xp 00000000 08:16 352524     /usr/lib/xorg/modules/dri/r300_dri.so
9f30c000-9f30d000 ---p 00e7c000 08:16 352524     /usr/lib/xorg/modules/dri/r300_dri.so
9f30d000-9f356000 r-xp 00e7c000 08:16 352524     /usr/lib/xorg/modules/dri/r300_dri.so
9f356000-9f35c000 rwxp 00ec5000 08:16 352524     /usr/lib/xorg/modules/dri/r300_dri.so
9f35c000-9f53d000 rwxp 00000000 00:00 0 
9f53d000-9f548000 r-xp 00000000 08:16 72382      /usr/lib/libdrm.so.2.4.0
9f548000-9f549000 r-xp 0000a000 08:16 72382      /usr/lib/libdrm.so.2.4.0
9f549000-9f54a000 rwxp 0000b000 08:16 72382      /usr/lib/libdrm.so.2.4.0
9f54a000-9f54e000 r-xp 00000000 08:16 73412      /usr/lib/libXxf86vm.so.1.0.0
9f54e000-9f54f000 r-xp 00003000 08:16 73412      /usr/lib/libXxf86vm.so.1.0.0
9f54f000-9f550000 rwxp 00004000 08:16 73412      /usr/lib/libXxf86vm.so.1.0.0
9f550000-9f567000 r-xp 00000000 08:16 72413      /usr/lib/libxcb-glx.so.0.0.0
9f567000-9f568000 r-xp 00017000 08:16 72413      /usr/lib/libxcb-glx.so.0.0.0
9f568000-9f569000 rwxp 00018000 08:16 72413      /usr/lib/libxcb-glx.so.0.0.0
9f569000-9f56a000 r-xp 00000000 08:16 1000438    /usr/lib/libX11-xcb.so.1.0.0
9f56a000-9f56b000 r-xp 00000000 08:16 1000438    /usr/lib/libX11-xcb.so.1.0.0
9f56b000-9f56c000 rwxp 00001000 08:16 1000438    /usr/lib/libX11-xcb.so.1.0.0
9f56c000-9f56e000 r-xp 00000000 08:16 73419      /usr/lib/libXdamage.so.1.1.0
9f56e000-9f56f000 r-xp 00001000 08:16 73419      /usr/lib/libXdamage.so.1.1.0
9f56f000-9f570000 rwxp 00002000 08:16 73419      /usr/lib/libXdamage.so.1.1.0
9f570000-9f5c1000 r-xp 00000000 08:16 73628      /usr/lib/libGL.so.1.2
9f5c1000-9f5c3000 r-xp 00050000 08:16 73628      /usr/lib/libGL.so.1.2
9f5c3000-9f5c8000 rwxp 00052000 08:16 73628      /usr/lib/libGL.so.1.2
9f5ec000-9f5ef000 ---p 00000000 00:00 0 
9f5ef000-9f63d000 rwxp 00000000 00:00 0 
9f63d000-9f697000 r-xp 00000000 08:17 8143224    /home/andrey/java/workspace-scala/gravitation/target/native/linux/liblwjgl.so
9f697000-9f698000 ---p 0005a000 08:17 8143224    /home/andrey/java/workspace-scala/gravitation/target/native/linux/liblwjgl.so
9f698000-9f699000 r-xp 0005a000 08:17 8143224    /home/andrey/java/workspace-scala/gravitation/target/native/linux/liblwjgl.so
9f699000-9f69a000 rwxp 0005b000 08:17 8143224    /home/andrey/java/workspace-scala/gravitation/target/native/linux/liblwjgl.so
9f69a000-9f69d000 ---p 00000000 00:00 0 
9f69d000-9f6eb000 rwxp 00000000 00:00 0          [stack:3338]
9f6eb000-9f6ef000 r-xp 00000000 08:16 73416      /usr/lib/libXfixes.so.3.1.0
9f6ef000-9f6f0000 r-xp 00003000 08:16 73416      /usr/lib/libXfixes.so.3.1.0
9f6f0000-9f6f1000 rwxp 00004000 08:16 73416      /usr/lib/libXfixes.so.3.1.0
9f6f1000-9f6f4000 ---p 00000000 00:00 0 
9f6f4000-9f742000 rwxp 00000000 00:00 0          [stack:3337]
9f742000-9f7bb000 r-xp 00000000 08:16 1123756    /opt/java/jre/lib/i386/libfontmanager.so
9f7bb000-9f7c5000 rwxp 00078000 08:16 1123756    /opt/java/jre/lib/i386/libfontmanager.so
9f7c5000-9f7ca000 rwxp 00000000 00:00 0 
9f7ca000-9f8fc000 r-xp 00000000 08:16 1000437    /usr/lib/libX11.so.6.3.0
9f8fc000-9f8fd000 r-xp 00131000 08:16 1000437    /usr/lib/libX11.so.6.3.0
9f8fd000-9f900000 rwxp 00132000 08:16 1000437    /usr/lib/libX11.so.6.3.0
9f900000-9f9d7000 rwxp 00000000 00:00 0 
9f9d7000-9fa00000 ---p 00000000 00:00 0 
9fa01000-9fa0a000 r-xp 00000000 08:16 1016216    /usr/lib/libXrender.so.1.3.0
9fa0a000-9fa0b000 r-xp 00008000 08:16 1016216    /usr/lib/libXrender.so.1.3.0
9fa0b000-9fa0c000 rwxp 00009000 08:16 1016216    /usr/lib/libXrender.so.1.3.0
9fa0c000-9fa15000 r-xp 00000000 08:16 1016226    /usr/lib/libXcursor.so.1.0.2
9fa15000-9fa16000 r-xp 00008000 08:16 1016226    /usr/lib/libXcursor.so.1.0.2
9fa16000-9fa17000 rwxp 00009000 08:16 1016226    /usr/lib/libXcursor.so.1.0.2
9fa17000-9fa1c000 r-xp 00000000 08:16 72393      /usr/lib/libXdmcp.so.6.0.0
9fa1c000-9fa1d000 r-xp 00004000 08:16 72393      /usr/lib/libXdmcp.so.6.0.0
9fa1d000-9fa1e000 rwxp 00005000 08:16 72393      /usr/lib/libXdmcp.so.6.0.0
9fa1e000-9fa3e000 r-xp 00000000 08:16 72455      /usr/lib/libxcb.so.1.1.0
9fa3e000-9fa3f000 r-xp 0001f000 08:16 72455      /usr/lib/libxcb.so.1.1.0
9fa3f000-9fa40000 rwxp 00020000 08:16 72455      /usr/lib/libxcb.so.1.1.0
9fa40000-9fa4e000 r-xp 00000000 08:16 1000506    /usr/lib/libXi.so.6.1.0
9fa4e000-9fa4f000 r-xp 0000d000 08:16 1000506    /usr/lib/libXi.so.6.1.0
9fa4f000-9fa50000 rwxp 0000e000 08:16 1000506    /usr/lib/libXi.so.6.1.0
9fa50000-9fad5000 r-xp 00000000 08:16 1123754    /opt/java/jre/lib/i386/libawt.so
9fad5000-9fadc000 rwxp 00085000 08:16 1123754    /opt/java/jre/lib/i386/libawt.so
9fadc000-9fb00000 rwxp 00000000 00:00 0 
9fb00000-9fc00000 rwxp 00000000 00:00 0 
9fc03000-9fc05000 r-xp 00000000 08:16 72405      /usr/lib/libXau.so.6.0.0
9fc05000-9fc06000 r-xp 00001000 08:16 72405      /usr/lib/libXau.so.6.0.0
9fc06000-9fc07000 rwxp 00002000 08:16 72405      /usr/lib/libXau.so.6.0.0
9fc07000-9fc0c000 r-xp 00000000 08:16 1002938    /usr/lib/libXtst.so.6.1.0
9fc0c000-9fc0d000 r-xp 00004000 08:16 1002938    /usr/lib/libXtst.so.6.1.0
9fc0d000-9fc0e000 rwxp 00005000 08:16 1002938    /usr/lib/libXtst.so.6.1.0
9fc0e000-9fc1f000 r-xp 00000000 08:16 1001134    /usr/lib/libXext.so.6.4.0
9fc1f000-9fc20000 r-xp 00010000 08:16 1001134    /usr/lib/libXext.so.6.4.0
9fc20000-9fc21000 rwxp 00011000 08:16 1001134    /usr/lib/libXext.so.6.4.0
9fc24000-9fc33000 r-xp 00000000 08:16 999566     /usr/lib/libglapi.so.0.0.0
9fc33000-9fc35000 r-xp 0000f000 08:16 999566     /usr/lib/libglapi.so.0.0.0
9fc35000-9fc3a000 rwxp 00011000 08:16 999566     /usr/lib/libglapi.so.0.0.0
9fc3a000-9fc41000 r-xp 00000000 08:16 1000666    /usr/lib/libXrandr.so.2.2.0
9fc41000-9fc42000 r-xp 00006000 08:16 1000666    /usr/lib/libXrandr.so.2.2.0
9fc42000-9fc43000 rwxp 00007000 08:16 1000666    /usr/lib/libXrandr.so.2.2.0
9fc43000-9fc44000 r-xp 00000000 08:16 1123762    /opt/java/jre/lib/i386/libjawt.so
9fc44000-9fc45000 rwxp 00000000 08:16 1123762    /opt/java/jre/lib/i386/libjawt.so
9fc45000-9fc88000 r-xp 00000000 08:16 1123775    /opt/java/jre/lib/i386/xawt/libmawt.so
9fc88000-9fc8a000 rwxp 00043000 08:16 1123775    /opt/java/jre/lib/i386/xawt/libmawt.so
9fc8a000-9fc8b000 rwxp 00000000 00:00 0 
9fc8b000-9fc9f000 r-xp 00000000 08:16 1123743    /opt/java/jre/lib/i386/libnet.so
9fc9f000-9fca0000 rwxp 00013000 08:16 1123743    /opt/java/jre/lib/i386/libnet.so
9fca0000-9fcce000 r-xp 00000000 08:16 73783      /usr/share/locale/ru/LC_MESSAGES/libc.mo
9fcce000-9fcd0000 r-xs 00013000 08:17 10223707   /home/andrey/java/idea-IC-117.418/lib/idea_rt.jar
9fcd0000-9fcd2000 r-xs 0000d000 08:17 5833258    /home/andrey/.m2/repository/jcraft/jorbis/0.0.15/jorbis-0.0.15.jar
9fcd2000-9fcdd000 r-xs 00093000 08:17 5857808    /home/andrey/.m2/repository/slick/slick/274/slick-274.jar
9fcdd000-9fcdf000 r-xs 00003000 08:17 6922525    /home/andrey/.m2/repository/com/weiglewilczek/slf4s/slf4s_2.9.1/1.0.7/slf4s_2.9.1-1.0.7.jar
9fcdf000-9fd5c000 r-xs 007f2000 08:17 8118937    /home/andrey/.m2/repository/org/scala-lang/scala-library/2.9.1/scala-library-2.9.1.jar
9fd5c000-9fd5d000 ---p 00000000 00:00 0 
9fd5d000-9fddd000 rwxp 00000000 00:00 0          [stack:3335]
9fddd000-9fde0000 ---p 00000000 00:00 0 
9fde0000-9fe2e000 rwxp 00000000 00:00 0          [stack:3334]
9fe2e000-9fe31000 ---p 00000000 00:00 0 
9fe31000-9feaf000 rwxp 00000000 00:00 0          [stack:3333]
9feaf000-9feb2000 ---p 00000000 00:00 0 
9feb2000-9ff00000 rwxp 00000000 00:00 0          [stack:3330]
9ff00000-9ffb0000 rwxp 00000000 00:00 0 
9ffb0000-a0000000 ---p 00000000 00:00 0 
a0000000-a000d000 r-xs 000d5000 08:17 6022004    /home/andrey/.m2/repository/org/lwjgl/lwjgl/2.8.2/lwjgl-2.8.2.jar
a000d000-a0010000 ---p 00000000 00:00 0 
a0010000-a005e000 rwxp 00000000 00:00 0          [stack:3329]
a005e000-a0061000 ---p 00000000 00:00 0 
a0061000-a00af000 rwxp 00000000 00:00 0          [stack:3328]
a00af000-a00b2000 ---p 00000000 00:00 0 
a00b2000-a0100000 rwxp 00000000 00:00 0          [stack:3327]
a0100000-a0121000 rwxp 00000000 00:00 0 
a0121000-a0200000 ---p 00000000 00:00 0 
a0200000-a0201000 r-xs 00002000 08:17 5833254    /home/andrey/.m2/repository/jcraft/jogg/0.0.7/jogg-0.0.7.jar
a0201000-a0203000 r-xs 00008000 08:17 5833172    /home/andrey/.m2/repository/ibxm/ibxm/unknown/ibxm-unknown.jar
a0203000-a0207000 r-xs 00027000 08:17 6022007    /home/andrey/.m2/repository/org/lwjgl/lwjgl-util/2.8.2/lwjgl-util-2.8.2.jar
a0207000-a020c000 r-xs 00030000 08:17 6022006    /home/andrey/.m2/repository/org/lwjgl/lwjgl-jinput/2.8.2/lwjgl-jinput-2.8.2.jar
a020c000-a0219000 r-xs 000cf000 08:17 8102776    /home/andrey/.m2/repository/org/scala-lang/scala-swing/2.9.1/scala-swing-2.9.1.jar
a0219000-a022a000 r-xs 0034a000 08:16 1122627    /opt/java/jre/lib/deploy.jar
a022a000-a022d000 ---p 00000000 00:00 0 
a022d000-a027b000 rwxp 00000000 00:00 0          [stack:3326]
a027b000-a027e000 ---p 00000000 00:00 0 
a027e000-a02cc000 rwxp 00000000 00:00 0          [stack:3325]
a02cc000-a02cd000 ---p 00000000 00:00 0 
a02cd000-a0381000 rwxp 00000000 00:00 0          [stack:3324]
a0381000-a0519000 r-xs 03029000 08:16 1122622    /opt/java/jre/lib/rt.jar
a0519000-a051f000 rwxp 00000000 00:00 0 
a051f000-a056f000 rwxp 00000000 00:00 0 
a056f000-a0572000 rwxp 00000000 00:00 0 
a0572000-a0599000 rwxp 00000000 00:00 0 
a0599000-a059f000 rwxp 00000000 00:00 0 
a059f000-a05ef000 rwxp 00000000 00:00 0 
a05ef000-a05f5000 rwxp 00000000 00:00 0 
a05f5000-a060f000 rwxp 00000000 00:00 0 
a060f000-a0b60000 rwxp 00000000 00:00 0 
a0b60000-a5b60000 rwxp 00000000 00:00 0 
a5b60000-a6610000 rwxp 00000000 00:00 0 
a6610000-b0610000 rwxp 00000000 00:00 0 
b0610000-b1210000 rwxp 00000000 00:00 0 
b1210000-b4610000 rwxp 00000000 00:00 0 
b4610000-b4618000 r-xs 00049000 08:17 8119493    /home/andrey/.m2/repository/ch/qos/logback/logback-core/1.0.0/logback-core-1.0.0.jar
b4618000-b461e000 r-xs 00037000 08:17 8119495    /home/andrey/.m2/repository/ch/qos/logback/logback-classic/1.0.0/logback-classic-1.0.0.jar
b461e000-b4622000 rwxp 00000000 00:00 0 
b4622000-b469e000 rwxp 00000000 00:00 0 
b469e000-b476e000 rwxp 00000000 00:00 0 
b476e000-b669e000 rwxp 00000000 00:00 0 
b669e000-b66a9000 r-xp 00000000 08:16 65577      /usr/lib/libnss_files-2.16.so
b66a9000-b66aa000 r-xp 0000a000 08:16 65577      /usr/lib/libnss_files-2.16.so
b66aa000-b66ab000 rwxp 0000b000 08:16 65577      /usr/lib/libnss_files-2.16.so
b66ac000-b66bb000 r-xs 00667000 08:16 1122624    /opt/java/jre/lib/charsets.jar
b66bb000-b66be000 r-xs 00013000 08:16 1122571    /opt/java/jre/lib/jce.jar
b66be000-b66c7000 r-xs 000d7000 08:16 1122626    /opt/java/jre/lib/javaws.jar
b66c7000-b66cf000 rwxs 00000000 08:16 1305960    /tmp/hsperfdata_andrey/3322
b66cf000-b6800000 r-xp 001c4000 08:16 75650      /usr/lib/locale/locale-archive
b6800000-b6a00000 r-xp 00000000 08:16 75650      /usr/lib/locale/locale-archive
b6a00000-b6afd000 rwxp 00000000 00:00 0 
b6afd000-b6b00000 ---p 00000000 00:00 0 
b6b01000-b6b08000 r-xs 00094000 08:16 1122623    /opt/java/jre/lib/jsse.jar
b6b08000-b6b0f000 rwxp 00000000 00:00 0 
b6b0f000-b6b29000 rwxp 00000000 00:00 0 
b6b29000-b6b63000 r-xp 00000000 08:16 1123766    /opt/java/jre/lib/i386/libjdwp.so
b6b63000-b6b64000 rwxp 00039000 08:16 1123766    /opt/java/jre/lib/i386/libjdwp.so
b6b64000-b6b79000 r-xp 00000000 08:16 65590      /usr/lib/libnsl-2.16.so
b6b79000-b6b7a000 r-xp 00014000 08:16 65590      /usr/lib/libnsl-2.16.so
b6b7a000-b6b7b000 rwxp 00015000 08:16 65590      /usr/lib/libnsl-2.16.so
b6b7b000-b6b7d000 rwxp 00000000 00:00 0 
b6b7d000-b6b7e000 r-xs 00001000 08:17 6931942    /home/andrey/.m2/repository/javax/jnlp/jnlp/1.2/jnlp-1.2.jar
b6b7e000-b6b7f000 r-xs 00038000 08:17 5842785    /home/andrey/.m2/repository/org/lwjgl/lwjgl-native/2.1.0/lwjgl-native-2.1.0-win32.jar
b6b7f000-b6b90000 r-xs 001ad000 08:16 1122625    /opt/java/jre/lib/plugin.jar
b6b90000-b6b9f000 r-xp 00000000 08:16 1123739    /opt/java/jre/lib/i386/libzip.so
b6b9f000-b6ba1000 rwxp 0000e000 08:16 1123739    /opt/java/jre/lib/i386/libzip.so
b6ba1000-b6bc4000 r-xp 00000000 08:16 1123738    /opt/java/jre/lib/i386/libjava.so
b6bc4000-b6bc6000 rwxp 00023000 08:16 1123738    /opt/java/jre/lib/i386/libjava.so
b6bc6000-b6bcd000 r-xp 00000000 08:16 65580      /usr/lib/librt-2.16.so
b6bcd000-b6bce000 r-xp 00006000 08:16 65580      /usr/lib/librt-2.16.so
b6bce000-b6bcf000 rwxp 00007000 08:16 65580      /usr/lib/librt-2.16.so
b6bcf000-b6bd2000 ---p 00000000 00:00 0 
b6bd2000-b6c20000 rwxp 00000000 00:00 0          [stack:3323]
b6c20000-b6c5e000 r-xp 00000000 08:16 65563      /usr/lib/libm-2.16.so
b6c5e000-b6c5f000 r-xp 0003d000 08:16 65563      /usr/lib/libm-2.16.so
b6c5f000-b6c60000 rwxp 0003e000 08:16 65563      /usr/lib/libm-2.16.so
b6c60000-b7141000 r-xp 00000000 08:16 1123781    /opt/java/jre/lib/i386/client/libjvm.so
b7141000-b7164000 rwxp 004e1000 08:16 1123781    /opt/java/jre/lib/i386/client/libjvm.so
b7164000-b7581000 rwxp 00000000 00:00 0 
b7581000-b7720000 r-xp 00000000 08:16 65568      /usr/lib/libc-2.16.so
b7720000-b7721000 ---p 0019f000 08:16 65568      /usr/lib/libc-2.16.so
b7721000-b7723000 r-xp 0019f000 08:16 65568      /usr/lib/libc-2.16.so
b7723000-b7724000 rwxp 001a1000 08:16 65568      /usr/lib/libc-2.16.so
b7724000-b7728000 rwxp 00000000 00:00 0 
b7728000-b772b000 r-xp 00000000 08:16 65589      /usr/lib/libdl-2.16.so
b772b000-b772c000 r-xp 00002000 08:16 65589      /usr/lib/libdl-2.16.so
b772c000-b772d000 rwxp 00003000 08:16 65589      /usr/lib/libdl-2.16.so
b772d000-b7734000 r-xp 00000000 08:16 1123776    /opt/java/jre/lib/i386/jli/libjli.so
b7734000-b7736000 rwxp 00006000 08:16 1123776    /opt/java/jre/lib/i386/jli/libjli.so
b7736000-b774d000 r-xp 00000000 08:16 65573      /usr/lib/libpthread-2.16.so
b774d000-b774e000 r-xp 00016000 08:16 65573      /usr/lib/libpthread-2.16.so
b774e000-b774f000 rwxp 00017000 08:16 65573      /usr/lib/libpthread-2.16.so
b774f000-b7751000 rwxp 00000000 00:00 0 
b7751000-b7753000 r-xs 00019000 08:17 6931959    /home/andrey/.m2/repository/phys2d/phys2d/060408/phys2d-060408.jar
b7753000-b7754000 r-xs 001ea000 08:17 6022005    /home/andrey/.m2/repository/org/lwjgl/lwjgl-native/2.8.2/lwjgl-native-2.8.2.jar
b7754000-b7756000 r-xs 00005000 08:17 8119031    /home/andrey/.m2/repository/org/slf4j/slf4j-api/1.6.1/slf4j-api-1.6.1.jar
b7756000-b7757000 r-xs 00000000 08:16 1122583    /opt/java/jre/lib/management-agent.jar
b7757000-b775f000 r-xs 00115000 08:16 1122588    /opt/java/jre/lib/resources.jar
b775f000-b7762000 r-xp 00000000 08:16 1123767    /opt/java/jre/lib/i386/libdt_socket.so
b7762000-b7763000 rwxp 00003000 08:16 1123767    /opt/java/jre/lib/i386/libdt_socket.so
b7763000-b7766000 r-xp 00000000 08:16 1123740    /opt/java/jre/lib/i386/libnpt.so
b7766000-b7767000 rwxp 00002000 08:16 1123740    /opt/java/jre/lib/i386/libnpt.so
b7767000-b7768000 rwxp 00000000 00:00 0 
b7768000-b7769000 r-xp 00000000 00:00 0 
b7769000-b7774000 r-xp 00000000 08:16 1123737    /opt/java/jre/lib/i386/libverify.so
b7774000-b7775000 rwxp 0000b000 08:16 1123737    /opt/java/jre/lib/i386/libverify.so
b7775000-b7776000 rwxp 00000000 00:00 0 
b7776000-b7777000 r-xp 00000000 00:00 0          [vdso]
b7777000-b7797000 r-xp 00000000 08:16 65581      /usr/lib/ld-2.16.so
b7797000-b7798000 r-xp 0001f000 08:16 65581      /usr/lib/ld-2.16.so
b7798000-b7799000 rwxp 00020000 08:16 65581      /usr/lib/ld-2.16.so
bfd62000-bfd84000 rwxp 00000000 00:00 0          [stack]

VM Arguments:
jvm_args: -agentlib:jdwp=transport=dt_socket,address=127.0.0.1:48191,suspend=y,server=n -Dscage.properties=orbita.properties -Djava.library.path=target/native/linux -DLWJGL_DISABLE_XRANDR=true -Dfile.encoding=UTF-8 
java_command: su.msk.dunno.scage.tutorials.gravitation.Orbita
Launcher Type: SUN_STANDARD

Environment Variables:
JAVA_HOME=/opt/java
CLASSPATH=../lib/bootstrap.jar:../lib/extensions.jar:../lib/util.jar:../lib/jdom.jar:../lib/log4j.jar:../lib/trove4j.jar:../lib/jna.jar:/opt/java/lib/tools.jar
PATH=/usr/lib/nx/bin:/usr/local/bin:/usr/bin:/bin:/usr/local/sbin:/usr/sbin:/sbin:/opt/android-sdk/platform-tools:/opt/android-sdk/tools:/opt/java/bin:/opt/java/db/bin:/opt/java/jre/bin:/usr/bin/vendor_perl:/usr/bin/core_perl
USERNAME=andrey
LD_LIBRARY_PATH=/opt/java/jre/lib/i386/client:/opt/java/jre/lib/i386:/opt/java/jre/../lib/i386:/home/andrey/java/idea-IC-117.418/bin:
SHELL=/bin/zsh
DISPLAY=:0.0

Signal Handlers:
SIGSEGV: [libjvm.so+0x469ec0], sa_mask[0]=0x7ffbfeff, sa_flags=0x10000004
SIGBUS: [libjvm.so+0x469ec0], sa_mask[0]=0x7ffbfeff, sa_flags=0x10000004
SIGFPE: [libjvm.so+0x38bf10], sa_mask[0]=0x7ffbfeff, sa_flags=0x10000004
SIGPIPE: [libjvm.so+0x38bf10], sa_mask[0]=0x7ffbfeff, sa_flags=0x10000004
SIGXFSZ: [libjvm.so+0x38bf10], sa_mask[0]=0x7ffbfeff, sa_flags=0x10000004
SIGILL: [libjvm.so+0x38bf10], sa_mask[0]=0x7ffbfeff, sa_flags=0x10000004
SIGUSR1: SIG_DFL, sa_mask[0]=0x00000000, sa_flags=0x00000000
SIGUSR2: [libjvm.so+0x38f150], sa_mask[0]=0x00000004, sa_flags=0x10000004
SIGHUP: [libjvm.so+0x38ed30], sa_mask[0]=0x7ffbfeff, sa_flags=0x10000004
SIGINT: [libjvm.so+0x38ed30], sa_mask[0]=0x7ffbfeff, sa_flags=0x10000004
SIGTERM: [libjvm.so+0x38ed30], sa_mask[0]=0x7ffbfeff, sa_flags=0x10000004
SIGQUIT: [libjvm.so+0x38ed30], sa_mask[0]=0x7ffbfeff, sa_flags=0x10000004


---------------  S Y S T E M  ---------------

OS:Linux
uname:Linux 3.4.4-3-ARCH #1 SMP PREEMPT Tue Jul 3 15:35:13 UTC 2012 i686
libc:glibc 2.16 NPTL 2.16 
rlimit: STACK 8192k, CORE 0k, NPROC 28305, NOFILE 4096, AS infinity
load average:1,85 1,76 1,61

/proc/meminfo:
MemTotal:        3626448 kB
MemFree:          936820 kB
Buffers:           89204 kB
Cached:           367872 kB
SwapCached:        84720 kB
Active:          1540808 kB
Inactive:         912468 kB
Active(anon):    1381180 kB
Inactive(anon):   629192 kB
Active(file):     159628 kB
Inactive(file):   283276 kB
Unevictable:         332 kB
Mlocked:             332 kB
HighTotal:       2760648 kB
HighFree:         654848 kB
LowTotal:         865800 kB
LowFree:          281972 kB
SwapTotal:       3963028 kB
SwapFree:        3174360 kB
Dirty:               292 kB
Writeback:             0 kB
AnonPages:       1956760 kB
Mapped:           110764 kB
Shmem:             14172 kB
Slab:              92624 kB
SReclaimable:      63504 kB
SUnreclaim:        29120 kB
KernelStack:        5032 kB
PageTables:        10068 kB
NFS_Unstable:          0 kB
Bounce:                0 kB
WritebackTmp:          0 kB
CommitLimit:     5776252 kB
Committed_AS:    6937208 kB
VmallocTotal:     122880 kB
VmallocUsed:       37236 kB
VmallocChunk:      63064 kB
HardwareCorrupted:     0 kB
AnonHugePages:   1261568 kB
HugePages_Total:       0
HugePages_Free:        0
HugePages_Rsvd:        0
HugePages_Surp:        0
Hugepagesize:       4096 kB
DirectMap4k:       57336 kB
DirectMap4M:      851968 kB


CPU:total 2 (2 cores per cpu, 1 threads per core) family 15 model 6 stepping 2, cmov, cx8, fxsr, mmx, sse, sse2, sse3

/proc/cpuinfo:
processor	: 0
vendor_id	: GenuineIntel
cpu family	: 15
model		: 6
model name	: Intel(R) Pentium(R) D CPU 3.00GHz
stepping	: 2
microcode	: 0xf
cpu MHz		: 3014.617
cache size	: 2048 KB
physical id	: 0
siblings	: 2
core id		: 0
cpu cores	: 2
apicid		: 0
initial apicid	: 0
fdiv_bug	: no
hlt_bug		: no
f00f_bug	: no
coma_bug	: no
fpu		: yes
fpu_exception	: yes
cpuid level	: 6
wp		: yes
flags		: fpu vme de pse tsc msr pae mce cx8 apic sep mtrr pge mca cmov pat pse36 clflush dts acpi mmx fxsr sse sse2 ss ht tm pbe nx lm constant_tsc pebs bts pni dtes64 monitor ds_cpl vmx cid cx16 xtpr pdcm lahf_lm tpr_shadow
bogomips	: 6031.45
clflush size	: 64
cache_alignment	: 128
address sizes	: 36 bits physical, 48 bits virtual
power management:

processor	: 1
vendor_id	: GenuineIntel
cpu family	: 15
model		: 6
model name	: Intel(R) Pentium(R) D CPU 3.00GHz
stepping	: 2
microcode	: 0xf
cpu MHz		: 3014.617
cache size	: 2048 KB
physical id	: 0
siblings	: 2
core id		: 1
cpu cores	: 2
apicid		: 1
initial apicid	: 1
fdiv_bug	: no
hlt_bug		: no
f00f_bug	: no
coma_bug	: no
fpu		: yes
fpu_exception	: yes
cpuid level	: 6
wp		: yes
flags		: fpu vme de pse tsc msr pae mce cx8 apic sep mtrr pge mca cmov pat pse36 clflush dts acpi mmx fxsr sse sse2 ss ht tm pbe nx lm constant_tsc pebs bts pni dtes64 monitor ds_cpl vmx cid cx16 xtpr pdcm lahf_lm tpr_shadow
bogomips	: 6031.45
clflush size	: 64
cache_alignment	: 128
address sizes	: 36 bits physical, 48 bits virtual
power management:



Memory: 4k page, physical 3626448k(937812k free), swap 3963028k(3174360k free)

vm_info: Java HotSpot(TM) Client VM (20.1-b02) for linux-x86 JRE (1.6.0_26-b03), built on May  4 2011 01:23:42 by "java_re" with gcc 3.2.1-7a (J2SE release)

time: Tue Sep 18 13:33:55 2012
elapsed time: 20 seconds

