#
# A fatal error has been detected by the Java Runtime Environment:
#
#  SIGSEGV (0xb) at pc=0xb4ab9d2a, pid=2971, tid=3066547008
#
# JRE version: 6.0_26-b03
# Java VM: Java HotSpot(TM) Client VM (20.1-b02 mixed mode linux-x86 )
# Problematic frame:
# j  java.lang.String.getBytes()[B+0
#
# If you would like to submit a bug report, please visit:
#   http://java.sun.com/webapps/bugreport/crash.jsp
#

---------------  T H R E A D  ---------------

Current thread (0xb6b05800):  JavaThread "main" [_thread_in_Java, id=2972, stack(0xb6c2c000,0xb6c7d000)]

siginfo:si_signo=SIGSEGV: si_errno=0, si_code=1 (SEGV_MAPERR), si_addr=0x6962724f

Registers:
EAX=0x78000000, EBX=0x00000008, ECX=0x6962724f, EDX=0x0000000c
ESP=0xb6c7b588, EBP=0xb6c7b5a8, ESI=0xb0a2a861, EDI=0xb6c7b5b0
EIP=0xb4ab9d2a, EFLAGS=0x00210246, CR2=0x6962724f

Top of Stack: (sp=0xb6c7b588)
0xb6c7b588:   b6c7b588 b0a2a860 b6c7b5b0 b0a95f90
0xb6c7b598:   00000000 b0a2a878 00000000 b6c7b5b0
0xb6c7b5a8:   b6c7b5c8 b4aaa366 6962724f 01ffffff
0xb6c7b5b8:   00001f80 b71be430 b6b05b20 00000001
0xb6c7b5c8:   b6c7b678 b6f09c61 b6c7b630 b6c7b804
0xb6c7b5d8:   0000000a b0a2a878 b4ab3390 b6c7b734
0xb6c7b5e8:   00000001 b6b05800 00000001 b6c7b610
0xb6c7b5f8:   b6c7b630 b6b05b1c b6c7b804 01b05b24 

Instructions: (pc=0xb4ab9d2a)
0xb4ab9d0a:   0f 85 b0 05 ff ff 8b 75 e4 8b 7d e8 c3 0f b7 56
0xb4ab9d1a:   01 8b 4d ec c1 e2 02 8b 5c 91 1c 8b 44 91 20 59
0xb4ab9d2a:   3b 01 c1 e8 1c 83 e0 0f 0f 85 0a 00 00 00 0f be
0xb4ab9d3a:   04 19 50 e9 a1 00 00 00 83 f8 03 0f 85 09 00 00 

Register to memory mapping:

EAX=0x78000000 is an unknown value
EBX=0x00000008 is an unknown value
ECX=0x6962724f is an unknown value
EDX=0x0000000c is an unknown value
ESP=0xb6c7b588 is pointing into the stack for thread: 0xb6b05800
EBP=0xb6c7b5a8 is pointing into the stack for thread: 0xb6b05800
ESI=0xb0a2a861 is an oop
{constMethod} 
 - klass: {other class}
 - method:       0xb0a2a878 {method} 'getBytes' '()[B' in 'java/lang/String'
 - exceptions:   0xb0a21188
bci_from(0xb0a2a861) = 1; print_codes():
EDI=0xb6c7b5b0 is pointing into the stack for thread: 0xb6b05800


Stack: [0xb6c2c000,0xb6c7d000],  sp=0xb6c7b588,  free space=317k
Native frames: (J=compiled Java code, j=interpreted, Vv=VM code, C=native code)
j  java.lang.String.getBytes()[B+0
v  ~StubRoutines::call_stub
V  [libjvm.so+0x24cc61]  AsyncGetCallTrace+0x6f441
V  [libjvm.so+0x38d288]  __int128+0x25b8
V  [libjvm.so+0x24ca8f]  AsyncGetCallTrace+0x6f26f
V  [libjvm.so+0x281227]  JNI_GetCreatedJavaVMs+0x817
V  [libjvm.so+0x260f4e]  AsyncGetCallTrace+0x8372e
C  [liblwjgl.so+0x2daa0]  JNI_OnUnload+0x230
C  [liblwjgl.so+0x3f1a5]  Java_org_lwjgl_opengl_LinuxDisplay_nSetTitle+0x35
j  org.lwjgl.opengl.LinuxDisplay.nSetTitle(JJJI)V+0
j  org.lwjgl.opengl.LinuxDisplay.setTitle(Ljava/lang/String;)V+24
j  org.lwjgl.opengl.Display.setTitle(Ljava/lang/String;)V+29
j  org.lwjgl.opengl.Display.createWindow()V+101
j  org.lwjgl.opengl.Display.create(Lorg/lwjgl/opengl/PixelFormat;Lorg/lwjgl/opengl/Drawable;Lorg/lwjgl/opengl/ContextAttribs;)V+72
j  org.lwjgl.opengl.Display.create(Lorg/lwjgl/opengl/PixelFormat;)V+12
j  org.lwjgl.opengl.Display.create()V+7
j  net.scage.handlers.RendererLib$class.initgl(Lnet/scage/handlers/RendererLib;IILjava/lang/String;)V+45
j  net.scage.handlers.RendererLib$.initgl(IILjava/lang/String;)V+4
j  net.scage.ScreenApp.main([Ljava/lang/String;)V+34
j  su.msk.dunno.scage.tutorials.gravitation.Orbita.main([Ljava/lang/String;)V+4
v  ~StubRoutines::call_stub
V  [libjvm.so+0x24cc61]  AsyncGetCallTrace+0x6f441
V  [libjvm.so+0x38d288]  __int128+0x25b8
V  [libjvm.so+0x24ca8f]  AsyncGetCallTrace+0x6f26f
V  [libjvm.so+0x3bccf5]  JVM_handle_linux_signal+0x2ccc5
V  [libjvm.so+0x3c00b7]  JVM_handle_linux_signal+0x30087
V  [libjvm.so+0x2cc69f]  JVM_InvokeMethod+0x1ff
C  [libjava.so+0x151f4]  Java_sun_reflect_NativeMethodAccessorImpl_invoke0+0x34
j  sun.reflect.NativeMethodAccessorImpl.invoke0(Ljava/lang/reflect/Method;Ljava/lang/Object;[Ljava/lang/Object;)Ljava/lang/Object;+0
j  sun.reflect.NativeMethodAccessorImpl.invoke(Ljava/lang/Object;[Ljava/lang/Object;)Ljava/lang/Object;+87
j  sun.reflect.DelegatingMethodAccessorImpl.invoke(Ljava/lang/Object;[Ljava/lang/Object;)Ljava/lang/Object;+6
j  java.lang.reflect.Method.invoke(Ljava/lang/Object;[Ljava/lang/Object;)Ljava/lang/Object;+161
j  com.intellij.rt.execution.application.AppMain.main([Ljava/lang/String;)V+140
v  ~StubRoutines::call_stub
V  [libjvm.so+0x24cc61]  AsyncGetCallTrace+0x6f441
V  [libjvm.so+0x38d288]  __int128+0x25b8
V  [libjvm.so+0x24ca8f]  AsyncGetCallTrace+0x6f26f
V  [libjvm.so+0x280fd4]  JNI_GetCreatedJavaVMs+0x5c4
V  [libjvm.so+0x2705fc]  AsyncGetCallTrace+0x92ddc
C  [java+0x1b98]  JavaMain+0x2c8
C  [libpthread.so.0+0x6d08]  short+0xd8


---------------  P R O C E S S  ---------------

Java Threads: ( => current thread )
  0x9f922c00 JavaThread "AWT-XAWT" daemon [_thread_in_native, id=2983, stack(0x9f7d6000,0x9f827000)]
  0x9fd50400 JavaThread "Java2D Disposer" daemon [_thread_blocked, id=2982, stack(0x9f827000,0x9f878000)]
  0x9fd4a800 JavaThread "Monitor Ctrl-Break" daemon [_thread_in_native, id=2980, stack(0x9fe02000,0x9fe53000)]
  0xb6b64c00 JavaThread "Low Memory Detector" daemon [_thread_blocked, id=2978, stack(0x9ff7e000,0x9ffcf000)]
  0xb6b63000 JavaThread "C1 CompilerThread0" daemon [_thread_blocked, id=2977, stack(0xa042e000,0xa04af000)]
  0xb6b61800 JavaThread "Signal Dispatcher" daemon [_thread_blocked, id=2976, stack(0xa04af000,0xa0500000)]
  0xb6b53000 JavaThread "Finalizer" daemon [_thread_blocked, id=2975, stack(0xa0619000,0xa066a000)]
  0xb6b51c00 JavaThread "Reference Handler" daemon [_thread_blocked, id=2974, stack(0xa066a000,0xa06bb000)]
=>0xb6b05800 JavaThread "main" [_thread_in_Java, id=2972, stack(0xb6c2c000,0xb6c7d000)]

Other Threads:
  0xb6b4e000 VMThread [stack: 0xa06bb000,0xa073c000] [id=2973]
  0xb6b67000 WatcherThread [stack: 0x9fefd000,0x9ff7e000] [id=2979]

VM state:not at safepoint (normal execution)

VM Mutex/Monitor currently owned by a thread: None

Heap
 def new generation   total 4928K, used 1988K [0xa0a20000, 0xa0f70000, 0xa5f70000)
  eden space 4416K,  42% used [0xa0a20000, 0xa0bf3e38, 0xa0e70000)
  from space 512K,  22% used [0xa0ef0000, 0xa0f0d350, 0xa0f70000)
  to   space 512K,   0% used [0xa0e70000, 0xa0e70000, 0xa0ef0000)
 tenured generation   total 10944K, used 424K [0xa5f70000, 0xa6a20000, 0xb0a20000)
   the space 10944K,   3% used [0xa5f70000, 0xa5fda160, 0xa5fda200, 0xa6a20000)
 compacting perm gen  total 12288K, used 11919K [0xb0a20000, 0xb1620000, 0xb4a20000)
   the space 12288K,  97% used [0xb0a20000, 0xb15c3ec0, 0xb15c4000, 0xb1620000)
No shared spaces configured.

Code Cache  [0xb4aaa000, 0xb4b6a000, 0xb6aaa000)
 total_blobs=397 nmethods=175 adapters=158 free_code_cache=32777600 largest_free_block=0

Dynamic libraries:
08048000-08052000 r-xp 00000000 08:16 1123788    /opt/java/jre/bin/java
08052000-08053000 rwxp 00009000 08:16 1123788    /opt/java/jre/bin/java
090cf000-090f0000 rwxp 00000000 00:00 0          [heap]
9e4ce000-9e4ea000 r-xp 00000000 08:16 1000436    /usr/lib/libgcc_s.so.1
9e4ea000-9e4eb000 rwxp 0001b000 08:16 1000436    /usr/lib/libgcc_s.so.1
9e4eb000-9e5c7000 r-xp 00000000 08:16 66738      /usr/lib/libstdc++.so.6.0.17
9e5c7000-9e5cb000 r-xp 000dc000 08:16 66738      /usr/lib/libstdc++.so.6.0.17
9e5cb000-9e5cc000 rwxp 000e0000 08:16 66738      /usr/lib/libstdc++.so.6.0.17
9e5cc000-9e5d3000 rwxp 00000000 00:00 0 
9e5d3000-9e5f9000 r-xp 00000000 08:16 73699      /usr/lib/libexpat.so.1.6.0
9e5f9000-9e5fa000 ---p 00026000 08:16 73699      /usr/lib/libexpat.so.1.6.0
9e5fa000-9e5fc000 r-xp 00026000 08:16 73699      /usr/lib/libexpat.so.1.6.0
9e5fc000-9e5fd000 rwxp 00028000 08:16 73699      /usr/lib/libexpat.so.1.6.0
9e5fd000-9f479000 r-xp 00000000 08:16 352524     /usr/lib/xorg/modules/dri/r300_dri.so
9f479000-9f47a000 ---p 00e7c000 08:16 352524     /usr/lib/xorg/modules/dri/r300_dri.so
9f47a000-9f4c3000 r-xp 00e7c000 08:16 352524     /usr/lib/xorg/modules/dri/r300_dri.so
9f4c3000-9f4c9000 rwxp 00ec5000 08:16 352524     /usr/lib/xorg/modules/dri/r300_dri.so
9f4c9000-9f6aa000 rwxp 00000000 00:00 0 
9f6aa000-9f6fb000 r-xp 00000000 08:16 73628      /usr/lib/libGL.so.1.2
9f6fb000-9f6fd000 r-xp 00050000 08:16 73628      /usr/lib/libGL.so.1.2
9f6fd000-9f702000 rwxp 00052000 08:16 73628      /usr/lib/libGL.so.1.2
9f726000-9f729000 ---p 00000000 00:00 0 
9f729000-9f777000 rwxp 00000000 00:00 0 
9f777000-9f7d1000 r-xp 00000000 08:17 8143224    /home/andrey/java/workspace-scala/gravitation/target/native/linux/liblwjgl.so
9f7d1000-9f7d2000 ---p 0005a000 08:17 8143224    /home/andrey/java/workspace-scala/gravitation/target/native/linux/liblwjgl.so
9f7d2000-9f7d3000 r-xp 0005a000 08:17 8143224    /home/andrey/java/workspace-scala/gravitation/target/native/linux/liblwjgl.so
9f7d3000-9f7d4000 rwxp 0005b000 08:17 8143224    /home/andrey/java/workspace-scala/gravitation/target/native/linux/liblwjgl.so
9f7d4000-9f7d5000 r-xp 00000000 08:16 1123762    /opt/java/jre/lib/i386/libjawt.so
9f7d5000-9f7d6000 rwxp 00000000 08:16 1123762    /opt/java/jre/lib/i386/libjawt.so
9f7d6000-9f7d9000 ---p 00000000 00:00 0 
9f7d9000-9f827000 rwxp 00000000 00:00 0          [stack:2983]
9f827000-9f82a000 ---p 00000000 00:00 0 
9f82a000-9f878000 rwxp 00000000 00:00 0          [stack:2982]
9f878000-9f8f1000 r-xp 00000000 08:16 1123756    /opt/java/jre/lib/i386/libfontmanager.so
9f8f1000-9f8fb000 rwxp 00078000 08:16 1123756    /opt/java/jre/lib/i386/libfontmanager.so
9f8fb000-9f900000 rwxp 00000000 00:00 0 
9f900000-9f9ac000 rwxp 00000000 00:00 0 
9f9ac000-9fa00000 ---p 00000000 00:00 0 
9fa00000-9fa0b000 r-xp 00000000 08:16 72382      /usr/lib/libdrm.so.2.4.0
9fa0b000-9fa0c000 r-xp 0000a000 08:16 72382      /usr/lib/libdrm.so.2.4.0
9fa0c000-9fa0d000 rwxp 0000b000 08:16 72382      /usr/lib/libdrm.so.2.4.0
9fa0d000-9fa24000 r-xp 00000000 08:16 72413      /usr/lib/libxcb-glx.so.0.0.0
9fa24000-9fa25000 r-xp 00017000 08:16 72413      /usr/lib/libxcb-glx.so.0.0.0
9fa25000-9fa26000 rwxp 00018000 08:16 72413      /usr/lib/libxcb-glx.so.0.0.0
9fa26000-9fa2d000 r-xp 00000000 08:16 1000666    /usr/lib/libXrandr.so.2.2.0
9fa2d000-9fa2e000 r-xp 00006000 08:16 1000666    /usr/lib/libXrandr.so.2.2.0
9fa2e000-9fa2f000 rwxp 00007000 08:16 1000666    /usr/lib/libXrandr.so.2.2.0
9fa2f000-9fa33000 r-xp 00000000 08:16 73416      /usr/lib/libXfixes.so.3.1.0
9fa33000-9fa34000 r-xp 00003000 08:16 73416      /usr/lib/libXfixes.so.3.1.0
9fa34000-9fa35000 rwxp 00004000 08:16 73416      /usr/lib/libXfixes.so.3.1.0
9fa35000-9fa3e000 r-xp 00000000 08:16 1016216    /usr/lib/libXrender.so.1.3.0
9fa3e000-9fa3f000 r-xp 00008000 08:16 1016216    /usr/lib/libXrender.so.1.3.0
9fa3f000-9fa40000 rwxp 00009000 08:16 1016216    /usr/lib/libXrender.so.1.3.0
9fa40000-9fa49000 r-xp 00000000 08:16 1016226    /usr/lib/libXcursor.so.1.0.2
9fa49000-9fa4a000 r-xp 00008000 08:16 1016226    /usr/lib/libXcursor.so.1.0.2
9fa4a000-9fa4b000 rwxp 00009000 08:16 1016226    /usr/lib/libXcursor.so.1.0.2
9fa4b000-9fa50000 r-xp 00000000 08:16 72393      /usr/lib/libXdmcp.so.6.0.0
9fa50000-9fa51000 r-xp 00004000 08:16 72393      /usr/lib/libXdmcp.so.6.0.0
9fa51000-9fa52000 rwxp 00005000 08:16 72393      /usr/lib/libXdmcp.so.6.0.0
9fa52000-9fa54000 r-xp 00000000 08:16 72405      /usr/lib/libXau.so.6.0.0
9fa54000-9fa55000 r-xp 00001000 08:16 72405      /usr/lib/libXau.so.6.0.0
9fa55000-9fa56000 rwxp 00002000 08:16 72405      /usr/lib/libXau.so.6.0.0
9fa56000-9fa76000 r-xp 00000000 08:16 72455      /usr/lib/libxcb.so.1.1.0
9fa76000-9fa77000 r-xp 0001f000 08:16 72455      /usr/lib/libxcb.so.1.1.0
9fa77000-9fa78000 rwxp 00020000 08:16 72455      /usr/lib/libxcb.so.1.1.0
9fa78000-9fa86000 r-xp 00000000 08:16 1000506    /usr/lib/libXi.so.6.1.0
9fa86000-9fa87000 r-xp 0000d000 08:16 1000506    /usr/lib/libXi.so.6.1.0
9fa87000-9fa88000 rwxp 0000e000 08:16 1000506    /usr/lib/libXi.so.6.1.0
9fa88000-9fbba000 r-xp 00000000 08:16 1000437    /usr/lib/libX11.so.6.3.0
9fbba000-9fbbb000 r-xp 00131000 08:16 1000437    /usr/lib/libX11.so.6.3.0
9fbbb000-9fbbe000 rwxp 00132000 08:16 1000437    /usr/lib/libX11.so.6.3.0
9fbbe000-9fbcf000 r-xp 00000000 08:16 1001134    /usr/lib/libXext.so.6.4.0
9fbcf000-9fbd0000 r-xp 00010000 08:16 1001134    /usr/lib/libXext.so.6.4.0
9fbd0000-9fbd1000 rwxp 00011000 08:16 1001134    /usr/lib/libXext.so.6.4.0
9fbd2000-9fbd6000 r-xp 00000000 08:16 73412      /usr/lib/libXxf86vm.so.1.0.0
9fbd6000-9fbd7000 r-xp 00003000 08:16 73412      /usr/lib/libXxf86vm.so.1.0.0
9fbd7000-9fbd8000 rwxp 00004000 08:16 73412      /usr/lib/libXxf86vm.so.1.0.0
9fbd8000-9fbd9000 r-xp 00000000 08:16 1000438    /usr/lib/libX11-xcb.so.1.0.0
9fbd9000-9fbda000 r-xp 00000000 08:16 1000438    /usr/lib/libX11-xcb.so.1.0.0
9fbda000-9fbdb000 rwxp 00001000 08:16 1000438    /usr/lib/libX11-xcb.so.1.0.0
9fbdb000-9fbdd000 r-xp 00000000 08:16 73419      /usr/lib/libXdamage.so.1.1.0
9fbdd000-9fbde000 r-xp 00001000 08:16 73419      /usr/lib/libXdamage.so.1.1.0
9fbde000-9fbdf000 rwxp 00002000 08:16 73419      /usr/lib/libXdamage.so.1.1.0
9fbdf000-9fbee000 r-xp 00000000 08:16 999566     /usr/lib/libglapi.so.0.0.0
9fbee000-9fbf0000 r-xp 0000f000 08:16 999566     /usr/lib/libglapi.so.0.0.0
9fbf0000-9fbf5000 rwxp 00011000 08:16 999566     /usr/lib/libglapi.so.0.0.0
9fbf5000-9fc38000 r-xp 00000000 08:16 1123775    /opt/java/jre/lib/i386/xawt/libmawt.so
9fc38000-9fc3a000 rwxp 00043000 08:16 1123775    /opt/java/jre/lib/i386/xawt/libmawt.so
9fc3a000-9fc3b000 rwxp 00000000 00:00 0 
9fc3b000-9fcc0000 r-xp 00000000 08:16 1123754    /opt/java/jre/lib/i386/libawt.so
9fcc0000-9fcc7000 rwxp 00085000 08:16 1123754    /opt/java/jre/lib/i386/libawt.so
9fcc7000-9fceb000 rwxp 00000000 00:00 0 
9fceb000-9fcff000 r-xp 00000000 08:16 1123743    /opt/java/jre/lib/i386/libnet.so
9fcff000-9fd00000 rwxp 00013000 08:16 1123743    /opt/java/jre/lib/i386/libnet.so
9fd00000-9fe00000 rwxp 00000000 00:00 0 
9fe02000-9fe05000 ---p 00000000 00:00 0 
9fe05000-9fe53000 rwxp 00000000 00:00 0          [stack:2980]
9fe53000-9fe55000 r-xs 00013000 08:17 10223707   /home/andrey/java/idea-IC-117.418/lib/idea_rt.jar
9fe55000-9fe57000 r-xs 0000d000 08:17 5833258    /home/andrey/.m2/repository/jcraft/jorbis/0.0.15/jorbis-0.0.15.jar
9fe57000-9fe58000 r-xs 00002000 08:17 5833254    /home/andrey/.m2/repository/jcraft/jogg/0.0.7/jogg-0.0.7.jar
9fe58000-9fe5a000 r-xs 00008000 08:17 5833172    /home/andrey/.m2/repository/ibxm/ibxm/unknown/ibxm-unknown.jar
9fe5a000-9fe5b000 r-xs 00001000 08:17 6931942    /home/andrey/.m2/repository/javax/jnlp/jnlp/1.2/jnlp-1.2.jar
9fe5b000-9fe5c000 r-xs 00038000 08:17 5842785    /home/andrey/.m2/repository/org/lwjgl/lwjgl-native/2.1.0/lwjgl-native-2.1.0-win32.jar
9fe5c000-9fe5e000 r-xs 00019000 08:17 6931959    /home/andrey/.m2/repository/phys2d/phys2d/060408/phys2d-060408.jar
9fe5e000-9fe69000 r-xs 00093000 08:17 5857808    /home/andrey/.m2/repository/slick/slick/274/slick-274.jar
9fe69000-9fe6d000 r-xs 00027000 08:17 6022007    /home/andrey/.m2/repository/org/lwjgl/lwjgl-util/2.8.2/lwjgl-util-2.8.2.jar
9fe6d000-9fe6e000 r-xs 001ea000 08:17 6022005    /home/andrey/.m2/repository/org/lwjgl/lwjgl-native/2.8.2/lwjgl-native-2.8.2.jar
9fe6e000-9fe73000 r-xs 00030000 08:17 6022006    /home/andrey/.m2/repository/org/lwjgl/lwjgl-jinput/2.8.2/lwjgl-jinput-2.8.2.jar
9fe73000-9fe80000 r-xs 000d5000 08:17 6022004    /home/andrey/.m2/repository/org/lwjgl/lwjgl/2.8.2/lwjgl-2.8.2.jar
9fe80000-9fefd000 r-xs 007f2000 08:17 8118937    /home/andrey/.m2/repository/org/scala-lang/scala-library/2.9.1/scala-library-2.9.1.jar
9fefd000-9fefe000 ---p 00000000 00:00 0 
9fefe000-9ff7e000 rwxp 00000000 00:00 0          [stack:2979]
9ff7e000-9ff81000 ---p 00000000 00:00 0 
9ff81000-9ffcf000 rwxp 00000000 00:00 0          [stack:2978]
9ffcf000-a0100000 r-xp 001c4000 08:16 75650      /usr/lib/locale/locale-archive
a0100000-a0300000 r-xp 00000000 08:16 75650      /usr/lib/locale/locale-archive
a0300000-a0323000 rwxp 00000000 00:00 0 
a0323000-a0400000 ---p 00000000 00:00 0 
a0401000-a040e000 r-xs 000cf000 08:17 8102776    /home/andrey/.m2/repository/org/scala-lang/scala-swing/2.9.1/scala-swing-2.9.1.jar
a040e000-a041f000 r-xs 0034a000 08:16 1122627    /opt/java/jre/lib/deploy.jar
a041f000-a042e000 r-xs 00667000 08:16 1122624    /opt/java/jre/lib/charsets.jar
a042e000-a0431000 ---p 00000000 00:00 0 
a0431000-a04af000 rwxp 00000000 00:00 0          [stack:2977]
a04af000-a04b2000 ---p 00000000 00:00 0 
a04b2000-a0500000 rwxp 00000000 00:00 0          [stack:2976]
a0500000-a05d6000 rwxp 00000000 00:00 0 
a05d6000-a0600000 ---p 00000000 00:00 0 
a0602000-a0607000 r-xp 00000000 08:16 1002938    /usr/lib/libXtst.so.6.1.0
a0607000-a0608000 r-xp 00004000 08:16 1002938    /usr/lib/libXtst.so.6.1.0
a0608000-a0609000 rwxp 00005000 08:16 1002938    /usr/lib/libXtst.so.6.1.0
a0609000-a0612000 r-xs 000d7000 08:16 1122626    /opt/java/jre/lib/javaws.jar
a0612000-a0619000 r-xs 00094000 08:16 1122623    /opt/java/jre/lib/jsse.jar
a0619000-a061c000 ---p 00000000 00:00 0 
a061c000-a066a000 rwxp 00000000 00:00 0          [stack:2975]
a066a000-a066d000 ---p 00000000 00:00 0 
a066d000-a06bb000 rwxp 00000000 00:00 0          [stack:2974]
a06bb000-a06bc000 ---p 00000000 00:00 0 
a06bc000-a0770000 rwxp 00000000 00:00 0          [stack:2973]
a0770000-a0908000 r-xs 03029000 08:16 1122622    /opt/java/jre/lib/rt.jar
a0908000-a090f000 rwxp 00000000 00:00 0 
a090f000-a0929000 rwxp 00000000 00:00 0 
a0929000-a092f000 rwxp 00000000 00:00 0 
a092f000-a097f000 rwxp 00000000 00:00 0 
a097f000-a0982000 rwxp 00000000 00:00 0 
a0982000-a09a9000 rwxp 00000000 00:00 0 
a09a9000-a09af000 rwxp 00000000 00:00 0 
a09af000-a09ff000 rwxp 00000000 00:00 0 
a09ff000-a0a05000 rwxp 00000000 00:00 0 
a0a05000-a0a1f000 rwxp 00000000 00:00 0 
a0a1f000-a0f70000 rwxp 00000000 00:00 0 
a0f70000-a5f70000 rwxp 00000000 00:00 0 
a5f70000-a6a20000 rwxp 00000000 00:00 0 
a6a20000-b0a20000 rwxp 00000000 00:00 0 
b0a20000-b1620000 rwxp 00000000 00:00 0 
b1620000-b4a20000 rwxp 00000000 00:00 0 
b4a20000-b4a21000 r-xp 00000000 08:17 10223991   /home/andrey/java/idea-IC-117.418/bin/libbreakgen.so
b4a21000-b4a22000 rwxp 00000000 08:17 10223991   /home/andrey/java/idea-IC-117.418/bin/libbreakgen.so
b4a22000-b4a2a000 r-xs 00115000 08:16 1122588    /opt/java/jre/lib/resources.jar
b4a2a000-b4a2d000 rwxp 00000000 00:00 0 
b4a2d000-b4aaa000 rwxp 00000000 00:00 0 
b4aaa000-b4b6a000 rwxp 00000000 00:00 0 
b4b6a000-b6aaa000 rwxp 00000000 00:00 0 
b6aaa000-b6ab5000 r-xp 00000000 08:16 65577      /usr/lib/libnss_files-2.16.so
b6ab5000-b6ab6000 r-xp 0000a000 08:16 65577      /usr/lib/libnss_files-2.16.so
b6ab6000-b6ab7000 rwxp 0000b000 08:16 65577      /usr/lib/libnss_files-2.16.so
b6ab9000-b6aca000 r-xs 001ad000 08:16 1122625    /opt/java/jre/lib/plugin.jar
b6aca000-b6ad9000 r-xp 00000000 08:16 1123739    /opt/java/jre/lib/i386/libzip.so
b6ad9000-b6adb000 rwxp 0000e000 08:16 1123739    /opt/java/jre/lib/i386/libzip.so
b6adb000-b6afe000 r-xp 00000000 08:16 1123738    /opt/java/jre/lib/i386/libjava.so
b6afe000-b6b00000 rwxp 00023000 08:16 1123738    /opt/java/jre/lib/i386/libjava.so
b6b00000-b6bff000 rwxp 00000000 00:00 0 
b6bff000-b6c00000 ---p 00000000 00:00 0 
b6c02000-b6c0a000 r-xs 00049000 08:17 8119493    /home/andrey/.m2/repository/ch/qos/logback/logback-core/1.0.0/logback-core-1.0.0.jar
b6c0a000-b6c1f000 r-xp 00000000 08:16 65590      /usr/lib/libnsl-2.16.so
b6c1f000-b6c20000 r-xp 00014000 08:16 65590      /usr/lib/libnsl-2.16.so
b6c20000-b6c21000 rwxp 00015000 08:16 65590      /usr/lib/libnsl-2.16.so
b6c21000-b6c23000 rwxp 00000000 00:00 0 
b6c23000-b6c2a000 r-xp 00000000 08:16 65580      /usr/lib/librt-2.16.so
b6c2a000-b6c2b000 r-xp 00006000 08:16 65580      /usr/lib/librt-2.16.so
b6c2b000-b6c2c000 rwxp 00007000 08:16 65580      /usr/lib/librt-2.16.so
b6c2c000-b6c2f000 ---p 00000000 00:00 0 
b6c2f000-b6c7d000 rwxp 00000000 00:00 0          [stack:2972]
b6c7d000-b6cbb000 r-xp 00000000 08:16 65563      /usr/lib/libm-2.16.so
b6cbb000-b6cbc000 r-xp 0003d000 08:16 65563      /usr/lib/libm-2.16.so
b6cbc000-b6cbd000 rwxp 0003e000 08:16 65563      /usr/lib/libm-2.16.so
b6cbd000-b719e000 r-xp 00000000 08:16 1123781    /opt/java/jre/lib/i386/client/libjvm.so
b719e000-b71c1000 rwxp 004e1000 08:16 1123781    /opt/java/jre/lib/i386/client/libjvm.so
b71c1000-b75de000 rwxp 00000000 00:00 0 
b75de000-b777d000 r-xp 00000000 08:16 65568      /usr/lib/libc-2.16.so
b777d000-b777e000 ---p 0019f000 08:16 65568      /usr/lib/libc-2.16.so
b777e000-b7780000 r-xp 0019f000 08:16 65568      /usr/lib/libc-2.16.so
b7780000-b7781000 rwxp 001a1000 08:16 65568      /usr/lib/libc-2.16.so
b7781000-b7785000 rwxp 00000000 00:00 0 
b7785000-b7788000 r-xp 00000000 08:16 65589      /usr/lib/libdl-2.16.so
b7788000-b7789000 r-xp 00002000 08:16 65589      /usr/lib/libdl-2.16.so
b7789000-b778a000 rwxp 00003000 08:16 65589      /usr/lib/libdl-2.16.so
b778a000-b7791000 r-xp 00000000 08:16 1123776    /opt/java/jre/lib/i386/jli/libjli.so
b7791000-b7793000 rwxp 00006000 08:16 1123776    /opt/java/jre/lib/i386/jli/libjli.so
b7793000-b77aa000 r-xp 00000000 08:16 65573      /usr/lib/libpthread-2.16.so
b77aa000-b77ab000 r-xp 00016000 08:16 65573      /usr/lib/libpthread-2.16.so
b77ab000-b77ac000 rwxp 00017000 08:16 65573      /usr/lib/libpthread-2.16.so
b77ac000-b77ae000 rwxp 00000000 00:00 0 
b77ae000-b77b0000 r-xs 00003000 08:17 6922525    /home/andrey/.m2/repository/com/weiglewilczek/slf4s/slf4s_2.9.1/1.0.7/slf4s_2.9.1-1.0.7.jar
b77b0000-b77b2000 r-xs 00005000 08:17 8119031    /home/andrey/.m2/repository/org/slf4j/slf4j-api/1.6.1/slf4j-api-1.6.1.jar
b77b2000-b77b8000 r-xs 00037000 08:17 8119495    /home/andrey/.m2/repository/ch/qos/logback/logback-classic/1.0.0/logback-classic-1.0.0.jar
b77b8000-b77b9000 r-xs 00000000 08:16 1122583    /opt/java/jre/lib/management-agent.jar
b77b9000-b77bc000 r-xs 00013000 08:16 1122571    /opt/java/jre/lib/jce.jar
b77bc000-b77c4000 rwxs 00000000 08:16 1305960    /tmp/hsperfdata_andrey/2971
b77c4000-b77c5000 rwxp 00000000 00:00 0 
b77c5000-b77c6000 r-xp 00000000 00:00 0 
b77c6000-b77d1000 r-xp 00000000 08:16 1123737    /opt/java/jre/lib/i386/libverify.so
b77d1000-b77d2000 rwxp 0000b000 08:16 1123737    /opt/java/jre/lib/i386/libverify.so
b77d2000-b77d3000 rwxp 00000000 00:00 0 
b77d3000-b77d4000 r-xp 00000000 00:00 0          [vdso]
b77d4000-b77f4000 r-xp 00000000 08:16 65581      /usr/lib/ld-2.16.so
b77f4000-b77f5000 r-xp 0001f000 08:16 65581      /usr/lib/ld-2.16.so
b77f5000-b77f6000 rwxp 00020000 08:16 65581      /usr/lib/ld-2.16.so
bfdcf000-bfdf1000 rwxp 00000000 00:00 0          [stack]

VM Arguments:
jvm_args: -Dscage.properties=orbita.properties -Djava.library.path=target/native/linux -DLWJGL_DISABLE_XRANDR=true -Didea.launcher.port=7537 -Didea.launcher.bin.path=/home/andrey/java/idea-IC-117.418/bin -Dfile.encoding=UTF-8 
java_command: com.intellij.rt.execution.application.AppMain su.msk.dunno.scage.tutorials.gravitation.Orbita
Launcher Type: SUN_STANDARD

Environment Variables:
JAVA_HOME=/opt/java
CLASSPATH=../lib/bootstrap.jar:../lib/extensions.jar:../lib/util.jar:../lib/jdom.jar:../lib/log4j.jar:../lib/trove4j.jar:../lib/jna.jar:/opt/java/lib/tools.jar
PATH=/usr/lib/nx/bin:/usr/local/bin:/usr/bin:/bin:/usr/local/sbin:/usr/sbin:/sbin:/opt/android-sdk/platform-tools:/opt/android-sdk/tools:/opt/java/bin:/opt/java/db/bin:/opt/java/jre/bin:/usr/bin/vendor_perl:/usr/bin/core_perl
USERNAME=andrey
LD_LIBRARY_PATH=/opt/java/jre/lib/i386/client:/opt/java/jre/lib/i386:/opt/java/jre/../lib/i386:/home/andrey/java/idea-IC-117.418/bin:
SHELL=/bin/zsh
DISPLAY=:0.0

Signal Handlers:
SIGSEGV: [libjvm.so+0x469ec0], sa_mask[0]=0x7ffbfeff, sa_flags=0x10000004
SIGBUS: [libjvm.so+0x469ec0], sa_mask[0]=0x7ffbfeff, sa_flags=0x10000004
SIGFPE: [libjvm.so+0x38bf10], sa_mask[0]=0x7ffbfeff, sa_flags=0x10000004
SIGPIPE: [libjvm.so+0x38bf10], sa_mask[0]=0x7ffbfeff, sa_flags=0x10000004
SIGXFSZ: [libjvm.so+0x38bf10], sa_mask[0]=0x7ffbfeff, sa_flags=0x10000004
SIGILL: [libjvm.so+0x38bf10], sa_mask[0]=0x7ffbfeff, sa_flags=0x10000004
SIGUSR1: SIG_DFL, sa_mask[0]=0x00000000, sa_flags=0x00000000
SIGUSR2: [libjvm.so+0x38f150], sa_mask[0]=0x00000004, sa_flags=0x10000004
SIGHUP: [libjvm.so+0x38ed30], sa_mask[0]=0x7ffbfeff, sa_flags=0x10000004
SIGINT: [libjvm.so+0x38ed30], sa_mask[0]=0x7ffbfeff, sa_flags=0x10000004
SIGTERM: [libjvm.so+0x38ed30], sa_mask[0]=0x7ffbfeff, sa_flags=0x10000004
SIGQUIT: [libjvm.so+0x38ed30], sa_mask[0]=0x7ffbfeff, sa_flags=0x10000004


---------------  S Y S T E M  ---------------

OS:Linux
uname:Linux 3.4.4-3-ARCH #1 SMP PREEMPT Tue Jul 3 15:35:13 UTC 2012 i686
libc:glibc 2.16 NPTL 2.16 
rlimit: STACK 8192k, CORE 0k, NPROC 28305, NOFILE 4096, AS infinity
load average:1.52 1.40 1.48

/proc/meminfo:
MemTotal:        3626448 kB
MemFree:          808604 kB
Buffers:           81860 kB
Cached:           325400 kB
SwapCached:        86008 kB
Active:          1657964 kB
Inactive:         921796 kB
Active(anon):    1521880 kB
Inactive(anon):   665824 kB
Active(file):     136084 kB
Inactive(file):   255972 kB
Unevictable:         332 kB
Mlocked:             332 kB
HighTotal:       2760648 kB
HighFree:         509000 kB
LowTotal:         865800 kB
LowFree:          299604 kB
SwapTotal:       3963028 kB
SwapFree:        3162092 kB
Dirty:               268 kB
Writeback:             0 kB
AnonPages:       2132568 kB
Mapped:           107796 kB
Shmem:             15204 kB
Slab:              92084 kB
SReclaimable:      62832 kB
SUnreclaim:        29252 kB
KernelStack:        5248 kB
PageTables:        12240 kB
NFS_Unstable:          0 kB
Bounce:                0 kB
WritebackTmp:          0 kB
CommitLimit:     5776252 kB
Committed_AS:    7573740 kB
VmallocTotal:     122880 kB
VmallocUsed:       37236 kB
VmallocChunk:      63064 kB
HardwareCorrupted:     0 kB
AnonHugePages:   1306624 kB
HugePages_Total:       0
HugePages_Free:        0
HugePages_Rsvd:        0
HugePages_Surp:        0
Hugepagesize:       4096 kB
DirectMap4k:       57336 kB
DirectMap4M:      851968 kB


CPU:total 2 (2 cores per cpu, 1 threads per core) family 15 model 6 stepping 2, cmov, cx8, fxsr, mmx, sse, sse2, sse3

/proc/cpuinfo:
processor	: 0
vendor_id	: GenuineIntel
cpu family	: 15
model		: 6
model name	: Intel(R) Pentium(R) D CPU 3.00GHz
stepping	: 2
microcode	: 0xf
cpu MHz		: 3014.617
cache size	: 2048 KB
physical id	: 0
siblings	: 2
core id		: 0
cpu cores	: 2
apicid		: 0
initial apicid	: 0
fdiv_bug	: no
hlt_bug		: no
f00f_bug	: no
coma_bug	: no
fpu		: yes
fpu_exception	: yes
cpuid level	: 6
wp		: yes
flags		: fpu vme de pse tsc msr pae mce cx8 apic sep mtrr pge mca cmov pat pse36 clflush dts acpi mmx fxsr sse sse2 ss ht tm pbe nx lm constant_tsc pebs bts pni dtes64 monitor ds_cpl vmx cid cx16 xtpr pdcm lahf_lm tpr_shadow
bogomips	: 6031.45
clflush size	: 64
cache_alignment	: 128
address sizes	: 36 bits physical, 48 bits virtual
power management:

processor	: 1
vendor_id	: GenuineIntel
cpu family	: 15
model		: 6
model name	: Intel(R) Pentium(R) D CPU 3.00GHz
stepping	: 2
microcode	: 0xf
cpu MHz		: 3014.617
cache size	: 2048 KB
physical id	: 0
siblings	: 2
core id		: 1
cpu cores	: 2
apicid		: 1
initial apicid	: 1
fdiv_bug	: no
hlt_bug		: no
f00f_bug	: no
coma_bug	: no
fpu		: yes
fpu_exception	: yes
cpuid level	: 6
wp		: yes
flags		: fpu vme de pse tsc msr pae mce cx8 apic sep mtrr pge mca cmov pat pse36 clflush dts acpi mmx fxsr sse sse2 ss ht tm pbe nx lm constant_tsc pebs bts pni dtes64 monitor ds_cpl vmx cid cx16 xtpr pdcm lahf_lm tpr_shadow
bogomips	: 6031.45
clflush size	: 64
cache_alignment	: 128
address sizes	: 36 bits physical, 48 bits virtual
power management:



Memory: 4k page, physical 3626448k(809224k free), swap 3963028k(3162092k free)

vm_info: Java HotSpot(TM) Client VM (20.1-b02) for linux-x86 JRE (1.6.0_26-b03), built on May  4 2011 01:23:42 by "java_re" with gcc 3.2.1-7a (J2SE release)

time: Tue Sep 18 13:19:02 2012
elapsed time: 1 seconds

